{"/Users/andremontenegro/true label /server/src/index-managed.js": {"path":"/Users/andremontenegro/true label /server/src/index-managed.js","statementMap":{"0":{"start":{"line":11,"column":16},"end":{"line":11,"column":34}},"1":{"start":{"line":12,"column":13},"end":{"line":12,"column":28}},"2":{"start":{"line":13,"column":0},"end":{"line":13,"column":27}},"3":{"start":{"line":15,"column":12},"end":{"line":15,"column":21}},"4":{"start":{"line":16,"column":13},"end":{"line":16,"column":37}},"5":{"start":{"line":23,"column":0},"end":{"line":34,"column":4}},"6":{"start":{"line":36,"column":0},"end":{"line":36,"column":24}},"7":{"start":{"line":39,"column":0},"end":{"line":42,"column":3}},"8":{"start":{"line":40,"column":2},"end":{"line":40,"column":73}},"9":{"start":{"line":41,"column":2},"end":{"line":41,"column":9}},"10":{"start":{"line":45,"column":21},"end":{"line":56,"column":1}},"11":{"start":{"line":46,"column":16},"end":{"line":46,"column":65}},"12":{"start":{"line":47,"column":2},"end":{"line":53,"column":3}},"13":{"start":{"line":48,"column":4},"end":{"line":52,"column":7}},"14":{"start":{"line":54,"column":2},"end":{"line":54,"column":70}},"15":{"start":{"line":55,"column":2},"end":{"line":55,"column":9}},"16":{"start":{"line":63,"column":0},"end":{"line":71,"column":3}},"17":{"start":{"line":64,"column":2},"end":{"line":70,"column":5}},"18":{"start":{"line":74,"column":0},"end":{"line":128,"column":3}},"19":{"start":{"line":75,"column":2},"end":{"line":127,"column":3}},"20":{"start":{"line":76,"column":17},"end":{"line":76,"column":32}},"21":{"start":{"line":77,"column":15},"end":{"line":77,"column":28}},"22":{"start":{"line":80,"column":26},"end":{"line":86,"column":5}},"23":{"start":{"line":88,"column":19},"end":{"line":88,"column":23}},"24":{"start":{"line":89,"column":23},"end":{"line":89,"column":27}},"25":{"start":{"line":91,"column":4},"end":{"line":97,"column":5}},"26":{"start":{"line":92,"column":6},"end":{"line":96,"column":7}},"27":{"start":{"line":93,"column":8},"end":{"line":93,"column":69}},"28":{"start":{"line":94,"column":8},"end":{"line":94,"column":36}},"29":{"start":{"line":95,"column":8},"end":{"line":95,"column":14}},"30":{"start":{"line":99,"column":4},"end":{"line":120,"column":5}},"31":{"start":{"line":100,"column":6},"end":{"line":112,"column":9}},"32":{"start":{"line":114,"column":6},"end":{"line":119,"column":9}},"33":{"start":{"line":122,"column":4},"end":{"line":126,"column":7}},"34":{"start":{"line":135,"column":0},"end":{"line":171,"column":3}},"35":{"start":{"line":136,"column":2},"end":{"line":170,"column":3}},"36":{"start":{"line":137,"column":32},"end":{"line":137,"column":40}},"37":{"start":{"line":140,"column":4},"end":{"line":142,"column":5}},"38":{"start":{"line":141,"column":6},"end":{"line":141,"column":84}},"39":{"start":{"line":143,"column":4},"end":{"line":145,"column":5}},"40":{"start":{"line":144,"column":6},"end":{"line":144,"column":87}},"41":{"start":{"line":148,"column":4},"end":{"line":166,"column":5}},"42":{"start":{"line":149,"column":23},"end":{"line":158,"column":7}},"43":{"start":{"line":159,"column":6},"end":{"line":159,"column":25}},"44":{"start":{"line":161,"column":6},"end":{"line":165,"column":9}},"45":{"start":{"line":168,"column":4},"end":{"line":168,"column":48}},"46":{"start":{"line":169,"column":4},"end":{"line":169,"column":79}},"47":{"start":{"line":174,"column":0},"end":{"line":185,"column":3}},"48":{"start":{"line":175,"column":2},"end":{"line":184,"column":3}},"49":{"start":{"line":176,"column":21},"end":{"line":179,"column":5}},"50":{"start":{"line":180,"column":4},"end":{"line":180,"column":23}},"51":{"start":{"line":182,"column":4},"end":{"line":182,"column":49}},"52":{"start":{"line":183,"column":4},"end":{"line":183,"column":79}},"53":{"start":{"line":188,"column":0},"end":{"line":210,"column":3}},"54":{"start":{"line":189,"column":2},"end":{"line":209,"column":3}},"55":{"start":{"line":190,"column":21},"end":{"line":204,"column":5}},"56":{"start":{"line":205,"column":4},"end":{"line":205,"column":23}},"57":{"start":{"line":207,"column":4},"end":{"line":207,"column":50}},"58":{"start":{"line":208,"column":4},"end":{"line":208,"column":79}},"59":{"start":{"line":217,"column":0},"end":{"line":249,"column":3}},"60":{"start":{"line":218,"column":2},"end":{"line":248,"column":3}},"61":{"start":{"line":219,"column":45},"end":{"line":219,"column":54}},"62":{"start":{"line":221,"column":25},"end":{"line":231,"column":5}},"63":{"start":{"line":233,"column":21},"end":{"line":242,"column":5}},"64":{"start":{"line":244,"column":4},"end":{"line":244,"column":23}},"65":{"start":{"line":246,"column":4},"end":{"line":246,"column":51}},"66":{"start":{"line":247,"column":4},"end":{"line":247,"column":79}},"67":{"start":{"line":252,"column":0},"end":{"line":290,"column":3}},"68":{"start":{"line":253,"column":2},"end":{"line":289,"column":3}},"69":{"start":{"line":254,"column":59},"end":{"line":254,"column":67}},"70":{"start":{"line":257,"column":4},"end":{"line":259,"column":5}},"71":{"start":{"line":258,"column":6},"end":{"line":258,"column":83}},"72":{"start":{"line":260,"column":4},"end":{"line":262,"column":5}},"73":{"start":{"line":261,"column":6},"end":{"line":261,"column":84}},"74":{"start":{"line":264,"column":23},"end":{"line":277,"column":5}},"75":{"start":{"line":279,"column":21},"end":{"line":283,"column":5}},"76":{"start":{"line":285,"column":4},"end":{"line":285,"column":23}},"77":{"start":{"line":287,"column":4},"end":{"line":287,"column":53}},"78":{"start":{"line":288,"column":4},"end":{"line":288,"column":79}},"79":{"start":{"line":293,"column":0},"end":{"line":317,"column":3}},"80":{"start":{"line":294,"column":2},"end":{"line":316,"column":3}},"81":{"start":{"line":295,"column":19},"end":{"line":295,"column":29}},"82":{"start":{"line":297,"column":20},"end":{"line":305,"column":5}},"83":{"start":{"line":307,"column":21},"end":{"line":310,"column":5}},"84":{"start":{"line":312,"column":4},"end":{"line":312,"column":23}},"85":{"start":{"line":314,"column":4},"end":{"line":314,"column":50}},"86":{"start":{"line":315,"column":4},"end":{"line":315,"column":79}},"87":{"start":{"line":320,"column":0},"end":{"line":348,"column":3}},"88":{"start":{"line":321,"column":2},"end":{"line":347,"column":3}},"89":{"start":{"line":322,"column":19},"end":{"line":322,"column":29}},"90":{"start":{"line":323,"column":59},"end":{"line":323,"column":67}},"91":{"start":{"line":325,"column":27},"end":{"line":335,"column":5}},"92":{"start":{"line":337,"column":21},"end":{"line":341,"column":5}},"93":{"start":{"line":343,"column":4},"end":{"line":343,"column":23}},"94":{"start":{"line":345,"column":4},"end":{"line":345,"column":53}},"95":{"start":{"line":346,"column":4},"end":{"line":346,"column":79}},"96":{"start":{"line":351,"column":0},"end":{"line":365,"column":3}},"97":{"start":{"line":352,"column":2},"end":{"line":364,"column":3}},"98":{"start":{"line":353,"column":19},"end":{"line":353,"column":29}},"99":{"start":{"line":355,"column":21},"end":{"line":358,"column":5}},"100":{"start":{"line":360,"column":4},"end":{"line":360,"column":23}},"101":{"start":{"line":362,"column":4},"end":{"line":362,"column":53}},"102":{"start":{"line":363,"column":4},"end":{"line":363,"column":79}},"103":{"start":{"line":372,"column":0},"end":{"line":384,"column":3}},"104":{"start":{"line":373,"column":2},"end":{"line":383,"column":3}},"105":{"start":{"line":374,"column":21},"end":{"line":378,"column":5}},"106":{"start":{"line":379,"column":4},"end":{"line":379,"column":23}},"107":{"start":{"line":381,"column":4},"end":{"line":381,"column":56}},"108":{"start":{"line":382,"column":4},"end":{"line":382,"column":79}},"109":{"start":{"line":391,"column":0},"end":{"line":410,"column":3}},"110":{"start":{"line":392,"column":2},"end":{"line":409,"column":3}},"111":{"start":{"line":393,"column":16},"end":{"line":393,"column":26}},"112":{"start":{"line":394,"column":21},"end":{"line":404,"column":5}},"113":{"start":{"line":405,"column":4},"end":{"line":405,"column":23}},"114":{"start":{"line":407,"column":4},"end":{"line":407,"column":54}},"115":{"start":{"line":408,"column":4},"end":{"line":408,"column":79}},"116":{"start":{"line":413,"column":0},"end":{"line":425,"column":3}},"117":{"start":{"line":414,"column":2},"end":{"line":424,"column":3}},"118":{"start":{"line":415,"column":21},"end":{"line":419,"column":5}},"119":{"start":{"line":420,"column":4},"end":{"line":420,"column":23}},"120":{"start":{"line":422,"column":4},"end":{"line":422,"column":55}},"121":{"start":{"line":423,"column":4},"end":{"line":423,"column":79}},"122":{"start":{"line":428,"column":0},"end":{"line":446,"column":3}},"123":{"start":{"line":429,"column":2},"end":{"line":445,"column":3}},"124":{"start":{"line":430,"column":21},"end":{"line":440,"column":5}},"125":{"start":{"line":441,"column":4},"end":{"line":441,"column":23}},"126":{"start":{"line":443,"column":4},"end":{"line":443,"column":57}},"127":{"start":{"line":444,"column":4},"end":{"line":444,"column":79}},"128":{"start":{"line":449,"column":0},"end":{"line":461,"column":3}},"129":{"start":{"line":450,"column":2},"end":{"line":460,"column":3}},"130":{"start":{"line":451,"column":21},"end":{"line":455,"column":5}},"131":{"start":{"line":456,"column":4},"end":{"line":456,"column":23}},"132":{"start":{"line":458,"column":4},"end":{"line":458,"column":58}},"133":{"start":{"line":459,"column":4},"end":{"line":459,"column":79}},"134":{"start":{"line":464,"column":0},"end":{"line":476,"column":3}},"135":{"start":{"line":465,"column":2},"end":{"line":475,"column":3}},"136":{"start":{"line":466,"column":21},"end":{"line":470,"column":5}},"137":{"start":{"line":471,"column":4},"end":{"line":471,"column":23}},"138":{"start":{"line":473,"column":4},"end":{"line":473,"column":70}},"139":{"start":{"line":474,"column":4},"end":{"line":474,"column":79}},"140":{"start":{"line":479,"column":0},"end":{"line":491,"column":3}},"141":{"start":{"line":480,"column":2},"end":{"line":490,"column":3}},"142":{"start":{"line":481,"column":21},"end":{"line":485,"column":5}},"143":{"start":{"line":486,"column":4},"end":{"line":486,"column":23}},"144":{"start":{"line":488,"column":4},"end":{"line":488,"column":69}},"145":{"start":{"line":489,"column":4},"end":{"line":489,"column":79}},"146":{"start":{"line":494,"column":0},"end":{"line":520,"column":3}},"147":{"start":{"line":495,"column":2},"end":{"line":519,"column":3}},"148":{"start":{"line":496,"column":21},"end":{"line":514,"column":5}},"149":{"start":{"line":515,"column":4},"end":{"line":515,"column":23}},"150":{"start":{"line":517,"column":4},"end":{"line":517,"column":66}},"151":{"start":{"line":518,"column":4},"end":{"line":518,"column":79}},"152":{"start":{"line":527,"column":0},"end":{"line":539,"column":3}},"153":{"start":{"line":528,"column":2},"end":{"line":538,"column":3}},"154":{"start":{"line":529,"column":21},"end":{"line":533,"column":5}},"155":{"start":{"line":534,"column":4},"end":{"line":534,"column":23}},"156":{"start":{"line":536,"column":4},"end":{"line":536,"column":57}},"157":{"start":{"line":537,"column":4},"end":{"line":537,"column":79}},"158":{"start":{"line":542,"column":0},"end":{"line":554,"column":3}},"159":{"start":{"line":543,"column":2},"end":{"line":553,"column":3}},"160":{"start":{"line":544,"column":21},"end":{"line":548,"column":5}},"161":{"start":{"line":549,"column":4},"end":{"line":549,"column":23}},"162":{"start":{"line":551,"column":4},"end":{"line":551,"column":59}},"163":{"start":{"line":552,"column":4},"end":{"line":552,"column":79}},"164":{"start":{"line":557,"column":0},"end":{"line":571,"column":3}},"165":{"start":{"line":558,"column":2},"end":{"line":570,"column":3}},"166":{"start":{"line":559,"column":21},"end":{"line":565,"column":5}},"167":{"start":{"line":566,"column":4},"end":{"line":566,"column":23}},"168":{"start":{"line":568,"column":4},"end":{"line":568,"column":63}},"169":{"start":{"line":569,"column":4},"end":{"line":569,"column":79}},"170":{"start":{"line":578,"column":0},"end":{"line":590,"column":3}},"171":{"start":{"line":579,"column":2},"end":{"line":589,"column":3}},"172":{"start":{"line":580,"column":21},"end":{"line":584,"column":5}},"173":{"start":{"line":585,"column":4},"end":{"line":585,"column":23}},"174":{"start":{"line":587,"column":4},"end":{"line":587,"column":50}},"175":{"start":{"line":588,"column":4},"end":{"line":588,"column":79}},"176":{"start":{"line":593,"column":0},"end":{"line":623,"column":3}},"177":{"start":{"line":594,"column":2},"end":{"line":622,"column":3}},"178":{"start":{"line":595,"column":45},"end":{"line":595,"column":53}},"179":{"start":{"line":597,"column":4},"end":{"line":599,"column":5}},"180":{"start":{"line":598,"column":6},"end":{"line":598,"column":84}},"181":{"start":{"line":601,"column":22},"end":{"line":610,"column":5}},"182":{"start":{"line":612,"column":21},"end":{"line":616,"column":5}},"183":{"start":{"line":618,"column":4},"end":{"line":618,"column":23}},"184":{"start":{"line":620,"column":4},"end":{"line":620,"column":52}},"185":{"start":{"line":621,"column":4},"end":{"line":621,"column":79}},"186":{"start":{"line":630,"column":0},"end":{"line":657,"column":3}},"187":{"start":{"line":631,"column":2},"end":{"line":656,"column":3}},"188":{"start":{"line":632,"column":21},"end":{"line":651,"column":5}},"189":{"start":{"line":652,"column":4},"end":{"line":652,"column":23}},"190":{"start":{"line":654,"column":4},"end":{"line":654,"column":50}},"191":{"start":{"line":655,"column":4},"end":{"line":655,"column":79}},"192":{"start":{"line":664,"column":0},"end":{"line":745,"column":3}},"193":{"start":{"line":665,"column":2},"end":{"line":744,"column":3}},"194":{"start":{"line":666,"column":53},"end":{"line":666,"column":62}},"195":{"start":{"line":669,"column":23},"end":{"line":706,"column":5}},"196":{"start":{"line":709,"column":4},"end":{"line":716,"column":5}},"197":{"start":{"line":710,"column":26},"end":{"line":710,"column":46}},"198":{"start":{"line":711,"column":6},"end":{"line":715,"column":8}},"199":{"start":{"line":712,"column":8},"end":{"line":714,"column":53}},"200":{"start":{"line":719,"column":4},"end":{"line":722,"column":5}},"201":{"start":{"line":720,"column":23},"end":{"line":720,"column":40}},"202":{"start":{"line":721,"column":6},"end":{"line":721,"column":75}},"203":{"start":{"line":721,"column":48},"end":{"line":721,"column":73}},"204":{"start":{"line":725,"column":23},"end":{"line":725,"column":41}},"205":{"start":{"line":726,"column":21},"end":{"line":726,"column":49}},"206":{"start":{"line":727,"column":26},"end":{"line":727,"column":66}},"207":{"start":{"line":729,"column":21},"end":{"line":738,"column":5}},"208":{"start":{"line":740,"column":4},"end":{"line":740,"column":23}},"209":{"start":{"line":742,"column":4},"end":{"line":742,"column":55}},"210":{"start":{"line":743,"column":4},"end":{"line":743,"column":79}},"211":{"start":{"line":748,"column":0},"end":{"line":793,"column":3}},"212":{"start":{"line":749,"column":2},"end":{"line":792,"column":3}},"213":{"start":{"line":750,"column":59},"end":{"line":750,"column":67}},"214":{"start":{"line":753,"column":4},"end":{"line":758,"column":5}},"215":{"start":{"line":754,"column":6},"end":{"line":757,"column":9}},"216":{"start":{"line":761,"column":23},"end":{"line":761,"column":51}},"217":{"start":{"line":762,"column":4},"end":{"line":767,"column":5}},"218":{"start":{"line":763,"column":6},"end":{"line":766,"column":9}},"219":{"start":{"line":769,"column":26},"end":{"line":780,"column":5}},"220":{"start":{"line":782,"column":21},"end":{"line":786,"column":5}},"221":{"start":{"line":788,"column":4},"end":{"line":788,"column":23}},"222":{"start":{"line":790,"column":4},"end":{"line":790,"column":57}},"223":{"start":{"line":791,"column":4},"end":{"line":791,"column":79}},"224":{"start":{"line":796,"column":0},"end":{"line":827,"column":3}},"225":{"start":{"line":797,"column":2},"end":{"line":826,"column":3}},"226":{"start":{"line":798,"column":19},"end":{"line":798,"column":29}},"227":{"start":{"line":801,"column":23},"end":{"line":815,"column":5}},"228":{"start":{"line":817,"column":21},"end":{"line":820,"column":5}},"229":{"start":{"line":822,"column":4},"end":{"line":822,"column":23}},"230":{"start":{"line":824,"column":4},"end":{"line":824,"column":54}},"231":{"start":{"line":825,"column":4},"end":{"line":825,"column":79}},"232":{"start":{"line":830,"column":0},"end":{"line":867,"column":3}},"233":{"start":{"line":831,"column":2},"end":{"line":866,"column":3}},"234":{"start":{"line":832,"column":19},"end":{"line":832,"column":29}},"235":{"start":{"line":833,"column":59},"end":{"line":833,"column":67}},"236":{"start":{"line":836,"column":4},"end":{"line":841,"column":5}},"237":{"start":{"line":837,"column":6},"end":{"line":840,"column":9}},"238":{"start":{"line":843,"column":30},"end":{"line":854,"column":5}},"239":{"start":{"line":856,"column":21},"end":{"line":860,"column":5}},"240":{"start":{"line":862,"column":4},"end":{"line":862,"column":23}},"241":{"start":{"line":864,"column":4},"end":{"line":864,"column":57}},"242":{"start":{"line":865,"column":4},"end":{"line":865,"column":79}},"243":{"start":{"line":870,"column":0},"end":{"line":884,"column":3}},"244":{"start":{"line":871,"column":2},"end":{"line":883,"column":3}},"245":{"start":{"line":872,"column":19},"end":{"line":872,"column":29}},"246":{"start":{"line":874,"column":21},"end":{"line":877,"column":5}},"247":{"start":{"line":879,"column":4},"end":{"line":879,"column":23}},"248":{"start":{"line":881,"column":4},"end":{"line":881,"column":57}},"249":{"start":{"line":882,"column":4},"end":{"line":882,"column":79}},"250":{"start":{"line":887,"column":0},"end":{"line":924,"column":3}},"251":{"start":{"line":888,"column":2},"end":{"line":923,"column":3}},"252":{"start":{"line":889,"column":19},"end":{"line":889,"column":29}},"253":{"start":{"line":891,"column":18},"end":{"line":912,"column":5}},"254":{"start":{"line":914,"column":21},"end":{"line":917,"column":5}},"255":{"start":{"line":919,"column":4},"end":{"line":919,"column":23}},"256":{"start":{"line":921,"column":4},"end":{"line":921,"column":56}},"257":{"start":{"line":922,"column":4},"end":{"line":922,"column":79}},"258":{"start":{"line":927,"column":0},"end":{"line":984,"column":3}},"259":{"start":{"line":928,"column":2},"end":{"line":983,"column":3}},"260":{"start":{"line":929,"column":19},"end":{"line":929,"column":29}},"261":{"start":{"line":930,"column":45},"end":{"line":930,"column":54}},"262":{"start":{"line":933,"column":18},"end":{"line":956,"column":5}},"263":{"start":{"line":959,"column":4},"end":{"line":961,"column":5}},"264":{"start":{"line":960,"column":6},"end":{"line":960,"column":67}},"265":{"start":{"line":960,"column":41},"end":{"line":960,"column":65}},"266":{"start":{"line":964,"column":23},"end":{"line":964,"column":41}},"267":{"start":{"line":965,"column":21},"end":{"line":965,"column":49}},"268":{"start":{"line":966,"column":29},"end":{"line":966,"column":64}},"269":{"start":{"line":968,"column":21},"end":{"line":977,"column":5}},"270":{"start":{"line":979,"column":4},"end":{"line":979,"column":23}},"271":{"start":{"line":981,"column":4},"end":{"line":981,"column":58}},"272":{"start":{"line":982,"column":4},"end":{"line":982,"column":79}},"273":{"start":{"line":987,"column":0},"end":{"line":1023,"column":3}},"274":{"start":{"line":988,"column":2},"end":{"line":1022,"column":3}},"275":{"start":{"line":989,"column":19},"end":{"line":989,"column":29}},"276":{"start":{"line":990,"column":25},"end":{"line":990,"column":33}},"277":{"start":{"line":992,"column":4},"end":{"line":997,"column":5}},"278":{"start":{"line":993,"column":6},"end":{"line":996,"column":9}},"279":{"start":{"line":999,"column":30},"end":{"line":1010,"column":5}},"280":{"start":{"line":1012,"column":21},"end":{"line":1016,"column":5}},"281":{"start":{"line":1018,"column":4},"end":{"line":1018,"column":23}},"282":{"start":{"line":1020,"column":4},"end":{"line":1020,"column":63}},"283":{"start":{"line":1021,"column":4},"end":{"line":1021,"column":79}},"284":{"start":{"line":1030,"column":0},"end":{"line":1059,"column":3}},"285":{"start":{"line":1031,"column":2},"end":{"line":1058,"column":3}},"286":{"start":{"line":1032,"column":32},"end":{"line":1032,"column":40}},"287":{"start":{"line":1034,"column":4},"end":{"line":1036,"column":5}},"288":{"start":{"line":1035,"column":6},"end":{"line":1035,"column":88}},"289":{"start":{"line":1038,"column":19},"end":{"line":1046,"column":5}},"290":{"start":{"line":1048,"column":21},"end":{"line":1052,"column":5}},"291":{"start":{"line":1054,"column":4},"end":{"line":1054,"column":23}},"292":{"start":{"line":1056,"column":4},"end":{"line":1056,"column":49}},"293":{"start":{"line":1057,"column":4},"end":{"line":1057,"column":79}},"294":{"start":{"line":1062,"column":0},"end":{"line":1094,"column":3}},"295":{"start":{"line":1063,"column":2},"end":{"line":1093,"column":3}},"296":{"start":{"line":1064,"column":21},"end":{"line":1064,"column":31}},"297":{"start":{"line":1067,"column":20},"end":{"line":1067,"column":41}},"298":{"start":{"line":1069,"column":4},"end":{"line":1089,"column":5}},"299":{"start":{"line":1070,"column":23},"end":{"line":1081,"column":7}},"300":{"start":{"line":1082,"column":6},"end":{"line":1082,"column":25}},"301":{"start":{"line":1084,"column":6},"end":{"line":1088,"column":9}},"302":{"start":{"line":1091,"column":4},"end":{"line":1091,"column":49}},"303":{"start":{"line":1092,"column":4},"end":{"line":1092,"column":79}},"304":{"start":{"line":1101,"column":0},"end":{"line":1118,"column":3}},"305":{"start":{"line":1102,"column":2},"end":{"line":1117,"column":5}},"306":{"start":{"line":1121,"column":0},"end":{"line":1128,"column":3}},"307":{"start":{"line":1122,"column":2},"end":{"line":1122,"column":48}},"308":{"start":{"line":1123,"column":2},"end":{"line":1127,"column":5}},"309":{"start":{"line":1134,"column":0},"end":{"line":1140,"column":3}},"310":{"start":{"line":1135,"column":2},"end":{"line":1135,"column":76}},"311":{"start":{"line":1136,"column":2},"end":{"line":1136,"column":66}},"312":{"start":{"line":1137,"column":2},"end":{"line":1137,"column":64}},"313":{"start":{"line":1138,"column":2},"end":{"line":1138,"column":61}},"314":{"start":{"line":1139,"column":2},"end":{"line":1139,"column":66}},"315":{"start":{"line":1142,"column":0},"end":{"line":1142,"column":21}}},"fnMap":{"0":{"name":"(anonymous_0)","decl":{"start":{"line":39,"column":8},"end":{"line":39,"column":9}},"loc":{"start":{"line":39,"column":28},"end":{"line":42,"column":1}},"line":39},"1":{"name":"(anonymous_1)","decl":{"start":{"line":45,"column":21},"end":{"line":45,"column":22}},"loc":{"start":{"line":45,"column":41},"end":{"line":56,"column":1}},"line":45},"2":{"name":"(anonymous_2)","decl":{"start":{"line":63,"column":19},"end":{"line":63,"column":20}},"loc":{"start":{"line":63,"column":33},"end":{"line":71,"column":1}},"line":63},"3":{"name":"(anonymous_3)","decl":{"start":{"line":74,"column":21},"end":{"line":74,"column":22}},"loc":{"start":{"line":74,"column":35},"end":{"line":128,"column":1}},"line":74},"4":{"name":"(anonymous_4)","decl":{"start":{"line":135,"column":24},"end":{"line":135,"column":25}},"loc":{"start":{"line":135,"column":44},"end":{"line":171,"column":1}},"line":135},"5":{"name":"(anonymous_5)","decl":{"start":{"line":174,"column":38},"end":{"line":174,"column":39}},"loc":{"start":{"line":174,"column":58},"end":{"line":185,"column":1}},"line":174},"6":{"name":"(anonymous_6)","decl":{"start":{"line":188,"column":39},"end":{"line":188,"column":40}},"loc":{"start":{"line":188,"column":59},"end":{"line":210,"column":1}},"line":188},"7":{"name":"(anonymous_7)","decl":{"start":{"line":217,"column":35},"end":{"line":217,"column":36}},"loc":{"start":{"line":217,"column":55},"end":{"line":249,"column":1}},"line":217},"8":{"name":"(anonymous_8)","decl":{"start":{"line":252,"column":36},"end":{"line":252,"column":37}},"loc":{"start":{"line":252,"column":56},"end":{"line":290,"column":1}},"line":252},"9":{"name":"(anonymous_9)","decl":{"start":{"line":293,"column":39},"end":{"line":293,"column":40}},"loc":{"start":{"line":293,"column":59},"end":{"line":317,"column":1}},"line":293},"10":{"name":"(anonymous_10)","decl":{"start":{"line":320,"column":39},"end":{"line":320,"column":40}},"loc":{"start":{"line":320,"column":59},"end":{"line":348,"column":1}},"line":320},"11":{"name":"(anonymous_11)","decl":{"start":{"line":351,"column":42},"end":{"line":351,"column":43}},"loc":{"start":{"line":351,"column":62},"end":{"line":365,"column":1}},"line":351},"12":{"name":"(anonymous_12)","decl":{"start":{"line":372,"column":40},"end":{"line":372,"column":41}},"loc":{"start":{"line":372,"column":60},"end":{"line":384,"column":1}},"line":372},"13":{"name":"(anonymous_13)","decl":{"start":{"line":391,"column":38},"end":{"line":391,"column":39}},"loc":{"start":{"line":391,"column":58},"end":{"line":410,"column":1}},"line":391},"14":{"name":"(anonymous_14)","decl":{"start":{"line":413,"column":44},"end":{"line":413,"column":45}},"loc":{"start":{"line":413,"column":64},"end":{"line":425,"column":1}},"line":413},"15":{"name":"(anonymous_15)","decl":{"start":{"line":428,"column":46},"end":{"line":428,"column":47}},"loc":{"start":{"line":428,"column":66},"end":{"line":446,"column":1}},"line":428},"16":{"name":"(anonymous_16)","decl":{"start":{"line":449,"column":47},"end":{"line":449,"column":48}},"loc":{"start":{"line":449,"column":67},"end":{"line":461,"column":1}},"line":449},"17":{"name":"(anonymous_17)","decl":{"start":{"line":464,"column":60},"end":{"line":464,"column":61}},"loc":{"start":{"line":464,"column":80},"end":{"line":476,"column":1}},"line":464},"18":{"name":"(anonymous_18)","decl":{"start":{"line":479,"column":60},"end":{"line":479,"column":61}},"loc":{"start":{"line":479,"column":80},"end":{"line":491,"column":1}},"line":479},"19":{"name":"(anonymous_19)","decl":{"start":{"line":494,"column":56},"end":{"line":494,"column":57}},"loc":{"start":{"line":494,"column":76},"end":{"line":520,"column":1}},"line":494},"20":{"name":"(anonymous_20)","decl":{"start":{"line":527,"column":41},"end":{"line":527,"column":42}},"loc":{"start":{"line":527,"column":61},"end":{"line":539,"column":1}},"line":527},"21":{"name":"(anonymous_21)","decl":{"start":{"line":542,"column":48},"end":{"line":542,"column":49}},"loc":{"start":{"line":542,"column":68},"end":{"line":554,"column":1}},"line":542},"22":{"name":"(anonymous_22)","decl":{"start":{"line":557,"column":52},"end":{"line":557,"column":53}},"loc":{"start":{"line":557,"column":72},"end":{"line":571,"column":1}},"line":557},"23":{"name":"(anonymous_23)","decl":{"start":{"line":578,"column":34},"end":{"line":578,"column":35}},"loc":{"start":{"line":578,"column":54},"end":{"line":590,"column":1}},"line":578},"24":{"name":"(anonymous_24)","decl":{"start":{"line":593,"column":35},"end":{"line":593,"column":36}},"loc":{"start":{"line":593,"column":55},"end":{"line":623,"column":1}},"line":593},"25":{"name":"(anonymous_25)","decl":{"start":{"line":630,"column":34},"end":{"line":630,"column":35}},"loc":{"start":{"line":630,"column":54},"end":{"line":657,"column":1}},"line":630},"26":{"name":"(anonymous_26)","decl":{"start":{"line":664,"column":39},"end":{"line":664,"column":40}},"loc":{"start":{"line":664,"column":59},"end":{"line":745,"column":1}},"line":664},"27":{"name":"(anonymous_27)","decl":{"start":{"line":711,"column":41},"end":{"line":711,"column":42}},"loc":{"start":{"line":712,"column":8},"end":{"line":714,"column":53}},"line":712},"28":{"name":"(anonymous_28)","decl":{"start":{"line":721,"column":41},"end":{"line":721,"column":42}},"loc":{"start":{"line":721,"column":48},"end":{"line":721,"column":73}},"line":721},"29":{"name":"(anonymous_29)","decl":{"start":{"line":748,"column":40},"end":{"line":748,"column":41}},"loc":{"start":{"line":748,"column":60},"end":{"line":793,"column":1}},"line":748},"30":{"name":"(anonymous_30)","decl":{"start":{"line":796,"column":43},"end":{"line":796,"column":44}},"loc":{"start":{"line":796,"column":63},"end":{"line":827,"column":1}},"line":796},"31":{"name":"(anonymous_31)","decl":{"start":{"line":830,"column":43},"end":{"line":830,"column":44}},"loc":{"start":{"line":830,"column":63},"end":{"line":867,"column":1}},"line":830},"32":{"name":"(anonymous_32)","decl":{"start":{"line":870,"column":46},"end":{"line":870,"column":47}},"loc":{"start":{"line":870,"column":66},"end":{"line":884,"column":1}},"line":870},"33":{"name":"(anonymous_33)","decl":{"start":{"line":887,"column":49},"end":{"line":887,"column":50}},"loc":{"start":{"line":887,"column":69},"end":{"line":924,"column":1}},"line":887},"34":{"name":"(anonymous_34)","decl":{"start":{"line":927,"column":51},"end":{"line":927,"column":52}},"loc":{"start":{"line":927,"column":71},"end":{"line":984,"column":1}},"line":927},"35":{"name":"(anonymous_35)","decl":{"start":{"line":960,"column":31},"end":{"line":960,"column":32}},"loc":{"start":{"line":960,"column":41},"end":{"line":960,"column":65}},"line":960},"36":{"name":"(anonymous_36)","decl":{"start":{"line":987,"column":52},"end":{"line":987,"column":53}},"loc":{"start":{"line":987,"column":72},"end":{"line":1023,"column":1}},"line":987},"37":{"name":"(anonymous_37)","decl":{"start":{"line":1030,"column":39},"end":{"line":1030,"column":40}},"loc":{"start":{"line":1030,"column":59},"end":{"line":1059,"column":1}},"line":1030},"38":{"name":"(anonymous_38)","decl":{"start":{"line":1062,"column":30},"end":{"line":1062,"column":31}},"loc":{"start":{"line":1062,"column":50},"end":{"line":1094,"column":1}},"line":1062},"39":{"name":"(anonymous_39)","decl":{"start":{"line":1101,"column":13},"end":{"line":1101,"column":14}},"loc":{"start":{"line":1101,"column":27},"end":{"line":1118,"column":1}},"line":1101},"40":{"name":"(anonymous_40)","decl":{"start":{"line":1121,"column":8},"end":{"line":1121,"column":9}},"loc":{"start":{"line":1121,"column":35},"end":{"line":1128,"column":1}},"line":1121},"41":{"name":"(anonymous_41)","decl":{"start":{"line":1134,"column":17},"end":{"line":1134,"column":18}},"loc":{"start":{"line":1134,"column":23},"end":{"line":1140,"column":1}},"line":1134}},"branchMap":{"0":{"loc":{"start":{"line":16,"column":13},"end":{"line":16,"column":37}},"type":"binary-expr","locations":[{"start":{"line":16,"column":13},"end":{"line":16,"column":29}},{"start":{"line":16,"column":33},"end":{"line":16,"column":37}}],"line":16},"1":{"loc":{"start":{"line":47,"column":2},"end":{"line":53,"column":3}},"type":"if","locations":[{"start":{"line":47,"column":2},"end":{"line":53,"column":3}},{"start":{},"end":{}}],"line":47},"2":{"loc":{"start":{"line":47,"column":6},"end":{"line":47,"column":51}},"type":"binary-expr","locations":[{"start":{"line":47,"column":6},"end":{"line":47,"column":12}},{"start":{"line":47,"column":16},"end":{"line":47,"column":51}}],"line":47},"3":{"loc":{"start":{"line":92,"column":6},"end":{"line":96,"column":7}},"type":"if","locations":[{"start":{"line":92,"column":6},"end":{"line":96,"column":7}},{"start":{},"end":{}}],"line":92},"4":{"loc":{"start":{"line":99,"column":4},"end":{"line":120,"column":5}},"type":"if","locations":[{"start":{"line":99,"column":4},"end":{"line":120,"column":5}},{"start":{"line":113,"column":11},"end":{"line":120,"column":5}}],"line":99},"5":{"loc":{"start":{"line":140,"column":4},"end":{"line":142,"column":5}},"type":"if","locations":[{"start":{"line":140,"column":4},"end":{"line":142,"column":5}},{"start":{},"end":{}}],"line":140},"6":{"loc":{"start":{"line":143,"column":4},"end":{"line":145,"column":5}},"type":"if","locations":[{"start":{"line":143,"column":4},"end":{"line":145,"column":5}},{"start":{},"end":{}}],"line":143},"7":{"loc":{"start":{"line":148,"column":4},"end":{"line":166,"column":5}},"type":"if","locations":[{"start":{"line":148,"column":4},"end":{"line":166,"column":5}},{"start":{"line":160,"column":11},"end":{"line":166,"column":5}}],"line":148},"8":{"loc":{"start":{"line":148,"column":8},"end":{"line":148,"column":66}},"type":"binary-expr","locations":[{"start":{"line":148,"column":8},"end":{"line":148,"column":39}},{"start":{"line":148,"column":43},"end":{"line":148,"column":66}}],"line":148},"9":{"loc":{"start":{"line":219,"column":12},"end":{"line":219,"column":20}},"type":"default-arg","locations":[{"start":{"line":219,"column":19},"end":{"line":219,"column":20}}],"line":219},"10":{"loc":{"start":{"line":219,"column":22},"end":{"line":219,"column":32}},"type":"default-arg","locations":[{"start":{"line":219,"column":30},"end":{"line":219,"column":32}}],"line":219},"11":{"loc":{"start":{"line":257,"column":4},"end":{"line":259,"column":5}},"type":"if","locations":[{"start":{"line":257,"column":4},"end":{"line":259,"column":5}},{"start":{},"end":{}}],"line":257},"12":{"loc":{"start":{"line":260,"column":4},"end":{"line":262,"column":5}},"type":"if","locations":[{"start":{"line":260,"column":4},"end":{"line":262,"column":5}},{"start":{},"end":{}}],"line":260},"13":{"loc":{"start":{"line":268,"column":16},"end":{"line":268,"column":45}},"type":"binary-expr","locations":[{"start":{"line":268,"column":16},"end":{"line":268,"column":24}},{"start":{"line":268,"column":28},"end":{"line":268,"column":45}}],"line":268},"14":{"loc":{"start":{"line":269,"column":19},"end":{"line":269,"column":36}},"type":"binary-expr","locations":[{"start":{"line":269,"column":19},"end":{"line":269,"column":30}},{"start":{"line":269,"column":34},"end":{"line":269,"column":36}}],"line":269},"15":{"loc":{"start":{"line":270,"column":14},"end":{"line":270,"column":26}},"type":"binary-expr","locations":[{"start":{"line":270,"column":14},"end":{"line":270,"column":20}},{"start":{"line":270,"column":24},"end":{"line":270,"column":26}}],"line":270},"16":{"loc":{"start":{"line":327,"column":12},"end":{"line":327,"column":40}},"type":"binary-expr","locations":[{"start":{"line":327,"column":12},"end":{"line":327,"column":16}},{"start":{"line":327,"column":20},"end":{"line":327,"column":40}}],"line":327},"17":{"loc":{"start":{"line":328,"column":13},"end":{"line":328,"column":40}},"type":"binary-expr","locations":[{"start":{"line":328,"column":13},"end":{"line":328,"column":18}},{"start":{"line":328,"column":22},"end":{"line":328,"column":40}}],"line":328},"18":{"loc":{"start":{"line":329,"column":16},"end":{"line":329,"column":50}},"type":"binary-expr","locations":[{"start":{"line":329,"column":16},"end":{"line":329,"column":24}},{"start":{"line":329,"column":28},"end":{"line":329,"column":50}}],"line":329},"19":{"loc":{"start":{"line":330,"column":19},"end":{"line":330,"column":36}},"type":"binary-expr","locations":[{"start":{"line":330,"column":19},"end":{"line":330,"column":30}},{"start":{"line":330,"column":34},"end":{"line":330,"column":36}}],"line":330},"20":{"loc":{"start":{"line":331,"column":14},"end":{"line":331,"column":26}},"type":"binary-expr","locations":[{"start":{"line":331,"column":14},"end":{"line":331,"column":20}},{"start":{"line":331,"column":24},"end":{"line":331,"column":26}}],"line":331},"21":{"loc":{"start":{"line":597,"column":4},"end":{"line":599,"column":5}},"type":"if","locations":[{"start":{"line":597,"column":4},"end":{"line":599,"column":5}},{"start":{},"end":{}}],"line":597},"22":{"loc":{"start":{"line":604,"column":12},"end":{"line":604,"column":29}},"type":"binary-expr","locations":[{"start":{"line":604,"column":12},"end":{"line":604,"column":16}},{"start":{"line":604,"column":20},"end":{"line":604,"column":29}}],"line":604},"23":{"loc":{"start":{"line":605,"column":15},"end":{"line":605,"column":28}},"type":"binary-expr","locations":[{"start":{"line":605,"column":15},"end":{"line":605,"column":22}},{"start":{"line":605,"column":26},"end":{"line":605,"column":28}}],"line":605},"24":{"loc":{"start":{"line":606,"column":14},"end":{"line":606,"column":29}},"type":"binary-expr","locations":[{"start":{"line":606,"column":14},"end":{"line":606,"column":20}},{"start":{"line":606,"column":24},"end":{"line":606,"column":29}}],"line":606},"25":{"loc":{"start":{"line":666,"column":12},"end":{"line":666,"column":20}},"type":"default-arg","locations":[{"start":{"line":666,"column":19},"end":{"line":666,"column":20}}],"line":666},"26":{"loc":{"start":{"line":666,"column":22},"end":{"line":666,"column":32}},"type":"default-arg","locations":[{"start":{"line":666,"column":30},"end":{"line":666,"column":32}}],"line":666},"27":{"loc":{"start":{"line":709,"column":4},"end":{"line":716,"column":5}},"type":"if","locations":[{"start":{"line":709,"column":4},"end":{"line":716,"column":5}},{"start":{},"end":{}}],"line":709},"28":{"loc":{"start":{"line":712,"column":8},"end":{"line":714,"column":53}},"type":"binary-expr","locations":[{"start":{"line":712,"column":8},"end":{"line":712,"column":52}},{"start":{"line":713,"column":8},"end":{"line":713,"column":61}},{"start":{"line":714,"column":8},"end":{"line":714,"column":53}}],"line":712},"29":{"loc":{"start":{"line":719,"column":4},"end":{"line":722,"column":5}},"type":"if","locations":[{"start":{"line":719,"column":4},"end":{"line":722,"column":5}},{"start":{},"end":{}}],"line":719},"30":{"loc":{"start":{"line":753,"column":4},"end":{"line":758,"column":5}},"type":"if","locations":[{"start":{"line":753,"column":4},"end":{"line":758,"column":5}},{"start":{},"end":{}}],"line":753},"31":{"loc":{"start":{"line":753,"column":8},"end":{"line":753,"column":41}},"type":"binary-expr","locations":[{"start":{"line":753,"column":8},"end":{"line":753,"column":13}},{"start":{"line":753,"column":17},"end":{"line":753,"column":31}},{"start":{"line":753,"column":35},"end":{"line":753,"column":41}}],"line":753},"32":{"loc":{"start":{"line":762,"column":4},"end":{"line":767,"column":5}},"type":"if","locations":[{"start":{"line":762,"column":4},"end":{"line":767,"column":5}},{"start":{},"end":{}}],"line":762},"33":{"loc":{"start":{"line":774,"column":13},"end":{"line":774,"column":24}},"type":"binary-expr","locations":[{"start":{"line":774,"column":13},"end":{"line":774,"column":18}},{"start":{"line":774,"column":22},"end":{"line":774,"column":24}}],"line":774},"34":{"loc":{"start":{"line":775,"column":15},"end":{"line":775,"column":28}},"type":"binary-expr","locations":[{"start":{"line":775,"column":15},"end":{"line":775,"column":22}},{"start":{"line":775,"column":26},"end":{"line":775,"column":28}}],"line":775},"35":{"loc":{"start":{"line":836,"column":4},"end":{"line":841,"column":5}},"type":"if","locations":[{"start":{"line":836,"column":4},"end":{"line":841,"column":5}},{"start":{},"end":{}}],"line":836},"36":{"loc":{"start":{"line":836,"column":8},"end":{"line":836,"column":41}},"type":"binary-expr","locations":[{"start":{"line":836,"column":8},"end":{"line":836,"column":13}},{"start":{"line":836,"column":17},"end":{"line":836,"column":31}},{"start":{"line":836,"column":35},"end":{"line":836,"column":41}}],"line":836},"37":{"loc":{"start":{"line":848,"column":13},"end":{"line":848,"column":24}},"type":"binary-expr","locations":[{"start":{"line":848,"column":13},"end":{"line":848,"column":18}},{"start":{"line":848,"column":22},"end":{"line":848,"column":24}}],"line":848},"38":{"loc":{"start":{"line":849,"column":15},"end":{"line":849,"column":28}},"type":"binary-expr","locations":[{"start":{"line":849,"column":15},"end":{"line":849,"column":22}},{"start":{"line":849,"column":26},"end":{"line":849,"column":28}}],"line":849},"39":{"loc":{"start":{"line":930,"column":12},"end":{"line":930,"column":20}},"type":"default-arg","locations":[{"start":{"line":930,"column":19},"end":{"line":930,"column":20}}],"line":930},"40":{"loc":{"start":{"line":930,"column":22},"end":{"line":930,"column":32}},"type":"default-arg","locations":[{"start":{"line":930,"column":30},"end":{"line":930,"column":32}}],"line":930},"41":{"loc":{"start":{"line":959,"column":4},"end":{"line":961,"column":5}},"type":"if","locations":[{"start":{"line":959,"column":4},"end":{"line":961,"column":5}},{"start":{},"end":{}}],"line":959},"42":{"loc":{"start":{"line":992,"column":4},"end":{"line":997,"column":5}},"type":"if","locations":[{"start":{"line":992,"column":4},"end":{"line":997,"column":5}},{"start":{},"end":{}}],"line":992},"43":{"loc":{"start":{"line":1015,"column":30},"end":{"line":1015,"column":65}},"type":"cond-expr","locations":[{"start":{"line":1015,"column":41},"end":{"line":1015,"column":50}},{"start":{"line":1015,"column":53},"end":{"line":1015,"column":65}}],"line":1015},"44":{"loc":{"start":{"line":1034,"column":4},"end":{"line":1036,"column":5}},"type":"if","locations":[{"start":{"line":1034,"column":4},"end":{"line":1036,"column":5}},{"start":{},"end":{}}],"line":1034},"45":{"loc":{"start":{"line":1042,"column":12},"end":{"line":1042,"column":22}},"type":"binary-expr","locations":[{"start":{"line":1042,"column":12},"end":{"line":1042,"column":16}},{"start":{"line":1042,"column":20},"end":{"line":1042,"column":22}}],"line":1042},"46":{"loc":{"start":{"line":1069,"column":4},"end":{"line":1089,"column":5}},"type":"if","locations":[{"start":{"line":1069,"column":4},"end":{"line":1089,"column":5}},{"start":{"line":1083,"column":11},"end":{"line":1089,"column":5}}],"line":1069},"47":{"loc":{"start":{"line":1126,"column":11},"end":{"line":1126,"column":77}},"type":"cond-expr","locations":[{"start":{"line":1126,"column":52},"end":{"line":1126,"column":65}},{"start":{"line":1126,"column":68},"end":{"line":1126,"column":77}}],"line":1126}},"s":{"0":0,"1":0,"2":0,"3":0,"4":0,"5":0,"6":0,"7":0,"8":0,"9":0,"10":0,"11":0,"12":0,"13":0,"14":0,"15":0,"16":0,"17":0,"18":0,"19":0,"20":0,"21":0,"22":0,"23":0,"24":0,"25":0,"26":0,"27":0,"28":0,"29":0,"30":0,"31":0,"32":0,"33":0,"34":0,"35":0,"36":0,"37":0,"38":0,"39":0,"40":0,"41":0,"42":0,"43":0,"44":0,"45":0,"46":0,"47":0,"48":0,"49":0,"50":0,"51":0,"52":0,"53":0,"54":0,"55":0,"56":0,"57":0,"58":0,"59":0,"60":0,"61":0,"62":0,"63":0,"64":0,"65":0,"66":0,"67":0,"68":0,"69":0,"70":0,"71":0,"72":0,"73":0,"74":0,"75":0,"76":0,"77":0,"78":0,"79":0,"80":0,"81":0,"82":0,"83":0,"84":0,"85":0,"86":0,"87":0,"88":0,"89":0,"90":0,"91":0,"92":0,"93":0,"94":0,"95":0,"96":0,"97":0,"98":0,"99":0,"100":0,"101":0,"102":0,"103":0,"104":0,"105":0,"106":0,"107":0,"108":0,"109":0,"110":0,"111":0,"112":0,"113":0,"114":0,"115":0,"116":0,"117":0,"118":0,"119":0,"120":0,"121":0,"122":0,"123":0,"124":0,"125":0,"126":0,"127":0,"128":0,"129":0,"130":0,"131":0,"132":0,"133":0,"134":0,"135":0,"136":0,"137":0,"138":0,"139":0,"140":0,"141":0,"142":0,"143":0,"144":0,"145":0,"146":0,"147":0,"148":0,"149":0,"150":0,"151":0,"152":0,"153":0,"154":0,"155":0,"156":0,"157":0,"158":0,"159":0,"160":0,"161":0,"162":0,"163":0,"164":0,"165":0,"166":0,"167":0,"168":0,"169":0,"170":0,"171":0,"172":0,"173":0,"174":0,"175":0,"176":0,"177":0,"178":0,"179":0,"180":0,"181":0,"182":0,"183":0,"184":0,"185":0,"186":0,"187":0,"188":0,"189":0,"190":0,"191":0,"192":0,"193":0,"194":0,"195":0,"196":0,"197":0,"198":0,"199":0,"200":0,"201":0,"202":0,"203":0,"204":0,"205":0,"206":0,"207":0,"208":0,"209":0,"210":0,"211":0,"212":0,"213":0,"214":0,"215":0,"216":0,"217":0,"218":0,"219":0,"220":0,"221":0,"222":0,"223":0,"224":0,"225":0,"226":0,"227":0,"228":0,"229":0,"230":0,"231":0,"232":0,"233":0,"234":0,"235":0,"236":0,"237":0,"238":0,"239":0,"240":0,"241":0,"242":0,"243":0,"244":0,"245":0,"246":0,"247":0,"248":0,"249":0,"250":0,"251":0,"252":0,"253":0,"254":0,"255":0,"256":0,"257":0,"258":0,"259":0,"260":0,"261":0,"262":0,"263":0,"264":0,"265":0,"266":0,"267":0,"268":0,"269":0,"270":0,"271":0,"272":0,"273":0,"274":0,"275":0,"276":0,"277":0,"278":0,"279":0,"280":0,"281":0,"282":0,"283":0,"284":0,"285":0,"286":0,"287":0,"288":0,"289":0,"290":0,"291":0,"292":0,"293":0,"294":0,"295":0,"296":0,"297":0,"298":0,"299":0,"300":0,"301":0,"302":0,"303":0,"304":0,"305":0,"306":0,"307":0,"308":0,"309":0,"310":0,"311":0,"312":0,"313":0,"314":0,"315":0},"f":{"0":0,"1":0,"2":0,"3":0,"4":0,"5":0,"6":0,"7":0,"8":0,"9":0,"10":0,"11":0,"12":0,"13":0,"14":0,"15":0,"16":0,"17":0,"18":0,"19":0,"20":0,"21":0,"22":0,"23":0,"24":0,"25":0,"26":0,"27":0,"28":0,"29":0,"30":0,"31":0,"32":0,"33":0,"34":0,"35":0,"36":0,"37":0,"38":0,"39":0,"40":0,"41":0},"b":{"0":[0,0],"1":[0,0],"2":[0,0],"3":[0,0],"4":[0,0],"5":[0,0],"6":[0,0],"7":[0,0],"8":[0,0],"9":[0],"10":[0],"11":[0,0],"12":[0,0],"13":[0,0],"14":[0,0],"15":[0,0],"16":[0,0],"17":[0,0],"18":[0,0],"19":[0,0],"20":[0,0],"21":[0,0],"22":[0,0],"23":[0,0],"24":[0,0],"25":[0],"26":[0],"27":[0,0],"28":[0,0,0],"29":[0,0],"30":[0,0],"31":[0,0,0],"32":[0,0],"33":[0,0],"34":[0,0],"35":[0,0],"36":[0,0,0],"37":[0,0],"38":[0,0],"39":[0],"40":[0],"41":[0,0],"42":[0,0],"43":[0,0],"44":[0,0],"45":[0,0],"46":[0,0],"47":[0,0]},"inputSourceMap":null}
,"/Users/andremontenegro/true label /server/src/index-minimal.js": {"path":"/Users/andremontenegro/true label /server/src/index-minimal.js","statementMap":{"0":{"start":{"line":1,"column":16},"end":{"line":1,"column":34}},"1":{"start":{"line":2,"column":13},"end":{"line":2,"column":28}},"2":{"start":{"line":3,"column":15},"end":{"line":3,"column":32}},"3":{"start":{"line":4,"column":20},"end":{"line":4,"column":42}},"4":{"start":{"line":5,"column":0},"end":{"line":5,"column":27}},"5":{"start":{"line":6,"column":13},"end":{"line":6,"column":28}},"6":{"start":{"line":8,"column":12},"end":{"line":8,"column":21}},"7":{"start":{"line":9,"column":13},"end":{"line":9,"column":37}},"8":{"start":{"line":12,"column":0},"end":{"line":12,"column":18}},"9":{"start":{"line":13,"column":0},"end":{"line":13,"column":23}},"10":{"start":{"line":16,"column":0},"end":{"line":25,"column":4}},"11":{"start":{"line":28,"column":0},"end":{"line":28,"column":41}},"12":{"start":{"line":29,"column":0},"end":{"line":29,"column":63}},"13":{"start":{"line":32,"column":0},"end":{"line":32,"column":72}},"14":{"start":{"line":35,"column":0},"end":{"line":46,"column":3}},"15":{"start":{"line":36,"column":2},"end":{"line":45,"column":5}},"16":{"start":{"line":49,"column":0},"end":{"line":62,"column":3}},"17":{"start":{"line":50,"column":2},"end":{"line":61,"column":5}},"18":{"start":{"line":65,"column":20},"end":{"line":96,"column":1}},"19":{"start":{"line":66,"column":30},"end":{"line":66,"column":38}},"20":{"start":{"line":69,"column":20},"end":{"line":74,"column":3}},"21":{"start":{"line":76,"column":15},"end":{"line":76,"column":31}},"22":{"start":{"line":78,"column":2},"end":{"line":95,"column":3}},"23":{"start":{"line":79,"column":18},"end":{"line":79,"column":48}},"24":{"start":{"line":80,"column":4},"end":{"line":89,"column":7}},"25":{"start":{"line":91,"column":4},"end":{"line":94,"column":7}},"26":{"start":{"line":99,"column":0},"end":{"line":99,"column":44}},"27":{"start":{"line":100,"column":0},"end":{"line":100,"column":41}},"28":{"start":{"line":103,"column":21},"end":{"line":118,"column":1}},"29":{"start":{"line":104,"column":16},"end":{"line":104,"column":65}},"30":{"start":{"line":106,"column":2},"end":{"line":108,"column":3}},"31":{"start":{"line":107,"column":4},"end":{"line":107,"column":63}},"32":{"start":{"line":111,"column":2},"end":{"line":115,"column":4}},"33":{"start":{"line":117,"column":2},"end":{"line":117,"column":9}},"34":{"start":{"line":121,"column":0},"end":{"line":126,"column":3}},"35":{"start":{"line":122,"column":2},"end":{"line":125,"column":5}},"36":{"start":{"line":129,"column":0},"end":{"line":144,"column":3}},"37":{"start":{"line":130,"column":2},"end":{"line":143,"column":5}},"38":{"start":{"line":146,"column":0},"end":{"line":161,"column":3}},"39":{"start":{"line":147,"column":2},"end":{"line":160,"column":5}},"40":{"start":{"line":164,"column":0},"end":{"line":177,"column":3}},"41":{"start":{"line":165,"column":2},"end":{"line":176,"column":5}},"42":{"start":{"line":180,"column":0},"end":{"line":186,"column":3}},"43":{"start":{"line":181,"column":2},"end":{"line":185,"column":5}},"44":{"start":{"line":189,"column":0},"end":{"line":195,"column":3}},"45":{"start":{"line":190,"column":2},"end":{"line":194,"column":5}},"46":{"start":{"line":198,"column":0},"end":{"line":217,"column":3}},"47":{"start":{"line":199,"column":19},"end":{"line":199,"column":29}},"48":{"start":{"line":201,"column":2},"end":{"line":216,"column":5}},"49":{"start":{"line":220,"column":0},"end":{"line":226,"column":3}},"50":{"start":{"line":221,"column":2},"end":{"line":225,"column":5}},"51":{"start":{"line":229,"column":0},"end":{"line":237,"column":3}},"52":{"start":{"line":230,"column":2},"end":{"line":230,"column":30}},"53":{"start":{"line":232,"column":2},"end":{"line":236,"column":5}},"54":{"start":{"line":240,"column":0},"end":{"line":246,"column":3}},"55":{"start":{"line":241,"column":2},"end":{"line":241,"column":54}},"56":{"start":{"line":242,"column":2},"end":{"line":242,"column":71}},"57":{"start":{"line":243,"column":2},"end":{"line":243,"column":66}},"58":{"start":{"line":244,"column":2},"end":{"line":244,"column":57}},"59":{"start":{"line":245,"column":2},"end":{"line":245,"column":47}},"60":{"start":{"line":248,"column":0},"end":{"line":248,"column":21}}},"fnMap":{"0":{"name":"(anonymous_0)","decl":{"start":{"line":35,"column":19},"end":{"line":35,"column":20}},"loc":{"start":{"line":35,"column":33},"end":{"line":46,"column":1}},"line":35},"1":{"name":"(anonymous_1)","decl":{"start":{"line":49,"column":19},"end":{"line":49,"column":20}},"loc":{"start":{"line":49,"column":33},"end":{"line":62,"column":1}},"line":49},"2":{"name":"(anonymous_2)","decl":{"start":{"line":65,"column":20},"end":{"line":65,"column":21}},"loc":{"start":{"line":65,"column":34},"end":{"line":96,"column":1}},"line":65},"3":{"name":"(anonymous_3)","decl":{"start":{"line":103,"column":21},"end":{"line":103,"column":22}},"loc":{"start":{"line":103,"column":41},"end":{"line":118,"column":1}},"line":103},"4":{"name":"(anonymous_4)","decl":{"start":{"line":121,"column":42},"end":{"line":121,"column":43}},"loc":{"start":{"line":121,"column":56},"end":{"line":126,"column":1}},"line":121},"5":{"name":"(anonymous_5)","decl":{"start":{"line":129,"column":42},"end":{"line":129,"column":43}},"loc":{"start":{"line":129,"column":56},"end":{"line":144,"column":1}},"line":129},"6":{"name":"(anonymous_6)","decl":{"start":{"line":146,"column":39},"end":{"line":146,"column":40}},"loc":{"start":{"line":146,"column":53},"end":{"line":161,"column":1}},"line":146},"7":{"name":"(anonymous_7)","decl":{"start":{"line":164,"column":46},"end":{"line":164,"column":47}},"loc":{"start":{"line":164,"column":60},"end":{"line":177,"column":1}},"line":164},"8":{"name":"(anonymous_8)","decl":{"start":{"line":180,"column":45},"end":{"line":180,"column":46}},"loc":{"start":{"line":180,"column":59},"end":{"line":186,"column":1}},"line":180},"9":{"name":"(anonymous_9)","decl":{"start":{"line":189,"column":47},"end":{"line":189,"column":48}},"loc":{"start":{"line":189,"column":61},"end":{"line":195,"column":1}},"line":189},"10":{"name":"(anonymous_10)","decl":{"start":{"line":198,"column":28},"end":{"line":198,"column":29}},"loc":{"start":{"line":198,"column":42},"end":{"line":217,"column":1}},"line":198},"11":{"name":"(anonymous_11)","decl":{"start":{"line":220,"column":13},"end":{"line":220,"column":14}},"loc":{"start":{"line":220,"column":27},"end":{"line":226,"column":1}},"line":220},"12":{"name":"(anonymous_12)","decl":{"start":{"line":229,"column":8},"end":{"line":229,"column":9}},"loc":{"start":{"line":229,"column":33},"end":{"line":237,"column":1}},"line":229},"13":{"name":"(anonymous_13)","decl":{"start":{"line":240,"column":17},"end":{"line":240,"column":18}},"loc":{"start":{"line":240,"column":23},"end":{"line":246,"column":1}},"line":240}},"branchMap":{"0":{"loc":{"start":{"line":9,"column":13},"end":{"line":9,"column":37}},"type":"binary-expr","locations":[{"start":{"line":9,"column":13},"end":{"line":9,"column":29}},{"start":{"line":9,"column":33},"end":{"line":9,"column":37}}],"line":9},"1":{"loc":{"start":{"line":40,"column":17},"end":{"line":40,"column":54}},"type":"binary-expr","locations":[{"start":{"line":40,"column":17},"end":{"line":40,"column":37}},{"start":{"line":40,"column":41},"end":{"line":40,"column":54}}],"line":40},"2":{"loc":{"start":{"line":78,"column":2},"end":{"line":95,"column":3}},"type":"if","locations":[{"start":{"line":78,"column":2},"end":{"line":95,"column":3}},{"start":{"line":90,"column":9},"end":{"line":95,"column":3}}],"line":78},"3":{"loc":{"start":{"line":78,"column":6},"end":{"line":78,"column":40}},"type":"binary-expr","locations":[{"start":{"line":78,"column":6},"end":{"line":78,"column":10}},{"start":{"line":78,"column":14},"end":{"line":78,"column":40}}],"line":78},"4":{"loc":{"start":{"line":106,"column":2},"end":{"line":108,"column":3}},"type":"if","locations":[{"start":{"line":106,"column":2},"end":{"line":108,"column":3}},{"start":{},"end":{}}],"line":106},"5":{"loc":{"start":{"line":106,"column":6},"end":{"line":106,"column":51}},"type":"binary-expr","locations":[{"start":{"line":106,"column":6},"end":{"line":106,"column":12}},{"start":{"line":106,"column":16},"end":{"line":106,"column":51}}],"line":106},"6":{"loc":{"start":{"line":232,"column":13},"end":{"line":232,"column":30}},"type":"binary-expr","locations":[{"start":{"line":232,"column":13},"end":{"line":232,"column":23}},{"start":{"line":232,"column":27},"end":{"line":232,"column":30}}],"line":232},"7":{"loc":{"start":{"line":234,"column":13},"end":{"line":234,"column":54}},"type":"binary-expr","locations":[{"start":{"line":234,"column":13},"end":{"line":234,"column":24}},{"start":{"line":234,"column":28},"end":{"line":234,"column":54}}],"line":234},"8":{"loc":{"start":{"line":235,"column":8},"end":{"line":235,"column":70}},"type":"binary-expr","locations":[{"start":{"line":235,"column":8},"end":{"line":235,"column":46}},{"start":{"line":235,"column":50},"end":{"line":235,"column":70}}],"line":235},"9":{"loc":{"start":{"line":242,"column":30},"end":{"line":242,"column":67}},"type":"binary-expr","locations":[{"start":{"line":242,"column":30},"end":{"line":242,"column":50}},{"start":{"line":242,"column":54},"end":{"line":242,"column":67}}],"line":242}},"s":{"0":0,"1":0,"2":0,"3":0,"4":0,"5":0,"6":0,"7":0,"8":0,"9":0,"10":0,"11":0,"12":0,"13":0,"14":0,"15":0,"16":0,"17":0,"18":0,"19":0,"20":0,"21":0,"22":0,"23":0,"24":0,"25":0,"26":0,"27":0,"28":0,"29":0,"30":0,"31":0,"32":0,"33":0,"34":0,"35":0,"36":0,"37":0,"38":0,"39":0,"40":0,"41":0,"42":0,"43":0,"44":0,"45":0,"46":0,"47":0,"48":0,"49":0,"50":0,"51":0,"52":0,"53":0,"54":0,"55":0,"56":0,"57":0,"58":0,"59":0,"60":0},"f":{"0":0,"1":0,"2":0,"3":0,"4":0,"5":0,"6":0,"7":0,"8":0,"9":0,"10":0,"11":0,"12":0,"13":0},"b":{"0":[0,0],"1":[0,0],"2":[0,0],"3":[0,0],"4":[0,0],"5":[0,0],"6":[0,0],"7":[0,0],"8":[0,0],"9":[0,0]},"inputSourceMap":null}
,"/Users/andremontenegro/true label /server/src/index-minimal.ts": {"path":"/Users/andremontenegro/true label /server/src/index-minimal.ts","statementMap":{"0":{"start":{"line":1,"column":0},"end":{"line":1,"column":30}},"1":{"start":{"line":2,"column":0},"end":{"line":2,"column":24}},"2":{"start":{"line":3,"column":0},"end":{"line":3,"column":28}},"3":{"start":{"line":4,"column":0},"end":{"line":4,"column":38}},"4":{"start":{"line":5,"column":0},"end":{"line":5,"column":28}},"5":{"start":{"line":6,"column":0},"end":{"line":6,"column":24}},"6":{"start":{"line":9,"column":0},"end":{"line":9,"column":16}},"7":{"start":{"line":11,"column":12},"end":{"line":11,"column":21}},"8":{"start":{"line":12,"column":13},"end":{"line":12,"column":37}},"9":{"start":{"line":15,"column":0},"end":{"line":15,"column":18}},"10":{"start":{"line":16,"column":0},"end":{"line":16,"column":23}},"11":{"start":{"line":19,"column":0},"end":{"line":28,"column":4}},"12":{"start":{"line":31,"column":0},"end":{"line":31,"column":41}},"13":{"start":{"line":32,"column":0},"end":{"line":32,"column":63}},"14":{"start":{"line":35,"column":0},"end":{"line":35,"column":72}},"15":{"start":{"line":38,"column":0},"end":{"line":49,"column":3}},"16":{"start":{"line":39,"column":2},"end":{"line":48,"column":5}},"17":{"start":{"line":52,"column":0},"end":{"line":65,"column":3}},"18":{"start":{"line":53,"column":2},"end":{"line":64,"column":5}},"19":{"start":{"line":68,"column":0},"end":{"line":99,"column":3}},"20":{"start":{"line":69,"column":30},"end":{"line":69,"column":38}},"21":{"start":{"line":72,"column":20},"end":{"line":77,"column":4}},"22":{"start":{"line":79,"column":15},"end":{"line":79,"column":57}},"23":{"start":{"line":81,"column":2},"end":{"line":98,"column":3}},"24":{"start":{"line":82,"column":18},"end":{"line":82,"column":48}},"25":{"start":{"line":83,"column":4},"end":{"line":92,"column":7}},"26":{"start":{"line":94,"column":4},"end":{"line":97,"column":7}},"27":{"start":{"line":102,"column":21},"end":{"line":117,"column":1}},"28":{"start":{"line":103,"column":16},"end":{"line":103,"column":65}},"29":{"start":{"line":105,"column":2},"end":{"line":107,"column":3}},"30":{"start":{"line":106,"column":4},"end":{"line":106,"column":63}},"31":{"start":{"line":110,"column":2},"end":{"line":114,"column":4}},"32":{"start":{"line":116,"column":2},"end":{"line":116,"column":9}},"33":{"start":{"line":120,"column":0},"end":{"line":125,"column":3}},"34":{"start":{"line":121,"column":2},"end":{"line":124,"column":5}},"35":{"start":{"line":128,"column":0},"end":{"line":143,"column":3}},"36":{"start":{"line":129,"column":2},"end":{"line":142,"column":5}},"37":{"start":{"line":146,"column":0},"end":{"line":159,"column":3}},"38":{"start":{"line":147,"column":2},"end":{"line":158,"column":5}},"39":{"start":{"line":162,"column":0},"end":{"line":168,"column":3}},"40":{"start":{"line":163,"column":2},"end":{"line":167,"column":5}},"41":{"start":{"line":171,"column":0},"end":{"line":177,"column":3}},"42":{"start":{"line":172,"column":2},"end":{"line":176,"column":5}},"43":{"start":{"line":180,"column":0},"end":{"line":199,"column":3}},"44":{"start":{"line":181,"column":19},"end":{"line":181,"column":29}},"45":{"start":{"line":183,"column":2},"end":{"line":198,"column":5}},"46":{"start":{"line":202,"column":0},"end":{"line":208,"column":3}},"47":{"start":{"line":203,"column":2},"end":{"line":207,"column":5}},"48":{"start":{"line":211,"column":0},"end":{"line":219,"column":3}},"49":{"start":{"line":212,"column":2},"end":{"line":212,"column":30}},"50":{"start":{"line":214,"column":2},"end":{"line":218,"column":5}},"51":{"start":{"line":222,"column":0},"end":{"line":228,"column":3}},"52":{"start":{"line":223,"column":2},"end":{"line":223,"column":54}},"53":{"start":{"line":224,"column":2},"end":{"line":224,"column":71}},"54":{"start":{"line":225,"column":2},"end":{"line":225,"column":66}},"55":{"start":{"line":226,"column":2},"end":{"line":226,"column":57}},"56":{"start":{"line":227,"column":2},"end":{"line":227,"column":47}},"57":{"start":{"line":230,"column":0},"end":{"line":230,"column":19}}},"fnMap":{"0":{"name":"(anonymous_1)","decl":{"start":{"line":38,"column":19},"end":{"line":38,"column":20}},"loc":{"start":{"line":38,"column":32},"end":{"line":49,"column":1}}},"1":{"name":"(anonymous_2)","decl":{"start":{"line":52,"column":19},"end":{"line":52,"column":20}},"loc":{"start":{"line":52,"column":32},"end":{"line":65,"column":1}}},"2":{"name":"(anonymous_3)","decl":{"start":{"line":68,"column":31},"end":{"line":68,"column":32}},"loc":{"start":{"line":68,"column":44},"end":{"line":99,"column":1}}},"3":{"name":"(anonymous_4)","decl":{"start":{"line":102,"column":21},"end":{"line":102,"column":22}},"loc":{"start":{"line":102,"column":55},"end":{"line":117,"column":1}}},"4":{"name":"(anonymous_5)","decl":{"start":{"line":120,"column":42},"end":{"line":120,"column":43}},"loc":{"start":{"line":120,"column":60},"end":{"line":125,"column":1}}},"5":{"name":"(anonymous_6)","decl":{"start":{"line":128,"column":42},"end":{"line":128,"column":43}},"loc":{"start":{"line":128,"column":55},"end":{"line":143,"column":1}}},"6":{"name":"(anonymous_7)","decl":{"start":{"line":146,"column":46},"end":{"line":146,"column":47}},"loc":{"start":{"line":146,"column":59},"end":{"line":159,"column":1}}},"7":{"name":"(anonymous_8)","decl":{"start":{"line":162,"column":45},"end":{"line":162,"column":46}},"loc":{"start":{"line":162,"column":58},"end":{"line":168,"column":1}}},"8":{"name":"(anonymous_9)","decl":{"start":{"line":171,"column":47},"end":{"line":171,"column":48}},"loc":{"start":{"line":171,"column":60},"end":{"line":177,"column":1}}},"9":{"name":"(anonymous_10)","decl":{"start":{"line":180,"column":28},"end":{"line":180,"column":29}},"loc":{"start":{"line":180,"column":41},"end":{"line":199,"column":1}}},"10":{"name":"(anonymous_11)","decl":{"start":{"line":202,"column":13},"end":{"line":202,"column":14}},"loc":{"start":{"line":202,"column":26},"end":{"line":208,"column":1}}},"11":{"name":"(anonymous_12)","decl":{"start":{"line":211,"column":8},"end":{"line":211,"column":9}},"loc":{"start":{"line":211,"column":52},"end":{"line":219,"column":1}}},"12":{"name":"(anonymous_13)","decl":{"start":{"line":222,"column":17},"end":{"line":222,"column":20}},"loc":{"start":{"line":222,"column":22},"end":{"line":228,"column":1}}}},"branchMap":{"0":{"loc":{"start":{"line":12,"column":13},"end":{"line":12,"column":37}},"type":"binary-expr","locations":[{"start":{"line":12,"column":13},"end":{"line":12,"column":29}},{"start":{"line":12,"column":33},"end":{"line":12,"column":37}}]},"1":{"loc":{"start":{"line":43,"column":17},"end":{"line":43,"column":54}},"type":"binary-expr","locations":[{"start":{"line":43,"column":17},"end":{"line":43,"column":37}},{"start":{"line":43,"column":41},"end":{"line":43,"column":54}}]},"2":{"loc":{"start":{"line":81,"column":2},"end":{"line":98,"column":3}},"type":"if","locations":[{"start":{"line":81,"column":2},"end":{"line":98,"column":3}},{"start":{"line":93,"column":9},"end":{"line":98,"column":3}}]},"3":{"loc":{"start":{"line":81,"column":6},"end":{"line":81,"column":40}},"type":"binary-expr","locations":[{"start":{"line":81,"column":6},"end":{"line":81,"column":10}},{"start":{"line":81,"column":14},"end":{"line":81,"column":40}}]},"4":{"loc":{"start":{"line":105,"column":2},"end":{"line":107,"column":3}},"type":"if","locations":[{"start":{"line":105,"column":2},"end":{"line":107,"column":3}}]},"5":{"loc":{"start":{"line":105,"column":6},"end":{"line":105,"column":51}},"type":"binary-expr","locations":[{"start":{"line":105,"column":6},"end":{"line":105,"column":12}},{"start":{"line":105,"column":16},"end":{"line":105,"column":51}}]},"6":{"loc":{"start":{"line":214,"column":13},"end":{"line":214,"column":30}},"type":"binary-expr","locations":[{"start":{"line":214,"column":13},"end":{"line":214,"column":23}},{"start":{"line":214,"column":27},"end":{"line":214,"column":30}}]},"7":{"loc":{"start":{"line":216,"column":13},"end":{"line":216,"column":54}},"type":"binary-expr","locations":[{"start":{"line":216,"column":13},"end":{"line":216,"column":24}},{"start":{"line":216,"column":28},"end":{"line":216,"column":54}}]},"8":{"loc":{"start":{"line":217,"column":8},"end":{"line":217,"column":70}},"type":"binary-expr","locations":[{"start":{"line":217,"column":8},"end":{"line":217,"column":46}},{"start":{"line":217,"column":50},"end":{"line":217,"column":70}}]},"9":{"loc":{"start":{"line":224,"column":30},"end":{"line":224,"column":67}},"type":"binary-expr","locations":[{"start":{"line":224,"column":30},"end":{"line":224,"column":50}},{"start":{"line":224,"column":54},"end":{"line":224,"column":67}}]}},"s":{"0":0,"1":0,"2":0,"3":0,"4":0,"5":0,"6":0,"7":0,"8":0,"9":0,"10":0,"11":0,"12":0,"13":0,"14":0,"15":0,"16":0,"17":0,"18":0,"19":0,"20":0,"21":0,"22":0,"23":0,"24":0,"25":0,"26":0,"27":0,"28":0,"29":0,"30":0,"31":0,"32":0,"33":0,"34":0,"35":0,"36":0,"37":0,"38":0,"39":0,"40":0,"41":0,"42":0,"43":0,"44":0,"45":0,"46":0,"47":0,"48":0,"49":0,"50":0,"51":0,"52":0,"53":0,"54":0,"55":0,"56":0,"57":0},"f":{"0":0,"1":0,"2":0,"3":0,"4":0,"5":0,"6":0,"7":0,"8":0,"9":0,"10":0,"11":0,"12":0},"b":{"0":[0,0],"1":[0,0],"2":[0,0],"3":[0,0],"4":[0],"5":[0,0],"6":[0,0],"7":[0,0],"8":[0,0],"9":[0,0]}}
,"/Users/andremontenegro/true label /server/src/index-simple.ts": {"path":"/Users/andremontenegro/true label /server/src/index-simple.ts","statementMap":{"0":{"start":{"line":1,"column":0},"end":{"line":1,"column":30}},"1":{"start":{"line":2,"column":0},"end":{"line":2,"column":24}},"2":{"start":{"line":3,"column":0},"end":{"line":3,"column":28}},"3":{"start":{"line":4,"column":0},"end":{"line":4,"column":24}},"4":{"start":{"line":7,"column":0},"end":{"line":7,"column":16}},"5":{"start":{"line":9,"column":12},"end":{"line":9,"column":21}},"6":{"start":{"line":10,"column":13},"end":{"line":10,"column":37}},"7":{"start":{"line":13,"column":0},"end":{"line":16,"column":4}},"8":{"start":{"line":17,"column":0},"end":{"line":17,"column":24}},"9":{"start":{"line":18,"column":0},"end":{"line":18,"column":48}},"10":{"start":{"line":21,"column":0},"end":{"line":21,"column":72}},"11":{"start":{"line":24,"column":0},"end":{"line":31,"column":3}},"12":{"start":{"line":25,"column":2},"end":{"line":30,"column":5}},"13":{"start":{"line":34,"column":0},"end":{"line":47,"column":3}},"14":{"start":{"line":35,"column":2},"end":{"line":46,"column":5}},"15":{"start":{"line":50,"column":0},"end":{"line":67,"column":3}},"16":{"start":{"line":51,"column":30},"end":{"line":51,"column":38}},"17":{"start":{"line":54,"column":2},"end":{"line":66,"column":3}},"18":{"start":{"line":55,"column":4},"end":{"line":63,"column":7}},"19":{"start":{"line":65,"column":4},"end":{"line":65,"column":61}},"20":{"start":{"line":70,"column":0},"end":{"line":80,"column":3}},"21":{"start":{"line":71,"column":2},"end":{"line":79,"column":5}},"22":{"start":{"line":83,"column":0},"end":{"line":85,"column":3}},"23":{"start":{"line":84,"column":2},"end":{"line":84,"column":57}},"24":{"start":{"line":87,"column":0},"end":{"line":90,"column":3}},"25":{"start":{"line":88,"column":2},"end":{"line":88,"column":27}},"26":{"start":{"line":89,"column":2},"end":{"line":89,"column":62}},"27":{"start":{"line":93,"column":0},"end":{"line":98,"column":3}},"28":{"start":{"line":94,"column":2},"end":{"line":94,"column":62}},"29":{"start":{"line":95,"column":2},"end":{"line":95,"column":71}},"30":{"start":{"line":96,"column":2},"end":{"line":96,"column":66}},"31":{"start":{"line":97,"column":2},"end":{"line":97,"column":57}},"32":{"start":{"line":100,"column":0},"end":{"line":100,"column":19}}},"fnMap":{"0":{"name":"(anonymous_1)","decl":{"start":{"line":24,"column":19},"end":{"line":24,"column":20}},"loc":{"start":{"line":24,"column":32},"end":{"line":31,"column":1}}},"1":{"name":"(anonymous_2)","decl":{"start":{"line":34,"column":19},"end":{"line":34,"column":20}},"loc":{"start":{"line":34,"column":32},"end":{"line":47,"column":1}}},"2":{"name":"(anonymous_3)","decl":{"start":{"line":50,"column":31},"end":{"line":50,"column":32}},"loc":{"start":{"line":50,"column":44},"end":{"line":67,"column":1}}},"3":{"name":"(anonymous_4)","decl":{"start":{"line":70,"column":28},"end":{"line":70,"column":29}},"loc":{"start":{"line":70,"column":41},"end":{"line":80,"column":1}}},"4":{"name":"(anonymous_5)","decl":{"start":{"line":83,"column":8},"end":{"line":83,"column":9}},"loc":{"start":{"line":83,"column":21},"end":{"line":85,"column":1}}},"5":{"name":"(anonymous_6)","decl":{"start":{"line":87,"column":8},"end":{"line":87,"column":9}},"loc":{"start":{"line":87,"column":94},"end":{"line":90,"column":1}}},"6":{"name":"(anonymous_7)","decl":{"start":{"line":93,"column":17},"end":{"line":93,"column":20}},"loc":{"start":{"line":93,"column":22},"end":{"line":98,"column":1}}}},"branchMap":{"0":{"loc":{"start":{"line":10,"column":13},"end":{"line":10,"column":37}},"type":"binary-expr","locations":[{"start":{"line":10,"column":13},"end":{"line":10,"column":29}},{"start":{"line":10,"column":33},"end":{"line":10,"column":37}}]},"1":{"loc":{"start":{"line":29,"column":17},"end":{"line":29,"column":54}},"type":"binary-expr","locations":[{"start":{"line":29,"column":17},"end":{"line":29,"column":37}},{"start":{"line":29,"column":41},"end":{"line":29,"column":54}}]},"2":{"loc":{"start":{"line":54,"column":2},"end":{"line":66,"column":3}},"type":"if","locations":[{"start":{"line":54,"column":2},"end":{"line":66,"column":3}},{"start":{"line":64,"column":9},"end":{"line":66,"column":3}}]},"3":{"loc":{"start":{"line":54,"column":6},"end":{"line":54,"column":64}},"type":"binary-expr","locations":[{"start":{"line":54,"column":6},"end":{"line":54,"column":37}},{"start":{"line":54,"column":41},"end":{"line":54,"column":64}}]},"4":{"loc":{"start":{"line":95,"column":30},"end":{"line":95,"column":67}},"type":"binary-expr","locations":[{"start":{"line":95,"column":30},"end":{"line":95,"column":50}},{"start":{"line":95,"column":54},"end":{"line":95,"column":67}}]}},"s":{"0":0,"1":0,"2":0,"3":0,"4":0,"5":0,"6":0,"7":0,"8":0,"9":0,"10":0,"11":0,"12":0,"13":0,"14":0,"15":0,"16":0,"17":0,"18":0,"19":0,"20":0,"21":0,"22":0,"23":0,"24":0,"25":0,"26":0,"27":0,"28":0,"29":0,"30":0,"31":0,"32":0},"f":{"0":0,"1":0,"2":0,"3":0,"4":0,"5":0,"6":0},"b":{"0":[0,0],"1":[0,0],"2":[0,0],"3":[0,0],"4":[0,0]}}
,"/Users/andremontenegro/true label /server/src/index.ts": {"path":"/Users/andremontenegro/true label /server/src/index.ts","statementMap":{"0":{"start":{"line":1,"column":0},"end":{"line":1,"column":30}},"1":{"start":{"line":2,"column":0},"end":{"line":2,"column":24}},"2":{"start":{"line":3,"column":0},"end":{"line":3,"column":28}},"3":{"start":{"line":4,"column":0},"end":{"line":4,"column":38}},"4":{"start":{"line":5,"column":0},"end":{"line":5,"column":43}},"5":{"start":{"line":8,"column":0},"end":{"line":8,"column":36}},"6":{"start":{"line":9,"column":0},"end":{"line":9,"column":43}},"7":{"start":{"line":12,"column":0},"end":{"line":12,"column":106}},"8":{"start":{"line":15,"column":0},"end":{"line":15,"column":65}},"9":{"start":{"line":18,"column":0},"end":{"line":18,"column":39}},"10":{"start":{"line":19,"column":0},"end":{"line":19,"column":46}},"11":{"start":{"line":20,"column":0},"end":{"line":20,"column":44}},"12":{"start":{"line":21,"column":0},"end":{"line":21,"column":52}},"13":{"start":{"line":22,"column":0},"end":{"line":22,"column":35}},"14":{"start":{"line":23,"column":0},"end":{"line":23,"column":53}},"15":{"start":{"line":24,"column":0},"end":{"line":24,"column":43}},"16":{"start":{"line":25,"column":0},"end":{"line":25,"column":43}},"17":{"start":{"line":26,"column":0},"end":{"line":26,"column":49}},"18":{"start":{"line":27,"column":0},"end":{"line":27,"column":56}},"19":{"start":{"line":28,"column":0},"end":{"line":28,"column":40}},"20":{"start":{"line":29,"column":0},"end":{"line":29,"column":58}},"21":{"start":{"line":30,"column":0},"end":{"line":30,"column":61}},"22":{"start":{"line":31,"column":0},"end":{"line":31,"column":51}},"23":{"start":{"line":36,"column":0},"end":{"line":36,"column":null}},"24":{"start":{"line":43,"column":0},"end":{"line":43,"column":82}},"25":{"start":{"line":44,"column":0},"end":{"line":44,"column":111}},"26":{"start":{"line":45,"column":0},"end":{"line":45,"column":47}},"27":{"start":{"line":48,"column":0},"end":{"line":48,"column":65}},"28":{"start":{"line":51,"column":0},"end":{"line":51,"column":59}},"29":{"start":{"line":53,"column":0},"end":{"line":53,"column":65}},"30":{"start":{"line":54,"column":0},"end":{"line":54,"column":51}},"31":{"start":{"line":57,"column":0},"end":{"line":57,"column":17}},"32":{"start":{"line":59,"column":12},"end":{"line":59,"column":21}},"33":{"start":{"line":60,"column":15},"end":{"line":60,"column":32}},"34":{"start":{"line":63,"column":0},"end":{"line":63,"column":16}},"35":{"start":{"line":66,"column":0},"end":{"line":66,"column":32}},"36":{"start":{"line":67,"column":0},"end":{"line":67,"column":32}},"37":{"start":{"line":70,"column":0},"end":{"line":70,"column":25}},"38":{"start":{"line":71,"column":0},"end":{"line":71,"column":23}},"39":{"start":{"line":74,"column":0},"end":{"line":74,"column":31}},"40":{"start":{"line":75,"column":0},"end":{"line":75,"column":28}},"41":{"start":{"line":76,"column":0},"end":{"line":76,"column":27}},"42":{"start":{"line":77,"column":0},"end":{"line":77,"column":26}},"43":{"start":{"line":78,"column":0},"end":{"line":78,"column":28}},"44":{"start":{"line":81,"column":16},"end":{"line":91,"column":2}},"45":{"start":{"line":89,"column":4},"end":{"line":89,"column":32}},"46":{"start":{"line":94,"column":0},"end":{"line":94,"column":18}},"47":{"start":{"line":95,"column":0},"end":{"line":95,"column":23}},"48":{"start":{"line":96,"column":0},"end":{"line":96,"column":17}},"49":{"start":{"line":99,"column":0},"end":{"line":104,"column":4}},"50":{"start":{"line":107,"column":16},"end":{"line":107,"column":70}},"51":{"start":{"line":108,"column":0},"end":{"line":108,"column":42}},"52":{"start":{"line":109,"column":0},"end":{"line":109,"column":64}},"53":{"start":{"line":112,"column":0},"end":{"line":112,"column":56}},"54":{"start":{"line":115,"column":0},"end":{"line":115,"column":86}},"55":{"start":{"line":118,"column":0},"end":{"line":118,"column":48}},"56":{"start":{"line":119,"column":0},"end":{"line":119,"column":39}},"57":{"start":{"line":122,"column":0},"end":{"line":152,"column":3}},"58":{"start":{"line":123,"column":2},"end":{"line":151,"column":3}},"59":{"start":{"line":125,"column":40},"end":{"line":125,"column":68}},"60":{"start":{"line":126,"column":22},"end":{"line":126,"column":53}},"61":{"start":{"line":129,"column":22},"end":{"line":129,"column":49}},"62":{"start":{"line":130,"column":25},"end":{"line":130,"column":44}},"63":{"start":{"line":132,"column":4},"end":{"line":144,"column":7}},"64":{"start":{"line":146,"column":4},"end":{"line":150,"column":7}},"65":{"start":{"line":155,"column":0},"end":{"line":155,"column":38}},"66":{"start":{"line":156,"column":0},"end":{"line":156,"column":52}},"67":{"start":{"line":157,"column":0},"end":{"line":157,"column":40}},"68":{"start":{"line":158,"column":0},"end":{"line":158,"column":38}},"69":{"start":{"line":159,"column":0},"end":{"line":159,"column":46}},"70":{"start":{"line":160,"column":0},"end":{"line":160,"column":51}},"71":{"start":{"line":161,"column":0},"end":{"line":161,"column":29}},"72":{"start":{"line":162,"column":0},"end":{"line":162,"column":47}},"73":{"start":{"line":163,"column":0},"end":{"line":163,"column":37}},"74":{"start":{"line":164,"column":0},"end":{"line":164,"column":43}},"75":{"start":{"line":165,"column":0},"end":{"line":165,"column":50}},"76":{"start":{"line":166,"column":0},"end":{"line":166,"column":28}},"77":{"start":{"line":167,"column":0},"end":{"line":167,"column":37}},"78":{"start":{"line":168,"column":0},"end":{"line":168,"column":45}},"79":{"start":{"line":171,"column":0},"end":{"line":171,"column":33}},"80":{"start":{"line":174,"column":0},"end":{"line":174,"column":25}},"81":{"start":{"line":177,"column":0},"end":{"line":177,"column":30}},"82":{"start":{"line":180,"column":0},"end":{"line":180,"column":30}},"83":{"start":{"line":183,"column":0},"end":{"line":183,"column":36}},"84":{"start":{"line":186,"column":0},"end":{"line":211,"column":3}},"85":{"start":{"line":187,"column":2},"end":{"line":187,"column":61}},"86":{"start":{"line":188,"column":2},"end":{"line":188,"column":49}},"87":{"start":{"line":189,"column":2},"end":{"line":189,"column":73}},"88":{"start":{"line":190,"column":2},"end":{"line":190,"column":41}},"89":{"start":{"line":193,"column":2},"end":{"line":197,"column":3}},"90":{"start":{"line":194,"column":4},"end":{"line":194,"column":49}},"91":{"start":{"line":195,"column":4},"end":{"line":195,"column":32}},"92":{"start":{"line":196,"column":4},"end":{"line":196,"column":26}},"93":{"start":{"line":200,"column":2},"end":{"line":200,"column":70}},"94":{"start":{"line":201,"column":2},"end":{"line":201,"column":71}},"95":{"start":{"line":202,"column":2},"end":{"line":202,"column":88}},"96":{"start":{"line":205,"column":2},"end":{"line":207,"column":5}},"97":{"start":{"line":205,"column":2},"end":{"line":205,"column":42}},"98":{"start":{"line":206,"column":4},"end":{"line":206,"column":50}},"99":{"start":{"line":210,"column":2},"end":{"line":210,"column":14}},"100":{"start":{"line":214,"column":0},"end":{"line":226,"column":3}},"101":{"start":{"line":215,"column":2},"end":{"line":215,"column":61}},"102":{"start":{"line":216,"column":2},"end":{"line":216,"column":30}},"103":{"start":{"line":219,"column":20},"end":{"line":219,"column":47}},"104":{"start":{"line":220,"column":2},"end":{"line":220,"column":27}},"105":{"start":{"line":222,"column":2},"end":{"line":225,"column":5}},"106":{"start":{"line":223,"column":4},"end":{"line":223,"column":52}},"107":{"start":{"line":224,"column":4},"end":{"line":224,"column":20}},"108":{"start":{"line":228,"column":0},"end":{"line":240,"column":3}},"109":{"start":{"line":229,"column":2},"end":{"line":229,"column":60}},"110":{"start":{"line":230,"column":2},"end":{"line":230,"column":30}},"111":{"start":{"line":233,"column":20},"end":{"line":233,"column":47}},"112":{"start":{"line":234,"column":2},"end":{"line":234,"column":27}},"113":{"start":{"line":236,"column":2},"end":{"line":239,"column":5}},"114":{"start":{"line":237,"column":4},"end":{"line":237,"column":52}},"115":{"start":{"line":238,"column":4},"end":{"line":238,"column":20}},"116":{"start":{"line":242,"column":0},"end":{"line":242,"column":19}}},"fnMap":{"0":{"name":"(anonymous_10)","decl":{"start":{"line":87,"column":8},"end":{"line":87,"column":9}},"loc":{"start":{"line":87,"column":16},"end":{"line":90,"column":3}}},"1":{"name":"(anonymous_11)","decl":{"start":{"line":122,"column":19},"end":{"line":122,"column":24}},"loc":{"start":{"line":122,"column":38},"end":{"line":152,"column":1}}},"2":{"name":"(anonymous_12)","decl":{"start":{"line":125,"column":40},"end":{"line":125,"column":53}},"loc":{"start":{"line":125,"column":40},"end":{"line":125,"column":68}}},"3":{"name":"(anonymous_13)","decl":{"start":{"line":129,"column":22},"end":{"line":129,"column":35}},"loc":{"start":{"line":129,"column":22},"end":{"line":129,"column":49}}},"4":{"name":"(anonymous_14)","decl":{"start":{"line":186,"column":27},"end":{"line":186,"column":30}},"loc":{"start":{"line":186,"column":32},"end":{"line":211,"column":1}}},"5":{"name":"(anonymous_15)","decl":{"start":{"line":205,"column":2},"end":{"line":205,"column":9}},"loc":{"start":{"line":205,"column":2},"end":{"line":205,"column":42}}},"6":{"name":"(anonymous_16)","decl":{"start":{"line":205,"column":47},"end":{"line":205,"column":48}},"loc":{"start":{"line":205,"column":83},"end":{"line":207,"column":3}}},"7":{"name":"(anonymous_17)","decl":{"start":{"line":214,"column":22},"end":{"line":214,"column":27}},"loc":{"start":{"line":214,"column":33},"end":{"line":226,"column":1}}},"8":{"name":"(anonymous_18)","decl":{"start":{"line":219,"column":20},"end":{"line":219,"column":33}},"loc":{"start":{"line":219,"column":20},"end":{"line":219,"column":47}}},"9":{"name":"(anonymous_19)","decl":{"start":{"line":222,"column":15},"end":{"line":222,"column":18}},"loc":{"start":{"line":222,"column":20},"end":{"line":225,"column":3}}},"10":{"name":"(anonymous_20)","decl":{"start":{"line":228,"column":21},"end":{"line":228,"column":26}},"loc":{"start":{"line":228,"column":32},"end":{"line":240,"column":1}}},"11":{"name":"(anonymous_21)","decl":{"start":{"line":233,"column":20},"end":{"line":233,"column":33}},"loc":{"start":{"line":233,"column":20},"end":{"line":233,"column":47}}},"12":{"name":"(anonymous_22)","decl":{"start":{"line":236,"column":15},"end":{"line":236,"column":18}},"loc":{"start":{"line":236,"column":20},"end":{"line":239,"column":3}}}},"branchMap":{"0":{"loc":{"start":{"line":133,"column":14},"end":{"line":133,"column":48}},"type":"cond-expr","locations":[{"start":{"line":133,"column":26},"end":{"line":133,"column":35}},{"start":{"line":133,"column":38},"end":{"line":133,"column":48}}]},"1":{"loc":{"start":{"line":137,"column":16},"end":{"line":137,"column":56}},"type":"cond-expr","locations":[{"start"
[...]
nonymous_4)","decl":{"start":{"line":211,"column":25},"end":{"line":211,"column":26}},"loc":{"start":{"line":215,"column":9},"end":{"line":250,"column":4}}},"5":{"name":"(anonymous_5)","decl":{"start":{"line":258,"column":21},"end":{"line":258,"column":22}},"loc":{"start":{"line":258,"column":80},"end":{"line":297,"column":4}}},"6":{"name":"(anonymous_6)","decl":{"start":{"line":300,"column":21},"end":{"line":300,"column":22}},"loc":{"start":{"line":300,"column":48},"end":{"line":310,"column":4}}},"7":{"name":"(anonymous_7)","decl":{"start":{"line":318,"column":20},"end":{"line":318,"column":21}},"loc":{"start":{"line":318,"column":81},"end":{"line":368,"column":4}}},"8":{"name":"(anonymous_8)","decl":{"start":{"line":371,"column":18},"end":{"line":371,"column":19}},"loc":{"start":{"line":371,"column":40},"end":{"line":381,"column":4}}},"9":{"name":"(anonymous_9)","decl":{"start":{"line":389,"column":27},"end":{"line":389,"column":28}},"loc":{"start":{"line":389,"column":54},"end":{"line":411,"column":4}}},"10":{"name":"(anonymous_10)","decl":{"start":{"line":414,"column":19},"end":{"line":414,"column":20}},"loc":{"start":{"line":414,"column":68},"end":{"line":455,"column":3}}},"11":{"name":"(anonymous_11)","decl":{"start":{"line":463,"column":23},"end":{"line":463,"column":24}},"loc":{"start":{"line":463,"column":64},"end":{"line":478,"column":4}}},"12":{"name":"(anonymous_12)","decl":{"start":{"line":481,"column":18},"end":{"line":481,"column":19}},"loc":{"start":{"line":481,"column":50},"end":{"line":489,"column":4}}},"13":{"name":"(anonymous_13)","decl":{"start":{"line":497,"column":18},"end":{"line":497,"column":19}},"loc":{"start":{"line":501,"column":9},"end":{"line":536,"column":4}}},"14":{"name":"(anonymous_14)","decl":{"start":{"line":544,"column":25},"end":{"line":544,"column":30}},"loc":{"start":{"line":552,"column":6},"end":{"line":591,"column":3}}},"15":{"name":"(anonymous_15)","decl":{"start":{"line":556,"column":28},"end":{"line":556,"column":29}},"loc":{"start":{"line":556,"column":34},"end":{"line":560,"column":10}}},"16":{"name":"(anonymous_16)","decl":{"start":{"line":569,"column":30},"end":{"line":569,"column":31}},"loc":{"start":{"line":569,"column":35},"end":{"line":569,"column":69}}},"17":{"name":"(anonymous_17)","decl":{"start":{"line":574,"column":6},"end":{"line":574,"column":7}},"loc":{"start":{"line":574,"column":11},"end":{"line":574,"column":63}}},"18":{"name":"(anonymous_18)","decl":{"start":{"line":579,"column":25},"end":{"line":579,"column":26}},"loc":{"start":{"line":580,"column":8},"end":{"line":588,"column":10}}},"19":{"name":"(anonymous_19)","decl":{"start":{"line":594,"column":27},"end":{"line":594,"column":32}},"loc":{"start":{"line":598,"column":6},"end":{"line":608,"column":3}}},"20":{"name":"(anonymous_20)","decl":{"start":{"line":615,"column":2},"end":{"line":615,"column":8}},"loc":{"start":{"line":617,"column":29},"end":{"line":645,"column":3}}},"21":{"name":"(anonymous_21)","decl":{"start":{"line":651,"column":63},"end":{"line":651,"column":68}},"loc":{"start":{"line":651,"column":86},"end":{"line":672,"column":1}}},"22":{"name":"(anonymous_22)","decl":{"start":{"line":677,"column":37},"end":{"line":677,"column":40}},"loc":{"start":{"line":677,"column":42},"end":{"line":690,"column":1}}}},"branchMap":{"0":{"loc":{"start":{"line":144,"column":11},"end":{"line":144,"column":37}},"type":"cond-expr","locations":[{"start":{"line":144,"column":21},"end":{"line":144,"column":32}},{"start":{"line":144,"column":35},"end":{"line":144,"column":37}}]},"1":{"loc":{"start":{"line":218,"column":10},"end":{"line":218,"column":60}},"type":"binary-expr","locations":[{"start":{"line":218,"column":10},"end":{"line":218,"column":23}},{"start":{"line":218,"column":27},"end":{"line":218,"column":60}}]},"2":{"loc":{"start":{"line":274,"column":15},"end":{"line":279,"column":14}},"type":"cond-expr","locations":[{"start":{"line":274,"column":27},"end":{"line":279,"column":10}},{"start":{"line":279,"column":12},"end":{"line":279,"column":14}}]},"3":{"loc":{"start":{"line":463,"column":40},"end":{"line":463,"column":58}},"type":"default-arg","locations":[{"start":{"line":463,"column":56},"end":{"line":463,"column":58}}]},"4":{"loc":{"start":{"line":512,"column":12},"end":{"line":512,"column":69}},"type":"cond-expr","locations":[{"start":{"line":512,"column":32},"end":{"line":512,"column":64}},{"start":{"line":512,"column":67},"end":{"line":512,"column":69}}]},"5":{"loc":{"start":{"line":513,"column":12},"end":{"line":513,"column":63}},"type":"cond-expr","locations":[{"start":{"line":513,"column":30},"end":{"line":513,"column":58}},{"start":{"line":513,"column":61},"end":{"line":513,"column":63}}]},"6":{"loc":{"start":{"line":514,"column":12},"end":{"line":514,"column":66}},"type":"cond-expr","locations":[{"start":{"line":514,"column":31},"end":{"line":514,"column":61}},{"start":{"line":514,"column":64},"end":{"line":514,"column":66}}]},"7":{"loc":{"start":{"line":585,"column":22},"end":{"line":585,"column":44}},"type":"binary-expr","locations":[{"start":{"line":585,"column":22},"end":{"line":585,"column":32}},{"start":{"line":585,"column":36},"end":{"line":585,"column":44}}]},"8":{"loc":{"start":{"line":627,"column":6},"end":{"line":633,"column":7}},"type":"if","locations":[{"start":{"line":627,"column":6},"end":{"line":633,"column":7}}]},"9":{"loc":{"start":{"line":655,"column":2},"end":{"line":669,"column":3}},"type":"if","locations":[{"start":{"line":655,"column":2},"end":{"line":669,"column":3}}]},"10":{"loc":{"start":{"line":659,"column":4},"end":{"line":666,"column":5}},"type":"if","locations":[{"start":{"line":659,"column":4},"end":{"line":666,"column":5}}]}},"s":{"0":0,"1":0,"2":0,"3":0,"4":0,"5":0,"6":0,"7":0,"8":0,"9":0,"10":0,"11":0,"12":0,"13":0,"14":0,"15":0,"16":0,"17":0,"18":0,"19":0,"20":0,"21":0,"22":0,"23":0,"24":0,"25":0,"26":0,"27":0,"28":0,"29":0,"30":0,"31":0,"32":0,"33":0,"34":0,"35":0,"36":0,"37":0,"38":0,"39":0,"40":0,"41":0,"42":0,"43":0,"44":0,"45":0,"46":0,"47":0,"48":0,"49":0,"50":0,"51":0,"52":0,"53":0,"54":0,"55":0,"56":0,"57":0,"58":0,"59":0,"60":0,"61":0},"f":{"0":0,"1":0,"2":0,"3":0,"4":0,"5":0,"6":0,"7":0,"8":0,"9":0,"10":0,"11":0,"12":0,"13":0,"14":0,"15":0,"16":0,"17":0,"18":0,"19":0,"20":0,"21":0,"22":0},"b":{"0":[0,0],"1":[0,0],"2":[0,0],"3":[0],"4":[0,0],"5":[0,0],"6":[0,0],"7":[0,0],"8":[0],"9":[0],"10":[0]}}
,"/Users/andremontenegro/true label /server/src/utils/database/query-examples.ts": {"path":"/Users/andremontenegro/true label /server/src/utils/database/query-examples.ts","statementMap":{"0":{"start":{"line":1,"column":0},"end":{"line":1,"column":46}},"1":{"start":{"line":2,"column":0},"end":{"line":2,"column":null}},"2":{"start":{"line":8,"column":15},"end":{"line":8,"column":33}},"3":{"start":{"line":17,"column":19},"end":{"line":17,"column":50}},"4":{"start":{"line":19,"column":2},"end":{"line":24,"column":3}},"5":{"start":{"line":20,"column":24},"end":{"line":22,"column":6}},"6":{"start":{"line":23,"column":4},"end":{"line":23,"column":38}},"7":{"start":{"line":26,"column":2},"end":{"line":26,"column":18}},"8":{"start":{"line":31,"column":2},"end":{"line":42,"column":5}},"9":{"start":{"line":47,"column":19},"end":{"line":47,"column":69}},"10":{"start":{"line":48,"column":22},"end":{"line":50,"column":4}},"11":{"start":{"line":51,"column":29},"end":{"line":56,"column":4}},"12":{"start":{"line":57,"column":18},"end":{"line":59,"column":4}},"13":{"start":{"line":61,"column":2},"end":{"line":61,"column":64}},"14":{"start":{"line":66,"column":51},"end":{"line":87,"column":4}},"15":{"start":{"line":89,"column":2},"end":{"line":96,"column":4}},"16":{"start":{"line":90,"column":49},"end":{"line":90,"column":66}},"17":{"start":{"line":92,"column":55},"end":{"line":92,"column":72}},"18":{"start":{"line":101,"column":2},"end":{"line":113,"column":5}},"19":{"start":{"line":118,"column":2},"end":{"line":121,"column":4}},"20":{"start":{"line":120,"column":10},"end":{"line":120,"column":82}},"21":{"start":{"line":127,"column":19},"end":{"line":134,"column":4}},"22":{"start":{"line":137,"column":2},"end":{"line":137,"column":56}},"23":{"start":{"line":137,"column":30},"end":{"line":137,"column":54}},"24":{"start":{"line":142,"column":2},"end":{"line":164,"column":5}},"25":{"start":{"line":169,"column":2},"end":{"line":186,"column":3}},"26":{"start":{"line":170,"column":23},"end":{"line":170,"column":63}},"27":{"start":{"line":173,"column":25},"end":{"line":180,"column":6}},"28":{"start":{"line":182,"column":4},"end":{"line":182,"column":40}},"29":{"start":{"line":185,"column":4},"end":{"line":185,"column":16}},"30":{"start":{"line":191,"column":2},"end":{"line":211,"column":5}},"31":{"start":{"line":192,"column":23},"end":{"line":192,"column":59}},"32":{"start":{"line":194,"column":25},"end":{"line":202,"column":6}},"33":{"start":{"line":205,"column":4},"end":{"line":208,"column":7}},"34":{"start":{"line":210,"column":4},"end":{"line":210,"column":40}},"35":{"start":{"line":216,"column":22},"end":{"line":218,"column":4}},"36":{"start":{"line":220,"column":16},"end":{"line":220,"column":34}},"37":{"start":{"line":221,"column":16},"end":{"line":221,"column":34}},"38":{"start":{"line":222,"column":28},"end":{"line":222,"column":67}},"39":{"start":{"line":224,"column":2},"end":{"line":229,"column":4}},"40":{"start":{"line":234,"column":24},"end":{"line":249,"column":4}},"41":{"start":{"line":251,"column":2},"end":{"line":257,"column":4}},"42":{"start":{"line":263,"column":15},"end":{"line":272,"column":4}},"43":{"start":{"line":274,"column":2},"end":{"line":274,"column":39}},"44":{"start":{"line":278,"column":24},"end":{"line":278,"column":84}},"45":{"start":{"line":279,"column":18},"end":{"line":279,"column":31}},"46":{"start":{"line":282,"column":17},"end":{"line":282,"column":44}},"47":{"start":{"line":283,"column":14},"end":{"line":283,"column":24}},"48":{"start":{"line":285,"column":2},"end":{"line":287,"column":3}},"49":{"start":{"line":286,"column":4},"end":{"line":286,"column":30}},"50":{"start":{"line":289,"column":15},"end":{"line":303,"column":4}},"51":{"start":{"line":305,"column":22},"end":{"line":305,"column":51}},"52":{"start":{"line":306,"column":2},"end":{"line":306,"column":63}},"53":{"start":{"line":308,"column":2},"end":{"line":308,"column":21}},"54":{"start":{"line":314,"column":19},"end":{"line":321,"column":4}},"55":{"start":{"line":323,"column":2},"end":{"line":323,"column":18}},"56":{"start":{"line":328,"column":20},"end":{"line":328,"column":23}},"57":{"start":{"line":331,"column":2},"end":{"line":355,"column":3}},"58":{"start":{"line":332,"column":21},"end":{"line":346,"column":6}},"59":{"start":{"line":348,"column":4},"end":{"line":348,"column":37}},"60":{"start":{"line":348,"column":31},"end":{"line":348,"column":37}},"61":{"start":{"line":350,"column":4},"end":{"line":350,"column":19}},"62":{"start":{"line":352,"column":4},"end":{"line":352,"column":46}},"63":{"start":{"line":354,"column":4},"end":{"line":354,"column":43}},"64":{"start":{"line":354,"column":37},"end":{"line":354,"column":43}},"65":{"start":{"line":360,"column":20},"end":{"line":360,"column":48}},"66":{"start":{"line":361,"column":18},"end":{"line":361,"column":42}},"67":{"start":{"line":363,"column":19},"end":{"line":379,"column":4}},"68":{"start":{"line":382,"column":16},"end":{"line":389,"column":4}},"69":{"start":{"line":384,"column":44},"end":{"line":384,"column":68}},"70":{"start":{"line":385,"column":50},"end":{"line":385,"column":76}},"71":{"start":{"line":387,"column":6},"end":{"line":387,"column":71}},"72":{"start":{"line":387,"column":44},"end":{"line":387,"column":67}},"73":{"start":{"line":391,"column":2},"end":{"line":391,"column":15}},"74":{"start":{"line":396,"column":20},"end":{"line":396,"column":48}},"75":{"start":{"line":397,"column":18},"end":{"line":397,"column":42}},"76":{"start":{"line":399,"column":53},"end":{"line":435,"column":4}},"77":{"start":{"line":437,"column":2},"end":{"line":441,"column":4}},"78":{"start":{"line":445,"column":13},"end":{"line":468,"column":2}}},"fnMap":{"0":{"name":"badGetProductsWithValidations","decl":{"start":{"line":15,"column":15},"end":{"line":15,"column":44}},"loc":{"start":{"line":15,"column":44},"end":{"line":27,"column":1}}},"1":{"name":"goodGetProductsWithValidations","decl":{"start":{"line":30,"column":15},"end":{"line":30,"column":45}},"loc":{"start":{"line":30,"column":45},"end":{"line":43,"column":1}}},"2":{"name":"badGetDashboardData","decl":{"start":{"line":46,"column":15},"end":{"line":46,"column":34}},"loc":{"start":{"line":46,"column":50},"end":{"line":62,"column":1}}},"3":{"name":"goodGetDashboardData","decl":{"start":{"line":65,"column":15},"end":{"line":65,"column":35}},"loc":{"start":{"line":65,"column":51},"end":{"line":97,"column":1}}},"4":{"name":"(anonymous_4)","decl":{"start":{"line":90,"column":34},"end":{"line":90,"column":35}},"loc":{"start":{"line":90,"column":49},"end":{"line":90,"column":66}}},"5":{"name":"(anonymous_5)","decl":{"start":{"line":92,"column":40},"end":{"line":92,"column":41}},"loc":{"start":{"line":92,"column":55},"end":{"line":92,"column":72}}},"6":{"name":"badGetProductDetails","decl":{"start":{"line":100,"column":15},"end":{"line":100,"column":35}},"loc":{"start":{"line":100,"column":53},"end":{"line":114,"column":1}}},"7":{"name":"goodGetProductDetails","decl":{"start":{"line":117,"column":15},"end":{"line":117,"column":36}},"loc":{"start":{"line":117,"column":54},"end":{"line":122,"column":1}}},"8":{"name":"(anonymous_8)","decl":{"start":{"line":120,"column":4},"end":{"line":120,"column":7}},"loc":{"start":{"line":120,"column":10},"end":{"line":120,"column":82}}},"9":{"name":"badSearchProducts","decl":{"start":{"line":125,"column":15},"end":{"line":125,"column":32}},"loc":{"start":{"line":125,"column":51},"end":{"line":138,"column":1}}},"10":{"name":"(anonymous_10)","decl":{"start":{"line":137,"column":25},"end":{"line":137,"column":26}},"loc":{"start":{"line":137,"column":30},"end":{"line":137,"column":54}}},"11":{"name":"goodSearchProducts","decl":{"start":{"line":141,"column":15},"end":{"line":141,"column":33}},"loc":{"start":{"line":141,"column":52},"end":{"line":165,"column":1}}},"12":{"name":"badCreateValidationWithNotification","decl":{"start":{"line":168,"column":15},"end":{"line":168,"column":50}},"loc":{"start":{"line":168,"column":60},"end":{"line":187,"column":1}}},"13":{"name":"goodCreateValidationWithNotification","decl":{"start":{"line":190,"column":15},"end":{"line":190,"column":51}},"loc":{"start":{"line":190,"column":61},"end":{"line":212,"column":1}}},"14":{"name":"(anonymous_14)","decl":{"start":{"line":191,"column":35},"end":{"line":191,"column":40}},"loc":{"start":{"line":191,"column":48},"end":{"line":211,"column":3}}},"15":{"name":"badGetPaginatedProducts","decl":{"start":{"line":215,"column":15},"end":{"line":215,"column":38}},"loc":{"start":{"line":215,"column":66},"end":{"line":230,"column":1}}},"16":{"name":"goodGetPaginatedProducts","decl":{"start":{"line":233,"column":15},"end":{"line":233,"column":39}},"loc":{"start":{"line":233,"column":67},"end":{"line":258,"column":1}}},"17":{"name":"badGetUserPermissions","decl":{"start":{"line":261,"column":15},"end":{"line":261,"column":36}},"loc":{"start":{"line":261,"column":51},"end":{"line":275,"column":1}}},"18":{"name":"goodGetUserPermissions","decl":{"start":{"line":281,"column":15},"end":{"line":281,"column":37}},"loc":{"start":{"line":281,"column":52},"end":{"line":309,"column":1}}},"19":{"name":"badExportAllProducts","decl":{"start":{"line":312,"column":15},"end":{"line":312,"column":35}},"loc":{"start":{"line":312,"column":51},"end":{"line":324,"column":1}}},"20":{"name":"goodExportAllProducts","decl":{"start":{"line":327,"column":16},"end":{"line":327,"column":37}},"loc":{"start":{"line":327,"column":53},"end":{"line":356,"column":1}}},"21":{"name":"badCalculateMonthlyStats","decl":{"start":{"line":359,"column":15},"end":{"line":359,"column":39}},"loc":{"start":{"line":359,"column":84},"end":{"line":392,"column":1}}},"22":{"name":"(anonymous_22)","decl":{"start":{"line":384,"column":39},"end":{"line":384,"column":40}},"loc":{"start":{"line":384,"column":44},"end":{"line":384,"column":68}}},"23":{"name":"(anonymous_23)","decl":{"start":{"line":385,"column":38},"end":{"line":385,"column":39}},"loc":{"start":{"line":385,"column":50},"end":{"line":385,"column":76}}},"24":{"name":"(anonymous_24)","decl":{"start":{"line":386,"column":32},"end":{"line":386,"column":33}},"loc":{"start":{"line":387,"column":6},"end":{"line":387,"column":71}}},"25":{"name":"(anonymous_25)","decl":{"start":{"line":387,"column":29},"end":{"line":387,"column":30}},"loc":{"start":{"line":387,"column":44},"end":{"line":387,"column":67}}},"26":{"name":"goodCalculateMonthlyStats","decl":{"start":{"line":395,"column":15},"end":{"line":395,"column":40}},"loc":{"start":{"line":395,"column":85},"end":{"line":442,"column":1}}}},"branchMap":{"0":{"loc":{"start":{"line":94,"column":18},"end":{"line":94,"column":45}},"type":"binary-expr","locations":[{"start":{"line":94,"column":18},"end":{"line":94,"column":40}},{"start":{"line":94,"column":44},"end":{"line":94,"column":45}}]},"1":{"loc":{"start":{"line":274,"column":9},"end":{"line":274,"column":38}},"type":"binary-expr","locations":[{"start":{"line":274,"column":9},"end":{"line":274,"column":32}},{"start":{"line":274,"column":36},"end":{"line":274,"column":38}}]},"2":{"loc":{"start":{"line":285,"column":2},"end":{"line":287,"column":3}},"type":"if","locations":[{"start":{"line":285,"column":2},"end":{"line":287,"column":3}}]},"3":{"loc":{"start":{"line":285,"column":6},"end":{"line":285,"column":52}},"type":"binary-expr","locations":[{"start":{"line":285,"column":6},"end":{"line":285,"column":12}},{"start":{"line":285,"column":16},"end":{"line":285,"column":52}}]},"4":{"loc":{"start":{"line":305,"column":22},"end":{"line":305,"column":51}},"type":"binary-expr","locations":[{"start":{"line":305,"column":22},"end":{"line":305,"column":45}},{"start":{"line":305,"column":49},"end":{"line":305,"column":51}}]},"5":{"loc":{"start":{"line":335,"column":12},"end":{"line":335,"column":26}},"type":"cond-expr","locations":[{"start":{"line":335,"column":21},"end":{"line":335,"column":22}},{"start":{"line":335,"column":25},"end":{"line":335,"column":26}}]},"6":{"loc":{"start":{"line":336,"column":14},"end":{"line":336,"column":49}},"type":"cond-expr","locations":[{"start":{"line":336,"column":23},"end":{"line":336,"column":37}},{"start":{"line":336,"column":40},"end":{"line":336,"column":49}}]},"7":{"loc":{"start":{"line":348,"column":4},"end":{"line":348,"column":37}},"type":"if","locations":[{"start":{"line":348,"column":4},"end":{"line":348,"column":37}}]},"8":{"loc":{"start":{"line":354,"column":4},"end":{"line":354,"column":43}},"type":"if","locations":[{"start":{"line":354,"column":4},"end":{"line":354,"column":43}}]},"9":{"loc":{"start":{"line":440,"column":23},"end":{"line":440,"column":52}},"type":"binary-expr","locations":[{"start":{"line":440,"column":23},"end":{"line":440,"column":47}},{"start":{"line":440,"column":51},"end":{"line":440,"column":52}}]}},"s":{"0":0,"1":0,"2":0,"3":0,"4":0,"5":0,"6":0,"7":0,"8":0,"9":0,"10":0,"11":0,"12":0,"13":0,"14":0,"15":0,"16":0,"17":0,"18":0,"19":0,"20":0,"21":0,"22":0,"23":0,"24":0,"25":0,"26":0,"27":0,"28":0,"29":0,"30":0,"31":0,"32":0,"33":0,"34":0,"35":0,"36":0,"37":0,"38":0,"39":0,"40":0,"41":0,"42":0,"43":0,"44":0,"45":0,"46":0,"47":0,"48":0,"49":0,"50":0,"51":0,"52":0,"53":0,"54":0,"55":0,"56":0,"57":0,"58":0,"59":0,"60":0,"61":0,"62":0,"63":0,"64":0,"65":0,"66":0,"67":0,"68":0,"69":0,"70":0,"71":0,"72":0,"73":0,"74":0,"75":0,"76":0,"77":0,"78":0},"f":{"0":0,"1":0,"2":0,"3":0,"4":0,"5":0,"6":0,"7":0,"8":0,"9":0,"10":0,"11":0,"12":0,"13":0,"14":0,"15":0,"16":0,"17":0,"18":0,"19":0,"20":0,"21":0,"22":0,"23":0,"24":0,"25":0,"26":0},"b":{"0":[0,0],"1":[0,0],"2":[0],"3":[0,0],"4":[0,0],"5":[0,0],"6":[0,0],"7":[0],"8":[0],"9":[0,0]}}
}
