TN:
SF:src/index-managed.js
FN:39,(anonymous_0)
FN:45,(anonymous_1)
FN:63,(anonymous_2)
FN:74,(anonymous_3)
FN:135,(anonymous_4)
FN:174,(anonymous_5)
FN:188,(anonymous_6)
FN:217,(anonymous_7)
FN:252,(anonymous_8)
FN:293,(anonymous_9)
FN:320,(anonymous_10)
FN:351,(anonymous_11)
FN:372,(anonymous_12)
FN:391,(anonymous_13)
FN:413,(anonymous_14)
FN:428,(anonymous_15)
FN:449,(anonymous_16)
FN:464,(anonymous_17)
FN:479,(anonymous_18)
FN:494,(anonymous_19)
FN:527,(anonymous_20)
FN:542,(anonymous_21)
FN:557,(anonymous_22)
FN:578,(anonymous_23)
FN:593,(anonymous_24)
FN:630,(anonymous_25)
FN:664,(anonymous_26)
FN:711,(anonymous_27)
FN:721,(anonymous_28)
FN:748,(anonymous_29)
FN:796,(anonymous_30)
FN:830,(anonymous_31)
FN:870,(anonymous_32)
FN:887,(anonymous_33)
FN:927,(anonymous_34)
FN:960,(anonymous_35)
FN:987,(anonymous_36)
FN:1030,(anonymous_37)
FN:1062,(anonymous_38)
FN:1101,(anonymous_39)
FN:1121,(anonymous_40)
FN:1134,(anonymous_41)
FNF:42
FNH:0
FNDA:0,(anonymous_0)
FNDA:0,(anonymous_1)
FNDA:0,(anonymous_2)
FNDA:0,(anonymous_3)
FNDA:0,(anonymous_4)
FNDA:0,(anonymous_5)
FNDA:0,(anonymous_6)
FNDA:0,(anonymous_7)
FNDA:0,(anonymous_8)
FNDA:0,(anonymous_9)
FNDA:0,(anonymous_10)
FNDA:0,(anonymous_11)
FNDA:0,(anonymous_12)
FNDA:0,(anonymous_13)
FNDA:0,(anonymous_14)
FNDA:0,(anonymous_15)
FNDA:0,(anonymous_16)
FNDA:0,(anonymous_17)
FNDA:0,(anonymous_18)
FNDA:0,(anonymous_19)
FNDA:0,(anonymous_20)
FNDA:0,(anonymous_21)
FNDA:0,(anonymous_22)
FNDA:0,(anonymous_23)
FNDA:0,(anonymous_24)
FNDA:0,(anonymous_25)
FNDA:0,(anonymous_26)
FNDA:0,(anonymous_27)
FNDA:0,(anonymous_28)
FNDA:0,(anonymous_29)
FNDA:0,(anonymous_30)
FNDA:0,(anonymous_31)
FNDA:0,(anonymous_32)
FNDA:0,(anonymous_33)
FNDA:0,(anonymous_34)
FNDA:0,(anonymous_35)
FNDA:0,(anonymous_36)
FNDA:0,(anonymous_37)
FNDA:0,(anonymous_38)
FNDA:0,(anonymous_39)
FNDA:0,(anonymous_40)
FNDA:0,(anonymous_41)
DA:11,0
DA:12,0
DA:13,0
DA:15,0
DA:16,0
DA:23,0
DA:36,0
DA:39,0
DA:40,0
DA:41,0
DA:45,0
DA:46,0
DA:47,0
DA:48,0
DA:54,0
DA:55,0
DA:63,0
DA:64,0
DA:74,0
DA:75,0
DA:76,0
DA:77,0
DA:80,0
DA:88,0
DA:89,0
DA:91,0
DA:92,0
DA:93,0
DA:94,0
DA:95,0
DA:99,0
DA:100,0
DA:114,0
DA:122,0
DA:135,0
DA:136,0
DA:137,0
DA:140,0
DA:141,0
DA:143,0
DA:144,0
DA:148,0
DA:149,0
DA:159,0
DA:161,0
DA:168,0
DA:169,0
DA:174,0
DA:175,0
DA:176,0
DA:180,0
DA:182,0
DA:183,0
DA:188,0
DA:189,0
DA:190,0
DA:205,0
DA:207,0
DA:208,0
DA:217,0
DA:218,0
DA:219,0
DA:221,0
DA:233,0
DA:244,0
DA:246,0
DA:247,0
DA:252,0
DA:253,0
DA:254,0
DA:257,0
DA:258,0
DA:260,0
DA:261,0
DA:264,0
DA:279,0
DA:285,0
DA:287,0
DA:288,0
DA:293,0
DA:294,0
DA:295,0
DA:297,0
DA:307,0
DA:312,0
DA:314,0
DA:315,0
DA:320,0
DA:321,0
DA:322,0
DA:323,0
DA:325,0
DA:337,0
DA:343,0
DA:345,0
DA:346,0
DA:351,0
DA:352,0
DA:353,0
DA:355,0
DA:360,0
DA:362,0
DA:363,0
DA:372,0
DA:373,0
DA:374,0
DA:379,0
DA:381,0
DA:382,0
DA:391,0
DA:392,0
DA:393,0
DA:394,0
DA:405,0
DA:407,0
DA:408,0
DA:413,0
DA:414,0
DA:415,0
DA:420,0
DA:422,0
DA:423,0
DA:428,0
DA:429,0
DA:430,0
DA:441,0
DA:443,0
DA:444,0
DA:449,0
DA:450,0
DA:451,0
DA:456,0
DA:458,0
DA:459,0
DA:464,0
DA:465,0
DA:466,0
DA:471,0
DA:473,0
DA:474,0
DA:479,0
DA:480,0
DA:481,0
DA:486,0
DA:488,0
DA:489,0
DA:494,0
DA:495,0
DA:496,0
DA:515,0
DA:517,0
DA:518,0
DA:527,0
DA:528,0
DA:529,0
DA:534,0
DA:536,0
DA:537,0
DA:542,0
DA:543,0
DA:544,0
DA:549,0
DA:551,0
DA:552,0
DA:557,0
DA:558,0
DA:559,0
DA:566,0
DA:568,0
DA:569,0
DA:578,0
DA:579,0
DA:580,0
DA:585,0
DA:587,0
DA:588,0
DA:593,0
DA:594,0
DA:595,0
DA:597,0
DA:598,0
DA:601,0
DA:612,0
DA:618,0
DA:620,0
DA:621,0
DA:630,0
DA:631,0
DA:632,0
DA:652,0
DA:654,0
DA:655,0
DA:664,0
DA:665,0
DA:666,0
DA:669,0
DA:709,0
DA:710,0
DA:711,0
DA:712,0
DA:719,0
DA:720,0
DA:721,0
DA:725,0
DA:726,0
DA:727,0
DA:729,0
DA:740,0
DA:742,0
DA:743,0
DA:748,0
DA:749,0
DA:750,0
DA:753,0
DA:754,0
DA:761,0
DA:762,0
DA:763,0
DA:769,0
DA:782,0
DA:788,0
DA:790,0
DA:791,0
DA:796,0
DA:797,0
DA:798,0
DA:801,0
DA:817,0
DA:822,0
DA:824,0
DA:825,0
DA:830,0
DA:831,0
DA:832,0
DA:833,0
DA:836,0
DA:837,0
DA:843,0
DA:856,0
DA:862,0
DA:864,0
DA:865,0
DA:870,0
DA:871,0
DA:872,0
DA:874,0
DA:879,0
DA:881,0
DA:882,0
DA:887,0
DA:888,0
DA:889,0
DA:891,0
DA:914,0
DA:919,0
DA:921,0
DA:922,0
DA:927,0
DA:928,0
DA:929,0
DA:930,0
DA:933,0
DA:959,0
DA:960,0
DA:964,0
DA:965,0
DA:966,0
DA:968,0
DA:979,0
DA:981,0
DA:982,0
DA:987,0
DA:988,0
DA:989,0
DA:990,0
DA:992,0
DA:993,0
DA:999,0
DA:1012,0
DA:1018,0
DA:1020,0
DA:1021,0
DA:1030,0
DA:1031,0
DA:1032,0
DA:1034,0
DA:1035,0
DA:1038,0
DA:1048,0
DA:1054,0
DA:1056,0
DA:1057,0
DA:1062,0
DA:1063,0
DA:1064,0
DA:1067,0
DA:1069,0
DA:1070,0
DA:1082,0
DA:1084,0
DA:1091,0
DA:1092,0
DA:1101,0
DA:1102,0
DA:1121,0
DA:1122,0
DA:1123,0
DA:1134,0
DA:1135,0
DA:1136,0
DA:1137,0
DA:1138,0
DA:1139,0
DA:1142,0
LF:314
LH:0
BRDA:16,0,0,0
BRDA:16,0,1,0
BRDA:47,1,0,0
BRDA:47,1,1,0
BRDA:47,2,0,0
BRDA:47,2,1,0
BRDA:92,3,0,0
BRDA:92,3,1,0
BRDA:99,4,0,0
BRDA:99,4,1,0
BRDA:140,5,0,0
BRDA:140,5,1,0
BRDA:143,6,0,0
BRDA:143,6,1,0
BRDA:148,7,0,0
BRDA:148,7,1,0
BRDA:148,8,0,0
BRDA:148,8,1,0
BRDA:219,9,0,0
BRDA:219,10,0,0
BRDA:257,11,0,0
BRDA:257,11,1,0
BRDA:260,12,0,0
BRDA:260,12,1,0
BRDA:268,13,0,0
BRDA:268,13,1,0
BRDA:269,14,0,0
BRDA:269,14,1,0
BRDA:270,15,0,0
BRDA:270,15,1,0
BRDA:327,16,0,0
BRDA:327,16,1,0
BRDA:328,17,0,0
BRDA:328,17,1,0
BRDA:329,18,0,0
BRDA:329,18,1,0
BRDA:330,19,0,0
BRDA:330,19,1,0
BRDA:331,20,0,0
BRDA:331,20,1,0
BRDA:597,21,0,0
BRDA:597,21,1,0
BRDA:604,22,0,0
BRDA:604,22,1,0
BRDA:605,23,0,0
BRDA:605,23,1,0
BRDA:606,24,0,0
BRDA:606,24,1,0
BRDA:666,25,0,0
BRDA:666,26,0,0
BRDA:709,27,0,0
BRDA:709,27,1,0
BRDA:712,28,0,0
BRDA:712,28,1,0
BRDA:712,28,2,0
BRDA:719,29,0,0
BRDA:719,29,1,0
BRDA:753,30,0,0
BRDA:753,30,1,0
BRDA:753,31,0,0
BRDA:753,31,1,0
BRDA:753,31,2,0
BRDA:762,32,0,0
BRDA:762,32,1,0
BRDA:774,33,0,0
BRDA:774,33,1,0
BRDA:775,34,0,0
BRDA:775,34,1,0
BRDA:836,35,0,0
BRDA:836,35,1,0
BRDA:836,36,0,0
BRDA:836,36,1,0
BRDA:836,36,2,0
BRDA:848,37,0,0
BRDA:848,37,1,0
BRDA:849,38,0,0
BRDA:849,38,1,0
BRDA:930,39,0,0
BRDA:930,40,0,0
BRDA:959,41,0,0
BRDA:959,41,1,0
BRDA:992,42,0,0
BRDA:992,42,1,0
BRDA:1015,43,0,0
BRDA:1015,43,1,0
BRDA:1034,44,0,0
BRDA:1034,44,1,0
BRDA:1042,45,0,0
BRDA:1042,45,1,0
BRDA:1069,46,0,0
BRDA:1069,46,1,0
BRDA:1126,47,0,0
BRDA:1126,47,1,0
BRF:93
BRH:0
end_of_record
TN:
SF:src/index-minimal.js
FN:35,(anonymous_0)
FN:49,(anonymous_1)
FN:65,(anonymous_2)
FN:103,(anonymous_3)
FN:121,(anonymous_4)
FN:129,(anonymous_5)
FN:146,(anonymous_6)
FN:164,(anonymous_7)
FN:180,(anonymous_8)
FN:189,(anonymous_9)
FN:198,(anonymous_10)
FN:220,(anonymous_11)
FN:229,(anonymous_12)
FN:240,(anonymous_13)
FNF:14
FNH:0
FNDA:0,(anonymous_0)
FNDA:0,(anonymous_1)
FNDA:0,(anonymous_2)
FNDA:0,(anonymous_3)
FNDA:0,(anonymous_4)
FNDA:0,(anonymous_5)
FNDA:0,(anonymous_6)
FNDA:0,(anonymous_7)
FNDA:0,(anonymous_8)
FNDA:0,(anonymous_9)
FNDA:0,(anonymous_10)
FNDA:0,(anonymous_11)
FNDA:0,(anonymous_12)
FNDA:0,(anonymous_13)
DA:1,0
DA:2,0
DA:3,0
DA:4,0
DA:5,0
DA:6,0
DA:8,0
DA:9,0
DA:12,0
DA:13,0
DA:16,0
DA:28,0
DA:29,0
DA:32,0
DA:35,0
DA:36,0
DA:49,0
DA:50,0
DA:65,0
DA:66,0
DA:69,0
DA:76,0
DA:78,0
DA:79,0
DA:80,0
DA:91,0
DA:99,0
DA:100,0
DA:103,0
DA:104,0
DA:106,0
DA:107,0
DA:111,0
DA:117,0
DA:121,0
DA:122,0
DA:129,0
DA:130,0
DA:146,0
DA:147,0
DA:164,0
DA:165,0
DA:180,0
DA:181,0
DA:189,0
DA:190,0
DA:198,0
DA:199,0
DA:201,0
DA:220,0
DA:221,0
DA:229,0
DA:230,0
DA:232,0
DA:240,0
DA:241,0
DA:242,0
DA:243,0
DA:244,0
DA:245,0
DA:248,0
LF:61
LH:0
BRDA:9,0,0,0
BRDA:9,0,1,0
BRDA:40,1,0,0
BRDA:40,1,1,0
BRDA:78,2,0,0
BRDA:78,2,1,0
BRDA:78,3,0,0
BRDA:78,3,1,0
BRDA:106,4,0,0
BRDA:106,4,1,0
BRDA:106,5,0,0
BRDA:106,5,1,0
BRDA:232,6,0,0
BRDA:232,6,1,0
BRDA:234,7,0,0
BRDA:234,7,1,0
BRDA:235,8,0,0
BRDA:235,8,1,0
BRDA:242,9,0,0
BRDA:242,9,1,0
BRF:20
BRH:0
end_of_record
TN:
SF:src/index-minimal.ts
FN:38,(anonymous_1)
FN:52,(anonymous_2)
FN:68,(anonymous_3)
FN:102,(anonymous_4)
FN:120,(anonymous_5)
FN:128,(anonymous_6)
FN:146,(anonymous_7)
FN:162,(anonymous_8)
FN:171,(anonymous_9)
FN:180,(anonymous_10)
FN:202,(anonymous_11)
FN:211,(anonymous_12)
FN:222,(anonymous_13)
FNF:13
FNH:0
FNDA:0,(anonymous_1)
FNDA:0,(anonymous_2)
FNDA:0,(anonymous_3)
FNDA:0,(anonymous_4)
FNDA:0,(anonymous_5)
FNDA:0,(anonymous_6)
FNDA:0,(anonymous_7)
FNDA:0,(anonymous_8)
FNDA:0,(anonymous_9)
FNDA:0,(anonymous_10)
FNDA:0,(anonymous_11)
FNDA:0,(anonymous_12)
FNDA:0,(anonymous_13)
DA:1,0
DA:2,0
DA:3,0
DA:4,0
DA:5,0
DA:6,0
DA:9,0
DA:11,0
DA:12,0
DA:15,0
DA:16,0
DA:19,0
DA:31,0
DA:32,0
DA:35,0
DA:38,0
DA:39,0
DA:52,0
DA:53,0
DA:68,0
DA:69,0
DA:72,0
DA:79,0
DA:81,0
DA:82,0
DA:83,0
DA:94,0
DA:102,0
DA:103,0
DA:105,0
DA:106,0
DA:110,0
DA:116,0
DA:120,0
DA:121,0
DA:128,0
DA:129,0
DA:146,0
DA:147,0
DA:162,0
DA:163,0
DA:171,0
DA:172,0
DA:180,0
DA:181,0
DA:183,0
DA:202,0
DA:203,0
DA:211,0
DA:212,0
DA:214,0
DA:222,0
DA:223,0
DA:224,0
DA:225,0
DA:226,0
DA:227,0
DA:230,0
LF:58
LH:0
BRDA:12,0,0,0
BRDA:12,0,1,0
BRDA:43,1,0,0
BRDA:43,1,1,0
BRDA:81,2,0,0
BRDA:81,2,1,0
BRDA:81,3,0,0
BRDA:81,3,1,0
BRDA:105,4,0,0
BRDA:105,5,0,0
BRDA:105,5,1,0
BRDA:214,6,0,0
BRDA:214,6,1,0
BRDA:216,7,0,0
BRDA:216,7,1,0
BRDA:217,8,0,0
BRDA:217,8,1,0
BRDA:224,9,0,0
BRDA:224,9,1,0
BRF:19
BRH:0
end_of_record
TN:
SF:src/index-simple.ts
FN:24,(anonymous_1)
FN:34,(anonymous_2)
FN:50,(anonymous_3)
FN:70,(anonymous_4)
FN:83,(anonymous_5)
FN:87,(anonymous_6)
FN:93,(anonymous_7)
FNF:7
FNH:0
FNDA:0,(anonymous_1)
FNDA:0,(anonymous_2)
FNDA:0,(anonymous_3)
FNDA:0,(anonymous_4)
FNDA:0,(anonymous_5)
FNDA:0,(anonymous_6)
FNDA:0,(anonymous_7)
DA:1,0
DA:2,0
DA:3,0
DA:4,0
DA:7,0
DA:9,0
DA:10,0
DA:13,0
DA:17,0
DA:18,0
DA:21,0
DA:24,0
DA:25,0
DA:34,0
DA:35,0
DA:50,0
DA:51,0
DA:54,0
DA:55,0
DA:65,0
DA:70,0
DA:71,0
DA:83,0
DA:84,0
DA:87,0
DA:88,0
DA:89,0
DA:93,0
DA:94,0
DA:95,0
DA:96,0
DA:97,0
DA:100,0
LF:33
LH:0
BRDA:10,0,0,0
BRDA:10,0,1,0
BRDA:29,1,0,0
BRDA:29,1,1,0
BRDA:54,2,0,0
BRDA:54,2,1,0
BRDA:54,3,0,0
BRDA:54,3,1,0
BRDA:95,4,0,0
BRDA:95,4,1,0
BRF:10
BRH:0
end_of_record
TN:
SF:src/index.ts
FN:87,(anonymous_10)
FN:122,(anonymous_11)
FN:125,(anonymous_12)
FN:129,(anonymous_13)
FN:186,(anonymous_14)
FN:205,(anonymous_15)
FN:205,(anonymous_16)
FN:214,(anonymous_17)
FN:219,(anonymous_18)
FN:222,(anonymous_19)
FN:228,(anonymous_20)
FN:233,(anonymous_21)
FN:236,(anonymous_22)
FNF:13
FNH:0
FNDA:0,(anonymous_10)
FNDA:0,(anonymous_11)
FNDA:0,(anonymous_12)
FNDA:0,(anonymous_13)
FNDA:0,(anonymous_14)
FNDA:0,(anonymous_15)
FNDA:0,(anonymous_16)
FNDA:0,(anonymous_17)
FNDA:0,(anonymous_18)
FNDA:0,(anonymous_19)
FNDA:0,(anonymous_20)
FNDA:0,(anonymous_21)
FNDA:0,(anonymous_22)
DA:1,0
DA:2,0
DA:3,0
DA:4,0
DA:5,0
DA:8,0
DA:9,0
DA:12,0
DA:15,0
DA:18,0
DA:19,0
DA:20,0
DA:21,0
DA:22,0
DA:23,0
DA:24,0
DA:25,0
DA:26,0
DA:27,0
DA:28,0
DA:29,0
DA:30,0
DA:31,0
DA:36,0
DA:43,0
DA:44,0
DA:45,0
DA:48,0
DA:51,0
DA:53,0
DA:54,0
DA:57,0
DA:59,0
DA:60,0
DA:63,0
DA:66,0
DA:67,0
DA:70,0
DA:71,0
DA:74,0
DA:75,0
DA:76,0
DA:77,0
DA:78,0
DA:81,0
DA:89,0
DA:94,0
DA:95,0
DA:96,0
DA:99,0
DA:107,0
DA:108,0
DA:109,0
DA:112,0
DA:115,0
DA:118,0
DA:119,0
DA:122,0
DA:123,0
DA:125,0
DA:126,0
DA:129,0
DA:130,0
DA:132,0
DA:146,0
DA:155,0
DA:156,0
DA:157,0
DA:158,0
DA:159,0
DA:160,0
DA:161,0
DA:162,0
DA:163,0
DA:164,0
DA:165,0
DA:166,0
DA:167,0
DA:168,0
DA:171,0
DA:174,0
DA:177,0
DA:180,0
DA:183,0
DA:186,0
DA:187,0
DA:188,0
DA:189,0
DA:190,0
DA:193,0
DA:194,0
DA:195,0
DA:196,0
DA:200,0
DA:201,0
DA:202,0
DA:205,0
DA:206,0
DA:210,0
DA:214,0
DA:215,0
DA:216,0
DA:219,0
DA:220,0
DA:222,0
DA:223,0
DA:224,0
DA:228,0
DA:229,0
DA:230,0
DA:233,0
DA:234,0
DA:236,0
DA:237,0
DA:238,0
DA:242,0
LF:116
LH:0
BRDA:133,0,0,0
BRDA:133,0,1,0
BRDA:137,1,0,0
BRDA:137,1,1,0
BRDA:140,2,0,0
BRDA:140,2,1,0
BRDA:142,3,0,0
BRDA:142,3,1,0
BRDA:193,4,0,0
BRF:9
BRH:0
end_of_record
TN:
SF:src/application/errors/ApplicationErrors.ts
FN:2,(anonymous_0)
FN:10,(anonymous_1)
FN:16,(anonymous_2)
FN:22,(anonymous_3)
FN:28,(anonymous_4)
FN:34,(anonymous_5)
FN:40,(anonymous_6)
FNF:7
FNH:0
FNDA:0,(anonymous_0)
FNDA:0,(anonymous_1)
FNDA:0,(anonymous_2)
FNDA:0,(anonymous_3)
FNDA:0,(anonymous_4)
FNDA:0,(anonymous_5)
FNDA:0,(anonymous_6)
DA:1,0
DA:2,0
DA:3,0
DA:4,0
DA:5,0
DA:9,0
DA:11,0
DA:15,0
DA:17,0
DA:21,0
DA:23,0
DA:27,0
DA:29,0
DA:33,0
DA:35,0
DA:39,0
DA:41,0
LF:17
LH:0
BRDA:2,0,0,0
BRDA:28,1,0,0
BRDA:34,2,0,0
BRF:3
BRH:0
end_of_record
TN:
SF:src/application/mappers/ProductMapper.ts
FN:5,(anonymous_0)
FN:23,(anonymous_1)
FN:40,(anonymous_2)
FN:41,(anonymous_3)
FNF:4
FNH:0
FNDA:0,(anonymous_0)
FNDA:0,(anonymous_1)
FNDA:0,(anonymous_2)
FNDA:0,(anonymous_3)
DA:4,0
DA:10,0
DA:23,0
DA:41,0
DA:42,0
DA:43,0
LF:6
LH:0
BRDA:30,0,0,0
BRDA:30,0,1,0
BRDA:32,1,0,0
BRDA:32,1,1,0
BRDA:33,2,0,0
BRDA:33,2,1,0
BRF:6
BRH:0
end_of_record
TN:
SF:src/application/use-cases/product/CreateProductUseCase.ts
FN:13,(anonymous_0)
FN:18,(anonymous_1)
FNF:2
FNH:0
FNDA:0,(anonymous_0)
FNDA:0,(anonymous_1)
DA:1,0
DA:8,0
DA:9,0
DA:10,0
DA:12,0
DA:14,0
DA:15,0
DA:20,0
DA:21,0
DA:22,0
DA:26,0
DA:27,0
DA:28,0
DA:32,0
DA:45,0
DA:46,0
DA:52,0
DA:55,0
LF:18
LH:0
BRDA:21,0,0,0
BRDA:27,1,0,0
BRDA:45,2,0,0
BRDA:45,3,0,0
BRDA:45,3,1,0
BRF:5
BRH:0
end_of_record
TN:
SF:src/config/env-validation.ts
FN:22,(anonymous_9)
FN:22,(anonymous_10)
FN:26,(anonymous_11)
FN:33,(anonymous_12)
FN:54,validateEnv
FN:74,(anonymous_14)
FN:80,(anonymous_15)
FN:84,(anonymous_16)
FNF:8
FNH:0
FNDA:0,(anonymous_9)
FNDA:0,(anonymous_10)
FNDA:0,(anonymous_11)
FNDA:0,(anonymous_12)
FNDA:0,validateEnv
FNDA:0,(anonymous_14)
FNDA:0,(anonymous_15)
FNDA:0,(anonymous_16)
DA:1,0
DA:2,0
DA:5,0
DA:8,0
DA:22,0
DA:26,0
DA:33,0
DA:54,0
DA:55,0
DA:57,0
DA:60,0
DA:61,0
DA:62,0
DA:63,0
DA:64,0
DA:65,0
DA:66,0
DA:67,0
DA:70,0
DA:72,0
DA:73,0
DA:74,0
DA:75,0
DA:79,0
DA:80,0
DA:82,0
DA:83,0
DA:84,0
DA:85,0
DA:87,0
DA:91,0
DA:92,0
DA:96,0
DA:99,0
DA:104,0
DA:107,0
DA:108,0
DA:109,0
DA:112,0
DA:184,0
LF:40
LH:0
BRDA:60,0,0,0
BRDA:66,1,0,0
BRDA:66,1,1,0
BRDA:67,2,0,0
BRDA:67,2,1,0
BRDA:72,3,0,0
BRDA:82,4,0,0
BRDA:91,5,0,0
BRF:8
BRH:0
end_of_record
TN:
SF:src/config/env.config.ts
FN:19,(anonymous_1)
FN:20,(anonymous_2)
FN:30,(anonymous_3)
FN:35,(anonymous_4)
FN:45,(anonymous_5)
FN:50,(anonymous_6)
FN:55,(anonymous_7)
FN:56,(anonymous_8)
FN:62,(anonymous_9)
FN:62,(anonymous_10)
FN:68,(anonymous_11)
FN:73,(anonymous_12)
FN:78,(anonymous_13)
FN:78,(anonymous_14)
FN:84,(anonymous_15)
FN:93,(anonymous_16)
FN:99,(anonymous_17)
FN:115,(anonymous_18)
FN:120,(anonymous_19)
FN:126,(anonymous_20)
FN:131,(anonymous_21)
FN:136,(anonymous_22)
FN:141,(anonymous_23)
FN:147,(anonymous_24)
FN:152,(anonymous_25)
FN:152,(anonymous_26)
FN:178,(anonymous_27)
FN:188,(anonymous_28)
FN:193,(anonymous_29)
FN:198,(anonymous_30)
FN:203,(anonymous_31)
FN:209,(anonymous_32)
FN:219,(anonymous_33)
FN:225,(anonymous_34)
FN:226,(anonymous_35)
FN:231,(anonymous_36)
FN:237,(anonymous_37)
FN:242,(anonymous_38)
FN:247,(anonymous_39)
FN:263,(anonymous_40)
FN:268,(anonymous_41)
FN:274,(anonymous_42)
FN:279,(anonymous_43)
FN:284,(anonymous_44)
FN:308,(anonymous_45)
FN:309,(anonymous_46)
FN:310,(anonymous_47)
FN:311,(anonymous_48)
FN:314,(anonymous_49)
FN:326,(anonymous_50)
FN:335,(anonymous_51)
FN:342,(anonymous_52)
FN:349,(anonymous_53)
FN:357,(anonymous_54)
FN:363,(anonymous_55)
FN:370,(anonymous_56)
FN:400,(anonymous_57)
FNF:57
FNH:45
FNDA:1,(anonymous_1)
FNDA:1,(anonymous_2)
FNDA:1,(anonymous_3)
FNDA:1,(anonymous_4)
FNDA:1,(anonymous_5)
FNDA:1,(anonymous_6)
FNDA:1,(anonymous_7)
FNDA:1,(anonymous_8)
FNDA:1,(anonymous_9)
FNDA:1,(anonymous_10)
FNDA:1,(anonymous_11)
FNDA:1,(anonymous_12)
FNDA:1,(anonymous_13)
FNDA:0,(anonymous_14)
FNDA:1,(anonymous_15)
FNDA:1,(anonymous_16)
FNDA:1,(anonymous_17)
FNDA:1,(anonymous_18)
FNDA:1,(anonymous_19)
FNDA:1,(anonymous_20)
FNDA:1,(anonymous_21)
FNDA:1,(anonymous_22)
FNDA:1,(anonymous_23)
FNDA:1,(anonymous_24)
FNDA:1,(anonymous_25)
FNDA:5,(anonymous_26)
FNDA:1,(anonymous_27)
FNDA:1,(anonymous_28)
FNDA:1,(anonymous_29)
FNDA:1,(anonymous_30)
FNDA:1,(anonymous_31)
FNDA:1,(anonymous_32)
FNDA:1,(anonymous_33)
FNDA:1,(anonymous_34)
FNDA:1,(anonymous_35)
FNDA:1,(anonymous_36)
FNDA:1,(anonymous_37)
FNDA:1,(anonymous_38)
FNDA:1,(anonymous_39)
FNDA:1,(anonymous_40)
FNDA:1,(anonymous_41)
FNDA:1,(anonymous_42)
FNDA:1,(anonymous_43)
FNDA:1,(anonymous_44)
FNDA:1,(anonymous_45)
FNDA:1,(anonymous_46)
FNDA:0,(anonymous_47)
FNDA:0,(anonymous_48)
FNDA:0,(anonymous_49)
FNDA:0,(anonymous_50)
FNDA:0,(anonymous_51)
FNDA:0,(anonymous_52)
FNDA:0,(anonymous_53)
FNDA:0,(anonymous_54)
FNDA:0,(anonymous_55)
FNDA:0,(anonymous_56)
FNDA:0,(anonymous_57)
DA:1,1
DA:2,1
DA:3,1
DA:6,1
DA:9,1
DA:19,1
DA:20,1
DA:30,1
DA:35,1
DA:45,1
DA:50,1
DA:55,1
DA:56,1
DA:62,1
DA:68,1
DA:73,1
DA:78,1
DA:84,1
DA:93,1
DA:99,1
DA:115,1
DA:120,1
DA:126,1
DA:131,1
DA:136,1
DA:141,1
DA:147,1
DA:152,5
DA:178,1
DA:188,1
DA:193,1
DA:198,1
DA:203,1
DA:209,1
DA:219,1
DA:225,1
DA:226,1
DA:231,1
DA:237,1
DA:242,1
DA:247,1
DA:263,1
DA:268,1
DA:274,1
DA:279,1
DA:284,1
DA:290,1
DA:291,1
DA:293,0
DA:294,0
DA:295,0
DA:296,0
DA:298,0
DA:302,1
DA:308,1
DA:309,1
DA:310,1
DA:311,1
DA:314,1
DA:315,0
DA:318,1
DA:326,1
DA:335,1
DA:342,1
DA:349,1
DA:357,1
DA:363,1
DA:370,1
DA:371,0
DA:374,0
DA:375,0
DA:379,0
DA:380,0
DA:384,0
DA:385,0
DA:386,0
DA:389,0
DA:390,0
DA:393,0
DA:394,0
DA:398,0
DA:399,0
DA:400,0
DA:402,0
DA:403,0
DA:405,0
DA:411,1
LF:87
LH:63
BRDA:20,0,0,1
BRDA:20,0,1,1
BRDA:56,1,0,1
BRDA:56,1,1,1
BRDA:78,2,0,0
BRDA:78,2,1,1
BRDA:84,3,0,1
BRDA:84,3,1,0
BRDA:93,4,0,1
BRDA:93,4,1,0
BRDA:99,5,0,1
BRDA:99,5,1,0
BRDA:115,6,0,1
BRDA:115,6,1,1
BRDA:126,7,0,1
BRDA:126,7,1,0
BRDA:131,8,0,1
BRDA:131,8,1,0
BRDA:141,9,0,1
BRDA:141,9,1,0
BRDA:178,10,0,1
BRDA:178,10,1,0
BRDA:226,11,0,1
BRDA:226,11,1,1
BRDA:263,12,0,1
BRDA:263,12,1,0
BRDA:293,13,0,0
BRDA:374,14,0,0
BRDA:379,15,0,0
BRDA:379,16,0,0
BRDA:379,16,1,0
BRDA:384,17,0,0
BRDA:385,18,0,0
BRDA:389,19,0,0
BRDA:393,20,0,0
BRDA:398,21,0,0
BRDA:402,22,0,0
BRDA:402,22,1,0
BRF:38
BRH:17
end_of_record
TN:
SF:src/config/env.ts
FN:21,(anonymous_1)
FN:28,(anonymous_2)
FN:32,(anonymous_3)
FN:33,(anonymous_4)
FN:36,(anonymous_5)
FN:43,(anonymous_6)
FN:48,(anonymous_7)
FN:66,(anonymous_8)
FN:88,(anonymous_9)
FN:179,(anonymous_10)
FN:202,(anonymous_11)
FN:212,(anonymous_12)
FNF:12
FNH:0
FNDA:0,(anonymous_1)
FNDA:0,(anonymous_2)
FNDA:0,(anonymous_3)
FNDA:0,(anonymous_4)
FNDA:0,(anonymous_5)
FNDA:0,(anonymous_6)
FNDA:0,(anonymous_7)
FNDA:0,(anonymous_8)
FNDA:0,(anonymous_9)
FNDA:0,(anonymous_10)
FNDA:0,(anonymous_11)
FNDA:0,(anonymous_12)
DA:1,0
DA:2,0
DA:5,0
DA:11,0
DA:21,0
DA:28,0
DA:32,0
DA:33,0
DA:36,0
DA:43,0
DA:48,0
DA:61,0
DA:62,0
DA:64,0
DA:65,0
DA:66,0
DA:67,0
DA:69,0
DA:70,0
DA:72,0
DA:78,0
DA:88,0
DA:179,0
DA:180,0
DA:183,0
DA:184,0
DA:188,0
DA:189,0
DA:193,0
DA:194,0
DA:195,0
DA:197,0
DA:200,0
DA:201,0
DA:202,0
DA:203,0
DA:206,0
DA:212,0
DA:213,0
DA:215,0
DA:216,0
DA:217,0
DA:218,0
DA:219,0
DA:220,0
DA:221,0
DA:222,0
DA:223,0
DA:224,0
DA:228,0
DA:230,0
LF:51
LH:0
BRDA:64,0,0,0
BRDA:87,1,0,0
BRDA:87,1,1,0
BRDA:156,2,0,0
BRDA:156,2,1,0
BRDA:158,3,0,0
BRDA:158,3,1,0
BRDA:183,4,0,0
BRDA:183,5,0,0
BRDA:183,5,1,0
BRDA:188,6,0,0
BRDA:188,7,0,0
BRDA:188,7,1,0
BRDA:188,7,2,0
BRDA:200,8,0,0
BRDA:213,9,0,0
BRDA:223,10,0,0
BRDA:223,10,1,0
BRDA:224,11,0,0
BRDA:224,11,1,0
BRF:20
BRH:0
end_of_record
TN:
SF:src/config/swagger.ts
FNF:0
FNH:0
DA:1,0
DA:2,0
DA:4,0
DA:352,0
DA:355,0
LF:5
LH:0
BRF:0
BRH:0
end_of_record
TN:
SF:src/controllers/analyticsController.ts
FN:7,(anonymous_0)
FN:61,(anonymous_1)
FN:151,(anonymous_2)
FN:161,(anonymous_3)
FN:188,(anonymous_4)
FN:326,(anonymous_5)
FN:335,(anonymous_6)
FN:341,(anonymous_7)
FNF:8
FNH:0
FNDA:0,(anonymous_0)
FNDA:0,(anonymous_1)
FNDA:0,(anonymous_2)
FNDA:0,(anonymous_3)
FNDA:0,(anonymous_4)
FNDA:0,(anonymous_5)
FNDA:0,(anonymous_6)
FNDA:0,(anonymous_7)
DA:2,0
DA:4,0
DA:7,0
DA:8,0
DA:9,0
DA:10,0
DA:14,0
DA:17,0
DA:18,0
DA:19,0
DA:20,0
DA:32,0
DA:61,0
DA:126,0
DA:142,0
DA:151,0
DA:162,0
DA:163,0
DA:177,0
DA:180,0
DA:181,0
DA:188,0
DA:189,0
DA:190,0
DA:191,0
DA:192,0
DA:196,0
DA:199,0
DA:206,0
DA:207,0
DA:212,0
DA:213,0
DA:214,0
DA:215,0
DA:225,0
DA:294,0
DA:313,0
DA:326,0
DA:335,0
DA:341,0
DA:353,0
DA:356,0
DA:357,0
LF:43
LH:0
BRDA:9,0,0,0
BRDA:17,1,0,0
BRDA:61,2,0,0
BRDA:61,2,1,0
BRDA:191,3,0,0
BRDA:206,4,0,0
BRDA:212,5,0,0
BRDA:239,6,0,0
BRDA:239,6,1,0
BRDA:247,7,0,0
BRDA:247,7,1,0
BRDA:262,8,0,0
BRDA:262,8,1,0
BRDA:274,9,0,0
BRDA:274,9,1,0
BRDA:331,10,0,0
BRDA:331,10,1,0
BRDA:334,11,0,0
BRDA:334,11,1,0
BRF:19
BRH:0
end_of_record
TN:
SF:src/controllers/certificationController.ts
FN:39,(anonymous_0)
FN:46,(anonymous_1)
FN:50,(anonymous_2)
FN:55,(anonymous_3)
FN:77,(anonymous_4)
FN:80,(anonymous_5)
FN:90,(anonymous_6)
FN:108,(anonymous_7)
FN:111,(anonymous_8)
FN:130,(anonymous_9)
FN:133,(anonymous_10)
FN:145,(anonymous_11)
FN:148,(anonymous_12)
FN:154,(anonymous_13)
FN:160,(anonymous_14)
FN:173,(anonymous_15)
FN:179,(anonymous_16)
FN:184,(anonymous_17)
FN:185,(anonymous_18)
FN:186,(anonymous_19)
FN:194,(anonymous_20)
FN:210,(anonymous_21)
FN:242,(anonymous_22)
FN:246,(anonymous_23)
FN:253,(anonymous_24)
FN:260,(anonymous_25)
FN:274,(anonymous_26)
FN:278,(anonymous_27)
FN:297,(anonymous_28)
FN:300,(anonymous_29)
FN:325,(anonymous_30)
FN:328,(anonymous_31)
FNF:32
FNH:0
FNDA:0,(anonymous_0)
FNDA:0,(anonymous_1)
FNDA:0,(anonymous_2)
FNDA:0,(anonymous_3)
FNDA:0,(anonymous_4)
FNDA:0,(anonymous_5)
FNDA:0,(anonymous_6)
FNDA:0,(anonymous_7)
FNDA:0,(anonymous_8)
FNDA:0,(anonymous_9)
FNDA:0,(anonymous_10)
FNDA:0,(anonymous_11)
FNDA:0,(anonymous_12)
FNDA:0,(anonymous_13)
FNDA:0,(anonymous_14)
FNDA:0,(anonymous_15)
FNDA:0,(anonymous_16)
FNDA:0,(anonymous_17)
FNDA:0,(anonymous_18)
FNDA:0,(anonymous_19)
FNDA:0,(anonymous_20)
FNDA:0,(anonymous_21)
FNDA:0,(anonymous_22)
FNDA:0,(anonymous_23)
FNDA:0,(anonymous_24)
FNDA:0,(anonymous_25)
FNDA:0,(anonymous_26)
FNDA:0,(anonymous_27)
FNDA:0,(anonymous_28)
FNDA:0,(anonymous_29)
FNDA:0,(anonymous_30)
FNDA:0,(anonymous_31)
DA:2,0
DA:5,0
DA:39,0
DA:40,0
DA:43,0
DA:45,0
DA:46,0
DA:49,0
DA:50,0
DA:53,0
DA:54,0
DA:55,0
DA:56,0
DA:61,0
DA:62,0
DA:63,0
DA:65,0
DA:77,0
DA:78,0
DA:80,0
DA:82,0
DA:83,0
DA:86,0
DA:90,0
DA:91,0
DA:99,0
DA:101,0
DA:108,0
DA:109,0
DA:111,0
DA:113,0
DA:114,0
DA:117,0
DA:123,0
DA:130,0
DA:131,0
DA:133,0
DA:135,0
DA:136,0
DA:139,0
DA:141,0
DA:145,0
DA:146,0
DA:148,0
DA:150,0
DA:154,0
DA:155,0
DA:157,0
DA:158,0
DA:160,0
DA:161,0
DA:162,0
DA:165,0
DA:173,0
DA:174,0
DA:176,0
DA:178,0
DA:179,0
DA:183,0
DA:184,0
DA:185,0
DA:186,0
DA:187,0
DA:188,0
DA:189,0
DA:190,0
DA:194,0
DA:195,0
DA:196,0
DA:199,0
DA:210,0
DA:211,0
DA:214,0
DA:239,0
DA:241,0
DA:242,0
DA:245,0
DA:246,0
DA:249,0
DA:253,0
DA:254,0
DA:256,0
DA:260,0
DA:261,0
DA:263,0
DA:274,0
DA:275,0
DA:276,0
DA:278,0
DA:280,0
DA:281,0
DA:284,0
DA:288,0
DA:297,0
DA:298,0
DA:300,0
DA:302,0
DA:303,0
DA:306,0
DA:318,0
DA:325,0
DA:326,0
DA:328,0
DA:330,0
DA:331,0
DA:334,0
DA:361,0
LF:107
LH:0
BRDA:40,0,0,0
BRDA:40,1,0,0
BRDA:45,2,0,0
BRDA:49,3,0,0
BRDA:53,4,0,0
BRDA:56,5,0,0
BRDA:56,5,1,0
BRDA:82,6,0,0
BRDA:113,7,0,0
BRDA:135,8,0,0
BRDA:155,9,0,0
BRDA:162,10,0,0
BRDA:162,10,1,0
BRDA:178,11,0,0
BRDA:190,12,0,0
BRDA:190,12,1,0
BRDA:195,13,0,0
BRDA:195,13,1,0
BRDA:241,14,0,0
BRDA:245,15,0,0
BRDA:280,16,0,0
BRDA:284,17,0,0
BRDA:284,17,1,0
BRDA:290,18,0,0
BRDA:290,18,1,0
BRDA:292,19,0,0
BRDA:292,19,1,0
BRDA:302,20,0,0
BRDA:310,21,0,0
BRDA:310,21,1,0
BRDA:311,22,0,0
BRDA:311,22,1,0
BRDA:312,23,0,0
BRDA:312,23,1,0
BRDA:313,24,0,0
BRDA:313,24,1,0
BRDA:314,25,0,0
BRDA:314,25,1,0
BRDA:330,26,0,0
BRF:39
BRH:0
end_of_record
TN:
SF:src/controllers/publicController.ts
FN:13,(anonymous_0)
FN:129,(anonymous_1)
FN:155,calculateTrustScore
FN:164,(anonymous_3)
FN:192,(anonymous_4)
FN:234,(anonymous_5)
FN:268,(anonymous_6)
FN:317,(anonymous_7)
FNF:8
FNH:0
FNDA:0,(anonymous_0)
FNDA:0,(anonymous_1)
FNDA:0,calculateTrustScore
FNDA:0,(anonymous_3)
FNDA:0,(anonymous_4)
FNDA:0,(anonymous_5)
FNDA:0,(anonymous_6)
FNDA:0,(anonymous_7)
DA:2,0
DA:3,0
DA:5,0
DA:8,0
DA:13,0
DA:14,0
DA:15,0
DA:17,0
DA:18,0
DA:25,0
DA:75,0
DA:76,0
DA:84,0
DA:95,0
DA:96,0
DA:99,0
DA:101,0
DA:129,0
DA:143,0
DA:146,0
DA:147,0
DA:156,0
DA:157,0
DA:160,0
DA:161,0
DA:164,0
DA:165,0
DA:168,0
DA:169,0
DA:170,0
DA:171,0
DA:172,0
DA:173,0
DA:176,0
DA:177,0
DA:178,0
DA:182,0
DA:183,0
DA:184,0
DA:185,0
DA:188,0
DA:192,0
DA:193,0
DA:194,0
DA:195,0
DA:197,0
DA:231,0
DA:234,0
DA:256,0
DA:259,0
DA:260,0
DA:268,0
DA:269,0
DA:275,0
DA:291,0
DA:308,0
DA:317,0
DA:325,0
DA:328,0
DA:329,0
LF:60
LH:0
BRDA:17,0,0,0
BRDA:75,1,0,0
BRDA:87,2,0,0
BRDA:87,2,1,0
BRDA:88,3,0,0
BRDA:88,3,1,0
BRDA:90,4,0,0
BRDA:90,4,1,0
BRDA:120,5,0,0
BRDA:120,5,1,0
BRDA:120,6,0,0
BRDA:120,6,1,0
BRDA:138,7,0,0
BRDA:138,7,1,0
BRDA:169,8,0,0
BRDA:170,9,0,0
BRDA:170,10,0,0
BRDA:170,10,1,0
BRDA:171,11,0,0
BRDA:171,12,0,0
BRDA:171,12,1,0
BRDA:172,13,0,0
BRDA:176,14,0,0
BRDA:182,15,0,0
BRDA:182,15,1,0
BRDA:183,16,0,0
BRDA:183,16,1,0
BRDA:184,17,0,0
BRDA:184,17,1,0
BRDA:185,18,0,0
BRDA:195,19,0,0
BRDA:195,20,0,0
BRF:32
BRH:0
end_of_record
TN:
SF:src/controllers/qrController.ts
FN:16,(anonymous_1)
FN:101,(anonymous_2)
FN:210,(anonymous_3)
FN:244,(anonymous_4)
FN:251,(anonymous_5)
FN:255,(anonymous_6)
FNF:6
FNH:0
FNDA:0,(anonymous_1)
FNDA:0,(anonymous_2)
FNDA:0,(anonymous_3)
FNDA:0,(anonymous_4)
FNDA:0,(anonymous_5)
FNDA:0,(anonymous_6)
DA:2,0
DA:3,0
DA:4,0
DA:5,0
DA:8,0
DA:11,0
DA:16,0
DA:17,0
DA:18,0
DA:21,0
DA:22,0
DA:23,0
DA:26,0
DA:28,0
DA:29,0
DA:35,0
DA:36,0
DA:38,0
DA:42,0
DA:43,0
DA:44,0
DA:51,0
DA:56,0
DA:60,0
DA:61,0
DA:64,0
DA:73,0
DA:86,0
DA:87,0
DA:93,0
DA:94,0
DA:101,0
DA:102,0
DA:103,0
DA:105,0
DA:106,0
DA:112,0
DA:145,0
DA:146,0
DA:153,0
DA:163,0
DA:165,0
DA:199,0
DA:202,0
DA:203,0
DA:210,0
DA:211,0
DA:212,0
DA:215,0
DA:216,0
DA:217,0
DA:220,0
DA:222,0
DA:223,0
DA:229,0
DA:240,0
DA:241,0
DA:243,0
DA:244,0
DA:247,0
DA:248,0
DA:250,0
DA:251,0
DA:254,0
DA:255,0
DA:270,0
DA:271,0
LF:67
LH:0
BRDA:22,0,0,0
BRDA:28,1,0,0
BRDA:36,2,0,0
BRDA:36,2,1,0
BRDA:60,3,0,0
BRDA:60,3,1,0
BRDA:86,4,0,0
BRDA:105,5,0,0
BRDA:145,6,0,0
BRDA:183,7,0,0
BRDA:183,7,1,0
BRDA:189,8,0,0
BRDA:189,8,1,0
BRDA:195,9,0,0
BRDA:195,9,1,0
BRDA:216,10,0,0
BRDA:222,11,0,0
BRDA:222,12,0,0
BRDA:222,12,1,0
BRF:19
BRH:0
end_of_record
TN:
SF:src/controllers/uploadController.ts
FN:13,(anonymous_1)
FN:23,(anonymous_2)
FN:32,(anonymous_3)
FN:66,(anonymous_4)
FN:218,(anonymous_5)
FN:257,(anonymous_6)
FN:277,(anonymous_7)
FNF:7
FNH:0
FNDA:0,(anonymous_1)
FNDA:0,(anonymous_2)
FNDA:0,(anonymous_3)
FNDA:0,(anonymous_4)
FNDA:0,(anonymous_5)
FNDA:0,(anonymous_6)
FNDA:0,(anonymous_7)
DA:2,0
DA:3,0
DA:4,0
DA:5,0
DA:6,0
DA:7,0
DA:9,0
DA:12,0
DA:14,0
DA:17,0
DA:18,0
DA:21,0
DA:25,0
DA:26,0
DA:27,0
DA:32,0
DA:33,0
DA:42,0
DA:43,0
DA:45,0
DA:49,0
DA:58,0
DA:66,0
DA:67,0
DA:69,0
DA:71,0
DA:72,0
DA:78,0
DA:79,0
DA:85,0
DA:87,0
DA:92,0
DA:100,0
DA:102,0
DA:103,0
DA:109,0
DA:110,0
DA:111,0
DA:115,0
DA:116,0
DA:117,0
DA:123,0
DA:124,0
DA:125,0
DA:126,0
DA:133,0
DA:134,0
DA:140,0
DA:141,0
DA:142,0
DA:144,0
DA:145,0
DA:148,0
DA:153,0
DA:184,0
DA:199,0
DA:200,0
DA:203,0
DA:204,0
DA:210,0
DA:211,0
DA:218,0
DA:219,0
DA:220,0
DA:222,0
DA:223,0
DA:229,0
DA:236,0
DA:237,0
DA:242,0
DA:256,0
DA:257,0
DA:269,0
DA:270,0
DA:277,0
DA:278,0
DA:279,0
DA:281,0
DA:282,0
DA:287,0
DA:296,0
DA:297,0
DA:303,0
DA:304,0
DA:310,0
DA:311,0
DA:314,0
DA:317,0
DA:318,0
LF:89
LH:0
BRDA:14,0,0,0
BRDA:14,0,1,0
BRDA:17,1,0,0
BRDA:42,2,0,0
BRDA:42,2,1,0
BRDA:53,3,0,0
BRDA:53,3,1,0
BRDA:71,4,0,0
BRDA:78,5,0,0
BRDA:85,6,0,0
BRDA:85,6,1,0
BRDA:85,7,0,0
BRDA:85,7,1,0
BRDA:100,8,0,0
BRDA:110,9,0,0
BRDA:110,9,1,0
BRDA:115,10,0,0
BRDA:124,11,0,0
BRDA:141,12,0,0
BRDA:160,13,0,0
BRDA:160,13,1,0
BRDA:161,14,0,0
BRDA:161,14,1,0
BRDA:199,15,0,0
BRDA:203,16,0,0
BRDA:222,17,0,0
BRDA:236,18,0,0
BRDA:281,19,0,0
BRDA:296,20,0,0
BRDA:303,21,0,0
BRF:30
BRH:0
end_of_record
TN:
SF:src/controllers/validationQueueController.ts
FN:47,(anonymous_1)
FN:115,(anonymous_2)
FN:172,(anonymous_3)
FN:219,(anonymous_4)
FN:267,(anonymous_5)
FN:297,(anonymous_6)
FN:343,(anonymous_7)
FN:376,(anonymous_8)
FN:407,(anonymous_9)
FNF:9
FNH:0
FNDA:0,(anonymous_1)
FNDA:0,(anonymous_2)
FNDA:0,(anonymous_3)
FNDA:0,(anonymous_4)
FNDA:0,(anonymous_5)
FNDA:0,(anonymous_6)
FNDA:0,(anonymous_7)
FNDA:0,(anonymous_8)
FNDA:0,(anonymous_9)
DA:16,0
DA:17,0
DA:19,0
DA:48,0
DA:49,0
DA:50,0
DA:51,0
DA:67,0
DA:70,0
DA:80,0
DA:82,0
DA:83,0
DA:85,0
DA:87,0
DA:89,0
DA:95,0
DA:97,0
DA:102,0
DA:103,0
DA:116,0
DA:117,0
DA:118,0
DA:119,0
DA:133,0
DA:136,0
DA:137,0
DA:143,0
DA:153,0
DA:159,0
DA:160,0
DA:173,0
DA:174,0
DA:175,0
DA:176,0
DA:183,0
DA:184,0
DA:187,0
DA:188,0
DA:194,0
DA:200,0
DA:206,0
DA:207,0
DA:220,0
DA:221,0
DA:222,0
DA:223,0
DA:230,0
DA:231,0
DA:234,0
DA:235,0
DA:241,0
DA:248,0
DA:254,0
DA:255,0
DA:268,0
DA:270,0
DA:271,0
DA:277,0
DA:279,0
DA:284,0
DA:285,0
DA:298,0
DA:299,0
DA:301,0
DA:306,0
DA:307,0
DA:313,0
DA:316,0
DA:319,0
DA:325,0
DA:330,0
DA:331,0
DA:344,0
DA:345,0
DA:348,0
DA:349,0
DA:356,0
DA:358,0
DA:363,0
DA:364,0
DA:377,0
DA:378,0
DA:379,0
DA:381,0
DA:388,0
DA:394,0
DA:395,0
DA:408,0
DA:409,0
DA:410,0
DA:413,0
DA:414,0
DA:416,0
DA:417,0
DA:422,0
LF:95
LH:0
BRDA:50,0,0,0
BRDA:63,1,0,0
BRDA:64,2,0,0
BRDA:65,3,0,0
BRDA:66,4,0,0
BRDA:80,5,0,0
BRDA:80,5,1,0
BRDA:82,6,0,0
BRDA:85,7,0,0
BRDA:85,7,1,0
BRDA:106,8,0,0
BRDA:106,8,1,0
BRDA:118,9,0,0
BRDA:129,10,0,0
BRDA:136,11,0,0
BRDA:136,12,0,0
BRDA:136,12,1,0
BRDA:163,13,0,0
BRDA:163,13,1,0
BRDA:175,14,0,0
BRDA:187,15,0,0
BRDA:210,16,0,0
BRDA:210,16,1,0
BRDA:222,17,0,0
BRDA:234,18,0,0
BRDA:258,19,0,0
BRDA:258,19,1,0
BRDA:270,20,0,0
BRDA:288,21,0,0
BRDA:288,21,1,0
BRDA:306,22,0,0
BRDA:316,23,0,0
BRDA:316,24,0,0
BRDA:316,24,1,0
BRDA:316,24,2,0
BRDA:316,24,3,0
BRDA:334,25,0,0
BRDA:334,25,1,0
BRDA:348,26,0,0
BRDA:367,27,0,0
BRDA:367,27,1,0
BRDA:385,28,0,0
BRDA:385,28,1,0
BRDA:398,29,0,0
BRDA:398,29,1,0
BRDA:409,30,0,0
BRDA:409,31,0,0
BRDA:409,31,1,0
BRF:48
BRH:0
end_of_record
TN:
SF:src/domain/base/Entity.ts
FN:7,(anonymous_0)
FN:12,(anonymous_1)
FN:16,(anonymous_2)
FN:32,(anonymous_3)
FNF:4
FNH:0
FNDA:0,(anonymous_0)
FNDA:0,(anonymous_1)
FNDA:0,(anonymous_2)
FNDA:0,(anonymous_3)
DA:1,0
DA:3,0
DA:8,0
DA:9,0
DA:13,0
DA:17,0
DA:18,0
DA:21,0
DA:22,0
DA:25,0
DA:26,0
DA:29,0
DA:33,0
LF:13
LH:0
BRDA:8,0,0,0
BRDA:8,0,1,0
BRDA:17,1,0,0
BRDA:17,2,0,0
BRDA:17,2,1,0
BRDA:21,3,0,0
BRDA:25,4,0,0
BRF:7
BRH:0
end_of_record
TN:
SF:src/domain/base/ValueObject.ts
FN:8,(anonymous_0)
FN:12,(anonymous_1)
FNF:2
FNH:0
FNDA:0,(anonymous_0)
FNDA:0,(anonymous_1)
DA:5,0
DA:9,0
DA:13,0
DA:14,0
DA:17,0
DA:18,0
DA:21,0
LF:7
LH:0
BRDA:13,0,0,0
BRDA:13,1,0,0
BRDA:13,1,1,0
BRDA:17,2,0,0
BRF:4
BRH:0
end_of_record
TN:
SF:src/domain/entities/Brand.ts
FN:36,(anonymous_0)
FN:40,(anonymous_1)
FN:79,(anonymous_2)
FN:84,(anonymous_3)
FN:88,(anonymous_4)
FN:92,(anonymous_5)
FN:96,(anonymous_6)
FN:100,(anonymous_7)
FN:104,(anonymous_8)
FN:108,(anonymous_9)
FN:112,(anonymous_10)
FN:116,(anonymous_11)
FN:120,(anonymous_12)
FN:124,(anonymous_13)
FN:128,(anonymous_14)
FN:132,(anonymous_15)
FN:137,(anonymous_16)
FN:142,(anonymous_17)
FN:147,(anonymous_18)
FN:152,(anonymous_19)
FN:160,(anonymous_20)
FN:171,(anonymous_21)
FN:176,(anonymous_22)
FN:182,(anonymous_23)
FN:198,(anonymous_24)
FN:212,(anonymous_25)
FN:221,(anonymous_26)
FN:234,(anonymous_27)
FN:238,(anonymous_28)
FN:242,(anonymous_29)
FN:252,(anonymous_30)
FN:278,(anonymous_31)
FN:282,(anonymous_32)
FNF:33
FNH:0
FNDA:0,(anonymous_0)
FNDA:0,(anonymous_1)
FNDA:0,(anonymous_2)
FNDA:0,(anonymous_3)
FNDA:0,(anonymous_4)
FNDA:0,(anonymous_5)
FNDA:0,(anonymous_6)
FNDA:0,(anonymous_7)
FNDA:0,(anonymous_8)
FNDA:0,(anonymous_9)
FNDA:0,(anonymous_10)
FNDA:0,(anonymous_11)
FNDA:0,(anonymous_12)
FNDA:0,(anonymous_13)
FNDA:0,(anonymous_14)
FNDA:0,(anonymous_15)
FNDA:0,(anonymous_16)
FNDA:0,(anonymous_17)
FNDA:0,(anonymous_18)
FNDA:0,(anonymous_19)
FNDA:0,(anonymous_20)
FNDA:0,(anonymous_21)
FNDA:0,(anonymous_22)
FNDA:0,(anonymous_23)
FNDA:0,(anonymous_24)
FNDA:0,(anonymous_25)
FNDA:0,(anonymous_26)
FNDA:0,(anonymous_27)
FNDA:0,(anonymous_28)
FNDA:0,(anonymous_29)
FNDA:0,(anonymous_30)
FNDA:0,(anonymous_31)
FNDA:0,(anonymous_32)
DA:1,0
DA:2,0
DA:3,0
DA:4,0
DA:5,0
DA:6,0
DA:35,0
DA:37,0
DA:53,0
DA:54,0
DA:55,0
DA:56,0
DA:58,0
DA:60,0
DA:80,0
DA:85,0
DA:89,0
DA:93,0
DA:97,0
DA:101,0
DA:105,0
DA:109,0
DA:113,0
DA:117,0
DA:121,0
DA:125,0
DA:129,0
DA:133,0
DA:138,0
DA:139,0
DA:143,0
DA:144,0
DA:148,0
DA:149,0
DA:153,0
DA:154,0
DA:156,0
DA:157,0
DA:162,0
DA:163,0
DA:165,0
DA:167,0
DA:168,0
DA:172,0
DA:173,0
DA:177,0
DA:178,0
DA:179,0
DA:183,0
DA:184,0
DA:187,0
DA:188,0
DA:193,0
DA:194,0
DA:195,0
DA:199,0
DA:200,0
DA:203,0
DA:204,0
DA:207,0
DA:208,0
DA:209,0
DA:213,0
DA:214,0
DA:217,0
DA:218,0
DA:222,0
DA:223,0
DA:226,0
DA:227,0
DA:230,0
DA:231,0
DA:235,0
DA:239,0
DA:243,0
DA:253,0
DA:263,0
DA:264,0
DA:265,0
DA:270,0
DA:271,0
DA:272,0
DA:273,0
DA:279,0
DA:283,0
LF:85
LH:0
BRDA:55,0,0,0
BRDA:55,0,1,0
BRDA:56,1,0,0
BRDA:56,1,1,0
BRDA:153,2,0,0
BRDA:183,3,0,0
BRDA:187,4,0,0
BRDA:199,5,0,0
BRDA:203,6,0,0
BRDA:203,7,0,0
BRDA:203,7,1,0
BRDA:213,8,0,0
BRDA:222,9,0,0
BRDA:226,10,0,0
BRDA:226,11,0,0
BRDA:226,11,1,0
BRDA:235,12,0,0
BRDA:235,12,1,0
BRDA:239,13,0,0
BRDA:239,13,1,0
BRDA:244,14,0,0
BRDA:244,14,1,0
BRDA:244,14,2,0
BRDA:244,14,3,0
BRDA:244,14,4,0
BRDA:264,15,0,0
BRDA:270,16,0,0
BRDA:270,17,0,0
BRDA:270,17,1,0
BRDA:272,18,0,0
BRF:30
BRH:0
end_of_record
TN:
SF:src/domain/entities/Product.ts
FN:25,(anonymous_0)
FN:29,(anonymous_1)
FN:45,(anonymous_2)
FN:68,(anonymous_3)
FN:73,(anonymous_4)
FN:77,(anonymous_5)
FN:81,(anonymous_6)
FN:85,(anonymous_7)
FN:89,(anonymous_8)
FN:93,(anonymous_9)
FN:97,(anonymous_10)
FN:98,(anonymous_11)
FN:101,(anonymous_12)
FN:105,(anonymous_13)
FN:109,(anonymous_14)
FN:113,(anonymous_15)
FN:117,(anonymous_16)
FN:122,(anonymous_17)
FN:131,(anonymous_18)
FN:140,(anonymous_19)
FN:147,(anonymous_20)
FN:155,(anonymous_21)
FN:161,(anonymous_22)
FN:165,(anonymous_23)
FN:174,(anonymous_24)
FN:183,(anonymous_25)
FN:196,(anonymous_26)
FN:197,(anonymous_27)
FN:202,(anonymous_28)
FN:207,(anonymous_29)
FN:218,(anonymous_30)
FN:229,(anonymous_31)
FN:244,(anonymous_32)
FN:259,(anonymous_33)
FN:273,(anonymous_34)
FN:283,(anonymous_35)
FN:288,(anonymous_36)
FN:292,(anonymous_37)
FN:297,(anonymous_38)
FN:303,(anonymous_39)
FN:307,(anonymous_40)
FNF:41
FNH:0
FNDA:0,(anonymous_0)
FNDA:0,(anonymous_1)
FNDA:0,(anonymous_2)
FNDA:0,(anonymous_3)
FNDA:0,(anonymous_4)
FNDA:0,(anonymous_5)
FNDA:0,(anonymous_6)
FNDA:0,(anonymous_7)
FNDA:0,(anonymous_8)
FNDA:0,(anonymous_9)
FNDA:0,(anonymous_10)
FNDA:0,(anonymous_11)
FNDA:0,(anonymous_12)
FNDA:0,(anonymous_13)
FNDA:0,(anonymous_14)
FNDA:0,(anonymous_15)
FNDA:0,(anonymous_16)
FNDA:0,(anonymous_17)
FNDA:0,(anonymous_18)
FNDA:0,(anonymous_19)
FNDA:0,(anonymous_20)
FNDA:0,(anonymous_21)
FNDA:0,(anonymous_22)
FNDA:0,(anonymous_23)
FNDA:0,(anonymous_24)
FNDA:0,(anonymous_25)
FNDA:0,(anonymous_26)
FNDA:0,(anonymous_27)
FNDA:0,(anonymous_28)
FNDA:0,(anonymous_29)
FNDA:0,(anonymous_30)
FNDA:0,(anonymous_31)
FNDA:0,(anonymous_32)
FNDA:0,(anonymous_33)
FNDA:0,(anonymous_34)
FNDA:0,(anonymous_35)
FNDA:0,(anonymous_36)
FNDA:0,(anonymous_37)
FNDA:0,(anonymous_38)
FNDA:0,(anonymous_39)
FNDA:0,(anonymous_40)
DA:1,0
DA:2,0
DA:3,0
DA:5,0
DA:6,0
DA:7,0
DA:24,0
DA:26,0
DA:43,0
DA:44,0
DA:45,0
DA:47,0
DA:49,0
DA:69,0
DA:74,0
DA:78,0
DA:82,0
DA:86,0
DA:90,0
DA:94,0
DA:98,0
DA:102,0
DA:106,0
DA:110,0
DA:114,0
DA:118,0
DA:123,0
DA:124,0
DA:127,0
DA:128,0
DA:132,0
DA:133,0
DA:136,0
DA:137,0
DA:141,0
DA:142,0
DA:145,0
DA:147,0
DA:148,0
DA:151,0
DA:152,0
DA:156,0
DA:157,0
DA:160,0
DA:161,0
DA:162,0
DA:166,0
DA:167,0
DA:170,0
DA:171,0
DA:175,0
DA:176,0
DA:179,0
DA:180,0
DA:184,0
DA:185,0
DA:188,0
DA:189,0
DA:192,0
DA:193,0
DA:197,0
DA:198,0
DA:203,0
DA:208,0
DA:209,0
DA:214,0
DA:215,0
DA:219,0
DA:220,0
DA:225,0
DA:226,0
DA:230,0
DA:231,0
DA:236,0
DA:237,0
DA:240,0
DA:241,0
DA:245,0
DA:246,0
DA:251,0
DA:252,0
DA:255,0
DA:256,0
DA:260,0
DA:262,0
DA:265,0
DA:266,0
DA:269,0
DA:270,0
DA:274,0
DA:275,0
DA:278,0
DA:279,0
DA:284,0
DA:289,0
DA:293,0
DA:298,0
DA:304,0
DA:308,0
LF:99
LH:0
BRDA:45,0,0,0
BRDA:45,0,1,0
BRDA:58,1,0,0
BRDA:58,1,1,0
BRDA:60,2,0,0
BRDA:60,2,1,0
BRDA:123,3,0,0
BRDA:132,4,0,0
BRDA:141,5,0,0
BRDA:147,6,0,0
BRDA:156,7,0,0
BRDA:166,8,0,0
BRDA:175,9,0,0
BRDA:184,10,0,0
BRDA:188,11,0,0
BRDA:203,12,0,0
BRDA:203,12,1,0
BRDA:208,13,0,0
BRDA:219,14,0,0
BRDA:230,15,0,0
BRDA:236,16,0,0
BRDA:245,17,0,0
BRDA:251,18,0,0
BRDA:251,19,0,0
BRDA:251,19,1,0
BRDA:260,20,0,0
BRDA:260,21,0,0
BRDA:260,21,1,0
BRDA:265,22,0,0
BRDA:265,23,0,0
BRDA:265,23,1,0
BRDA:274,24,0,0
BRDA:284,25,0,0
BRDA:284,25,1,0
BRDA:293,26,0,0
BRDA:293,26,1,0
BRDA:298,27,0,0
BRDA:298,27,1,0
BRF:38
BRH:0
end_of_record
TN:
SF:src/domain/enums/ProductCategory.ts
FN:1,(anonymous_0)
FNF:1
FNH:0
FNDA:0,(anonymous_0)
DA:1,0
DA:2,0
DA:3,0
DA:4,0
DA:5,0
DA:6,0
DA:7,0
DA:8,0
LF:8
LH:0
BRDA:1,0,0,0
BRDA:1,0,1,0
BRF:2
BRH:0
end_of_record
TN:
SF:src/domain/enums/ProductStatus.ts
FN:1,(anonymous_0)
FNF:1
FNH:0
FNDA:0,(anonymous_0)
DA:1,0
DA:2,0
DA:3,0
DA:4,0
DA:5,0
DA:6,0
DA:7,0
LF:7
LH:0
BRDA:1,0,0,0
BRDA:1,0,1,0
BRF:2
BRH:0
end_of_record
TN:
SF:src/domain/errors/DomainError.ts
FN:2,(anonymous_0)
FNF:1
FNH:0
FNDA:0,(anonymous_0)
DA:1,0
DA:3,0
DA:4,0
DA:5,0
LF:4
LH:0
BRF:0
BRH:0
end_of_record
TN:
SF:src/domain/value-objects/Claim.ts
FN:23,(anonymous_0)
FN:27,(anonymous_1)
FN:51,(anonymous_2)
FN:55,(anonymous_3)
FN:59,(anonymous_4)
FN:83,(anonymous_5)
FN:89,(anonymous_6)
FN:111,(anonymous_7)
FN:125,(anonymous_8)
FN:128,(anonymous_9)
FN:141,(anonymous_10)
FN:144,(anonymous_11)
FN:156,(anonymous_12)
FN:159,(anonymous_13)
FN:170,(anonymous_14)
FN:173,(anonymous_15)
FN:179,(anonymous_16)
FN:184,(anonymous_17)
FNF:18
FNH:0
FNDA:0,(anonymous_0)
FNDA:0,(anonymous_1)
FNDA:0,(anonymous_2)
FNDA:0,(anonymous_3)
FNDA:0,(anonymous_4)
FNDA:0,(anonymous_5)
FNDA:0,(anonymous_6)
FNDA:0,(anonymous_7)
FNDA:0,(anonymous_8)
FNDA:0,(anonymous_9)
FNDA:0,(anonymous_10)
FNDA:0,(anonymous_11)
FNDA:0,(anonymous_12)
FNDA:0,(anonymous_13)
FNDA:0,(anonymous_14)
FNDA:0,(anonymous_15)
FNDA:0,(anonymous_16)
FNDA:0,(anonymous_17)
DA:1,0
DA:2,0
DA:8,0
DA:9,0
DA:10,0
DA:13,0
DA:24,0
DA:28,0
DA:29,0
DA:32,0
DA:34,0
DA:35,0
DA:40,0
DA:41,0
DA:46,0
DA:48,0
DA:52,0
DA:56,0
DA:59,0
DA:60,0
DA:63,0
DA:64,0
DA:71,0
DA:72,0
DA:73,0
DA:77,0
DA:78,0
DA:79,0
DA:84,0
DA:90,0
DA:92,0
DA:93,0
DA:96,0
DA:97,0
DA:100,0
DA:101,0
DA:104,0
DA:105,0
DA:108,0
DA:112,0
DA:125,0
DA:129,0
DA:141,0
DA:145,0
DA:156,0
DA:160,0
DA:170,0
DA:174,0
DA:175,0
DA:180,0
DA:184,0
DA:185,0
DA:186,0
DA:187,0
DA:188,0
DA:189,0
LF:56
LH:0
BRDA:28,0,0,0
BRDA:28,1,0,0
BRDA:28,1,1,0
BRDA:34,2,0,0
BRDA:40,3,0,0
BRDA:63,4,0,0
BRDA:71,5,0,0
BRDA:71,5,1,0
BRDA:72,6,0,0
BRDA:77,7,0,0
BRDA:77,7,1,0
BRDA:78,8,0,0
BRDA:78,9,0,0
BRDA:78,9,1,0
BRDA:92,10,0,0
BRDA:96,11,0,0
BRDA:100,12,0,0
BRDA:104,13,0,0
BRDA:175,14,0,0
BRDA:175,14,1,0
BRDA:184,15,0,0
BRDA:184,15,1,0
BRF:22
BRH:0
end_of_record
TN:
SF:src/domain/value-objects/EAN.ts
FN:9,(anonymous_0)
FN:13,(anonymous_1)
FN:27,(anonymous_2)
FN:31,(anonymous_3)
FN:46,(anonymous_4)
FN:59,(anonymous_5)
FN:70,(anonymous_6)
FN:87,(anonymous_7)
FNF:8
FNH:0
FNDA:0,(anonymous_0)
FNDA:0,(anonymous_1)
FNDA:0,(anonymous_2)
FNDA:0,(anonymous_3)
FNDA:0,(anonymous_4)
FNDA:0,(anonymous_5)
FNDA:0,(anonymous_6)
FNDA:0,(anonymous_7)
DA:1,0
DA:2,0
DA:8,0
DA:10,0
DA:14,0
DA:15,0
DA:18,0
DA:20,0
DA:21,0
DA:24,0
DA:28,0
DA:33,0
DA:34,0
DA:38,0
DA:39,0
DA:43,0
DA:47,0
DA:48,0
DA:50,0
DA:51,0
DA:52,0
DA:55,0
DA:56,0
DA:61,0
DA:63,0
DA:66,0
DA:72,0
DA:73,0
DA:76,0
DA:77,0
DA:81,0
DA:84,0
DA:88,0
DA:93,0
LF:34
LH:0
BRDA:14,0,0,0
BRDA:14,1,0,0
BRDA:14,1,1,0
BRDA:20,2,0,0
BRDA:33,3,0,0
BRDA:33,4,0,0
BRDA:33,4,1,0
BRDA:38,5,0,0
BRDA:52,6,0,0
BRDA:52,6,1,0
BRDA:61,7,0,0
BRDA:61,7,1,0
BRDA:72,8,0,0
BRDA:76,9,0,0
BRDA:76,10,0,0
BRDA:76,10,1,0
BRF:16
BRH:0
end_of_record
TN:
SF:src/domain/value-objects/ProductName.ts
FN:12,(anonymous_0)
FN:16,(anonymous_1)
FN:43,(anonymous_2)
FN:47,(anonymous_3)
FN:53,(anonymous_4)
FN:60,(anonymous_5)
FN:69,(anonymous_6)
FN:70,(anonymous_7)
FN:78,(anonymous_8)
FN:83,(anonymous_9)
FNF:10
FNH:0
FNDA:0,(anonymous_0)
FNDA:0,(anonymous_1)
FNDA:0,(anonymous_2)
FNDA:0,(anonymous_3)
FNDA:0,(anonymous_4)
FNDA:0,(anonymous_5)
FNDA:0,(anonymous_6)
FNDA:0,(anonymous_7)
FNDA:0,(anonymous_8)
FNDA:0,(anonymous_9)
DA:1,0
DA:2,0
DA:8,0
DA:9,0
DA:10,0
DA:13,0
DA:17,0
DA:18,0
DA:21,0
DA:23,0
DA:24,0
DA:29,0
DA:30,0
DA:36,0
DA:37,0
DA:40,0
DA:44,0
DA:49,0
DA:50,0
DA:55,0
DA:61,0
DA:70,0
DA:72,0
DA:73,0
DA:76,0
DA:78,0
DA:84,0
LF:27
LH:0
BRDA:17,0,0,0
BRDA:17,1,0,0
BRDA:17,1,1,0
BRDA:23,2,0,0
BRDA:29,3,0,0
BRDA:36,4,0,0
BRDA:72,5,0,0
BRF:7
BRH:0
end_of_record
TN:
SF:src/errors/app-errors.ts
FN:10,(anonymous_0)
FN:33,(anonymous_1)
FN:49,(anonymous_2)
FN:55,(anonymous_3)
FN:61,(anonymous_4)
FN:68,(anonymous_5)
FN:74,(anonymous_6)
FN:80,(anonymous_7)
FN:86,(anonymous_8)
FN:93,(anonymous_9)
FN:102,(anonymous_10)
FN:115,(anonymous_11)
FN:124,(anonymous_12)
FN:137,(anonymous_13)
FN:143,(anonymous_14)
FN:155,(anonymous_15)
FN:168,(anonymous_16)
FN:174,(anonymous_17)
FN:187,(anonymous_18)
FN:200,(anonymous_19)
FN:206,(anonymous_20)
FN:218,(anonymous_21)
FN:231,(anonymous_22)
FN:243,(anonymous_23)
FN:255,(anonymous_24)
FN:267,(anonymous_25)
FN:279,(anonymous_26)
FN:291,(anonymous_27)
FN:297,(anonymous_28)
FN:310,(anonymous_29)
FN:316,(anonymous_30)
FN:328,(anonymous_31)
FN:341,(anonymous_32)
FN:347,(anonymous_33)
FN:360,(anonymous_34)
FN:362,(anonymous_35)
FN:370,(anonymous_36)
FN:400,(anonymous_37)
FN:404,(anonymous_38)
FN:409,(anonymous_39)
FNF:40
FNH:6
FNDA:1,(anonymous_0)
FNDA:0,(anonymous_1)
FNDA:0,(anonymous_2)
FNDA:0,(anonymous_3)
FNDA:0,(anonymous_4)
FNDA:0,(anonymous_5)
FNDA:0,(anonymous_6)
FNDA:0,(anonymous_7)
FNDA:0,(anonymous_8)
FNDA:0,(anonymous_9)
FNDA:0,(anonymous_10)
FNDA:0,(anonymous_11)
FNDA:0,(anonymous_12)
FNDA:0,(anonymous_13)
FNDA:0,(anonymous_14)
FNDA:0,(anonymous_15)
FNDA:0,(anonymous_16)
FNDA:0,(anonymous_17)
FNDA:0,(anonymous_18)
FNDA:1,(anonymous_19)
FNDA:0,(anonymous_20)
FNDA:0,(anonymous_21)
FNDA:0,(anonymous_22)
FNDA:0,(anonymous_23)
FNDA:0,(anonymous_24)
FNDA:0,(anonymous_25)
FNDA:0,(anonymous_26)
FNDA:0,(anonymous_27)
FNDA:0,(anonymous_28)
FNDA:0,(anonymous_29)
FNDA:0,(anonymous_30)
FNDA:0,(anonymous_31)
FNDA:0,(anonymous_32)
FNDA:0,(anonymous_33)
FNDA:0,(anonymous_34)
FNDA:0,(anonymous_35)
FNDA:1,(anonymous_36)
FNDA:2,(anonymous_37)
FNDA:1,(anonymous_38)
FNDA:1,(anonymous_39)
DA:2,1
DA:17,1
DA:20,1
DA:22,1
DA:23,1
DA:24,1
DA:25,1
DA:26,1
DA:27,1
DA:30,1
DA:34,0
DA:48,1
DA:50,0
DA:54,1
DA:56,0
DA:60,1
DA:62,0
DA:67,1
DA:69,0
DA:73,1
DA:75,0
DA:79,1
DA:81,0
DA:85,1
DA:87,0
DA:92,1
DA:94,0
DA:97,0
DA:101,1
DA:103,0
DA:114,1
DA:116,0
DA:119,0
DA:123,1
DA:125,0
DA:136,1
DA:138,0
DA:142,1
DA:144,0
DA:154,1
DA:156,0
DA:167,1
DA:169,0
DA:173,1
DA:175,0
DA:186,1
DA:188,0
DA:199,1
DA:201,1
DA:205,1
DA:207,0
DA:217,1
DA:219,0
DA:230,1
DA:232,0
DA:242,1
DA:244,0
DA:254,1
DA:256,0
DA:266,1
DA:268,0
DA:278,1
DA:280,0
DA:290,1
DA:292,0
DA:296,1
DA:298,0
DA:309,1
DA:311,0
DA:315,1
DA:317,0
DA:327,1
DA:329,0
DA:340,1
DA:342,0
DA:346,1
DA:348,0
DA:359,1
DA:361,0
DA:362,0
DA:363,0
DA:364,0
DA:367,0
DA:371,1
DA:372,0
DA:376,1
DA:377,0
DA:378,0
DA:381,1
DA:382,0
DA:386,1
DA:387,0
DA:388,0
DA:392,1
DA:400,1
DA:401,2
DA:404,1
DA:405,1
DA:409,1
DA:411,1
DA:412,1
DA:413,1
DA:416,1
DA:417,1
DA:418,1
DA:419,1
DA:422,1
DA:423,1
DA:426,1
DA:427,1
DA:428,1
DA:431,1
DA:432,1
DA:435,1
DA:438,1
DA:439,1
DA:440,1
DA:441,1
DA:444,1
DA:445,1
DA:446,1
DA:447,1
DA:448,1
DA:451,1
DA:452,1
DA:453,1
DA:456,1
DA:457,1
LF:128
LH:83
BRDA:14,0,0,0
BRDA:42,1,0,0
BRDA:42,1,1,0
BRDA:68,2,0,0
BRDA:94,3,0,0
BRDA:94,3,1,0
BRDA:116,4,0,0
BRDA:116,4,1,0
BRDA:200,5,0,0
BRDA:245,6,0,0
BRDA:245,6,1,0
BRDA:279,7,0,0
BRDA:291,8,0,0
BRDA:371,9,0,0
BRDA:376,10,0,0
BRDA:377,11,0,0
BRDA:377,11,1,0
BRDA:381,12,0,0
BRDA:386,13,0,0
BRDA:387,14,0,0
BRDA:387,14,1,0
BRDA:387,15,0,0
BRDA:387,15,1,0
BRDA:393,16,0,1
BRDA:393,16,1,0
BRDA:405,17,0,1
BRDA:405,17,1,1
BRDA:409,18,0,1
BRDA:409,18,1,1
BRF:29
BRH:5
end_of_record
TN:
SF:src/infrastructure/database/repositories/PrismaBrandRepository.ts
FN:7,(anonymous_0)
FN:9,(anonymous_1)
FN:29,(anonymous_2)
FN:46,(anonymous_3)
FN:56,(anonymous_4)
FN:62,(anonymous_5)
FN:96,(anonymous_6)
FN:99,(anonymous_7)
FN:115,(anonymous_8)
FN:138,(anonymous_9)
FNF:10
FNH:0
FNDA:0,(anonymous_0)
FNDA:0,(anonymous_1)
FNDA:0,(anonymous_2)
FNDA:0,(anonymous_3)
FNDA:0,(anonymous_4)
FNDA:0,(anonymous_5)
FNDA:0,(anonymous_6)
FNDA:0,(anonymous_7)
FNDA:0,(anonymous_8)
FNDA:0,(anonymous_9)
DA:2,0
DA:6,0
DA:7,0
DA:10,0
DA:22,0
DA:23,0
DA:26,0
DA:30,0
DA:39,0
DA:40,0
DA:43,0
DA:47,0
DA:49,0
DA:57,0
DA:68,0
DA:70,0
DA:71,0
DA:77,0
DA:78,0
DA:81,0
DA:96,0
DA:100,0
DA:107,0
DA:108,0
DA:111,0
DA:112,0
DA:116,0
DA:139,0
DA:141,0
LF:29
LH:0
BRDA:22,0,0,0
BRDA:39,1,0,0
BRDA:70,2,0,0
BRDA:77,3,0,0
BRDA:83,4,0,0
BRDA:83,4,1,0
BRDA:84,5,0,0
BRDA:84,5,1,0
BRDA:107,6,0,0
BRDA:120,7,0,0
BRDA:120,7,1,0
BRDA:130,8,0,0
BRDA:130,8,1,0
BRDA:145,9,0,0
BRDA:145,9,1,0
BRDA:146,10,0,0
BRDA:146,10,1,0
BRF:17
BRH:0
end_of_record
TN:
SF:src/infrastructure/database/repositories/PrismaProductRepository.ts
FN:12,(anonymous_0)
FN:14,(anonymous_1)
FN:26,(anonymous_2)
FN:38,(anonymous_3)
FN:48,(anonymous_4)
FN:54,(anonymous_5)
FN:91,(anonymous_6)
FN:94,(anonymous_7)
FN:100,(anonymous_8)
FN:103,(anonymous_9)
FN:124,(anonymous_10)
FNF:11
FNH:0
FNDA:0,(anonymous_0)
FNDA:0,(anonymous_1)
FNDA:0,(anonymous_2)
FNDA:0,(anonymous_3)
FNDA:0,(anonymous_4)
FNDA:0,(anonymous_5)
FNDA:0,(anonymous_6)
FNDA:0,(anonymous_7)
FNDA:0,(anonymous_8)
FNDA:0,(anonymous_9)
FNDA:0,(anonymous_10)
DA:2,0
DA:6,0
DA:7,0
DA:8,0
DA:9,0
DA:11,0
DA:12,0
DA:15,0
DA:19,0
DA:20,0
DA:23,0
DA:27,0
DA:31,0
DA:32,0
DA:35,0
DA:39,0
DA:41,0
DA:49,0
DA:62,0
DA:64,0
DA:65,0
DA:68,0
DA:69,0
DA:72,0
DA:73,0
DA:76,0
DA:77,0
DA:84,0
DA:91,0
DA:95,0
DA:101,0
DA:102,0
DA:103,0
DA:105,0
DA:125,0
LF:35
LH:0
BRDA:19,0,0,0
BRDA:31,1,0,0
BRDA:64,2,0,0
BRDA:68,3,0,0
BRDA:72,4,0,0
BRDA:76,5,0,0
BRDA:86,6,0,0
BRDA:86,6,1,0
BRDA:87,7,0,0
BRDA:87,7,1,0
BRDA:103,8,0,0
BRDA:103,8,1,0
BRDA:114,9,0,0
BRDA:114,9,1,0
BRDA:116,10,0,0
BRDA:116,10,1,0
BRF:16
BRH:0
end_of_record
TN:
SF:src/infrastructure/factories/UseCaseFactory.ts
FN:12,(anonymous_0)
FN:19,(anonymous_1)
FN:26,(anonymous_2)
FN:33,(anonymous_3)
FNF:4
FNH:0
FNDA:0,(anonymous_0)
FNDA:0,(anonymous_1)
FNDA:0,(anonymous_2)
FNDA:0,(anonymous_3)
DA:2,0
DA:3,0
DA:4,0
DA:5,0
DA:7,0
DA:13,0
DA:14,0
DA:16,0
DA:20,0
DA:21,0
DA:23,0
DA:27,0
DA:28,0
DA:30,0
DA:34,0
LF:15
LH:0
BRDA:13,0,0,0
BRDA:20,1,0,0
BRDA:27,2,0,0
BRF:3
BRH:0
end_of_record
TN:
SF:src/lib/cache.ts
FN:34,(anonymous_0)
FN:35,(anonymous_1)
FN:36,(anonymous_2)
FN:37,(anonymous_3)
FN:40,(anonymous_4)
FN:41,(anonymous_5)
FN:43,(anonymous_6)
FN:44,(anonymous_7)
FN:47,(anonymous_8)
FN:48,(anonymous_9)
FN:49,(anonymous_10)
FN:52,(anonymous_11)
FN:53,(anonymous_12)
FN:57,(anonymous_13)
FN:58,(anonymous_14)
FN:60,(anonymous_15)
FN:61,(anonymous_16)
FN:65,(anonymous_17)
FN:68,(anonymous_18)
FN:69,(anonymous_19)
FN:72,(anonymous_20)
FN:73,(anonymous_21)
FN:77,(anonymous_22)
FN:78,(anonymous_23)
FN:79,(anonymous_24)
FN:83,(anonymous_25)
FN:87,(anonymous_26)
FN:88,(anonymous_27)
FN:89,(anonymous_28)
FN:96,(anonymous_29)
FN:100,(anonymous_30)
FN:132,(anonymous_31)
FN:140,(anonymous_32)
FN:147,(anonymous_33)
FN:154,(anonymous_34)
FN:161,(anonymous_35)
FN:174,(anonymous_36)
FN:196,(anonymous_37)
FN:213,(anonymous_38)
FN:224,(anonymous_39)
FN:233,(anonymous_40)
FN:243,(anonymous_41)
FN:263,(anonymous_42)
FN:273,(anonymous_43)
FN:283,(anonymous_44)
FN:286,(anonymous_45)
FN:289,(anonymous_46)
FNF:47
FNH:0
FNDA:0,(anonymous_0)
FNDA:0,(anonymous_1)
FNDA:0,(anonymous_2)
FNDA:0,(anonymous_3)
FNDA:0,(anonymous_4)
FNDA:0,(anonymous_5)
FNDA:0,(anonymous_6)
FNDA:0,(anonymous_7)
FNDA:0,(anonymous_8)
FNDA:0,(anonymous_9)
FNDA:0,(anonymous_10)
FNDA:0,(anonymous_11)
FNDA:0,(anonymous_12)
FNDA:0,(anonymous_13)
FNDA:0,(anonymous_14)
FNDA:0,(anonymous_15)
FNDA:0,(anonymous_16)
FNDA:0,(anonymous_17)
FNDA:0,(anonymous_18)
FNDA:0,(anonymous_19)
FNDA:0,(anonymous_20)
FNDA:0,(anonymous_21)
FNDA:0,(anonymous_22)
FNDA:0,(anonymous_23)
FNDA:0,(anonymous_24)
FNDA:0,(anonymous_25)
FNDA:0,(anonymous_26)
FNDA:0,(anonymous_27)
FNDA:0,(anonymous_28)
FNDA:0,(anonymous_29)
FNDA:0,(anonymous_30)
FNDA:0,(anonymous_31)
FNDA:0,(anonymous_32)
FNDA:0,(anonymous_33)
FNDA:0,(anonymous_34)
FNDA:0,(anonymous_35)
FNDA:0,(anonymous_36)
FNDA:0,(anonymous_37)
FNDA:0,(anonymous_38)
FNDA:0,(anonymous_39)
FNDA:0,(anonymous_40)
FNDA:0,(anonymous_41)
FNDA:0,(anonymous_42)
FNDA:0,(anonymous_43)
FNDA:0,(anonymous_44)
FNDA:0,(anonymous_45)
FNDA:0,(anonymous_46)
DA:1,0
DA:6,0
DA:32,0
DA:34,0
DA:35,0
DA:36,0
DA:37,0
DA:40,0
DA:42,0
DA:43,0
DA:44,0
DA:47,0
DA:48,0
DA:49,0
DA:52,0
DA:53,0
DA:57,0
DA:59,0
DA:60,0
DA:61,0
DA:65,0
DA:68,0
DA:69,0
DA:72,0
DA:73,0
DA:77,0
DA:78,0
DA:79,0
DA:83,0
DA:87,0
DA:88,0
DA:89,0
DA:96,0
DA:106,0
DA:107,0
DA:108,0
DA:112,0
DA:113,0
DA:117,0
DA:118,0
DA:119,0
DA:120,0
DA:122,0
DA:124,0
DA:125,0
DA:133,0
DA:134,0
DA:141,0
DA:148,0
DA:155,0
DA:162,0
DA:168,0
DA:175,0
DA:182,0
DA:185,0
DA:186,0
DA:190,0
DA:197,0
DA:199,0
DA:200,0
DA:203,0
DA:204,0
DA:207,0
DA:214,0
DA:216,0
DA:217,0
DA:225,0
DA:226,0
DA:227,0
DA:234,0
DA:235,0
DA:237,0
DA:248,0
DA:249,0
DA:250,0
DA:253,0
DA:254,0
DA:255,0
DA:261,0
DA:270,0
DA:273,0
DA:274,0
DA:275,0
DA:277,0
DA:280,0
DA:284,0
DA:286,0
DA:287,0
DA:288,0
DA:289,0
DA:290,0
DA:294,0
DA:295,0
DA:301,0
LF:94
LH:0
BRDA:107,0,0,0
BRDA:112,1,0,0
BRDA:119,2,0,0
BRDA:119,3,0,0
BRDA:119,3,1,0
BRDA:185,4,0,0
BRDA:199,5,0,0
BRDA:203,6,0,0
BRDA:216,7,0,0
BRDA:234,8,0,0
BRDA:249,9,0,0
BRDA:274,10,0,0
BRDA:288,11,0,0
BRDA:294,12,0,0
BRF:14
BRH:0
end_of_record
TN:
SF:src/lib/logger.ts
FN:10,(anonymous_10)
FN:105,(anonymous_11)
FN:106,(anonymous_12)
FN:113,(anonymous_13)
FN:114,(anonymous_14)
FN:115,(anonymous_15)
FN:120,(anonymous_16)
FN:120,(anonymous_17)
FNF:8
FNH:0
FNDA:0,(anonymous_10)
FNDA:0,(anonymous_11)
FNDA:0,(anonymous_12)
FNDA:0,(anonymous_13)
FNDA:0,(anonymous_14)
FNDA:0,(anonymous_15)
FNDA:0,(anonymous_16)
FNDA:0,(anonymous_17)
DA:1,0
DA:2,0
DA:3,0
DA:6,0
DA:11,0
DA:13,0
DA:14,0
DA:17,0
DA:22,0
DA:29,0
DA:37,0
DA:39,0
DA:50,0
DA:61,0
DA:68,0
DA:82,0
DA:83,0
DA:104,0
DA:105,0
DA:107,0
DA:108,0
DA:110,0
DA:113,0
DA:114,0
DA:115,0
DA:119,0
DA:120,0
DA:121,0
DA:122,0
DA:123,0
DA:128,0
LF:31
LH:0
BRDA:13,0,0,0
BRDA:32,1,0,0
BRDA:32,1,1,0
BRDA:37,2,0,0
BRDA:62,3,0,0
BRDA:62,3,1,0
BRDA:76,4,0,0
BRDA:76,4,1,0
BRDA:82,5,0,0
BRDA:107,6,0,0
BRDA:107,6,1,0
BRDA:119,7,0,0
BRDA:122,8,0,0
BRF:13
BRH:0
end_of_record
TN:
SF:src/lib/metrics.ts
FN:202,(anonymous_0)
FN:135,(anonymous_1)
FN:139,(anonymous_2)
FN:140,(anonymous_3)
FN:143,(anonymous_4)
FN:151,recordError
FN:166,measureOperation
FN:174,(anonymous_7)
FN:178,(anonymous_8)
FN:185,metricsEndpoint
FN:186,(anonymous_10)
FN:198,resetMetrics
FNF:12
FNH:0
FNDA:0,(anonymous_0)
FNDA:0,(anonymous_1)
FNDA:0,(anonymous_2)
FNDA:0,(anonymous_3)
FNDA:0,(anonymous_4)
FNDA:0,recordError
FNDA:0,measureOperation
FNDA:0,(anonymous_7)
FNDA:0,(anonymous_8)
FNDA:0,metricsEndpoint
FNDA:0,(anonymous_10)
FNDA:0,resetMetrics
DA:1,0
DA:5,0
DA:13,0
DA:19,0
DA:25,0
DA:31,0
DA:37,0
DA:43,0
DA:50,0
DA:57,0
DA:64,0
DA:72,0
DA:78,0
DA:83,0
DA:88,0
DA:94,0
DA:102,0
DA:116,0
DA:131,0
DA:137,0
DA:138,0
DA:139,0
DA:140,0
DA:142,0
DA:143,0
DA:144,0
DA:151,0
DA:152,0
DA:159,0
DA:166,0
DA:171,0
DA:173,0
DA:175,0
DA:176,0
DA:179,0
DA:180,0
DA:185,0
DA:186,0
DA:187,0
DA:188,0
DA:189,0
DA:190,0
DA:192,0
DA:198,0
DA:199,0
DA:202,0
LF:46
LH:0
BRDA:142,0,0,0
BRDA:160,1,0,0
BRDA:160,1,1,0
BRDA:161,2,0,0
BRDA:161,2,1,0
BRF:5
BRH:0
end_of_record
TN:
SF:src/lib/prisma-instrumentation.ts
FN:7,instrumentPrismaClient
FN:9,(anonymous_10)
FN:72,(anonymous_11)
FN:81,(anonymous_12)
FN:89,(anonymous_13)
FN:97,(anonymous_14)
FN:113,createInstrumentedPrismaClient
FN:132,(anonymous_16)
FN:143,(anonymous_17)
FN:150,(anonymous_18)
FN:163,getPrismaMetrics
FNF:11
FNH:0
FNDA:0,instrumentPrismaClient
FNDA:0,(anonymous_10)
FNDA:0,(anonymous_11)
FNDA:0,(anonymous_12)
FNDA:0,(anonymous_13)
FNDA:0,(anonymous_14)
FNDA:0,createInstrumentedPrismaClient
FNDA:0,(anonymous_16)
FNDA:0,(anonymous_17)
FNDA:0,(anonymous_18)
FNDA:0,getPrismaMetrics
DA:1,0
DA:2,0
DA:3,0
DA:4,0
DA:7,0
DA:9,0
DA:10,0
DA:11,0
DA:12,0
DA:14,0
DA:16,0
DA:19,0
DA:22,0
DA:28,0
DA:29,0
DA:37,0
DA:50,0
DA:51,0
DA:57,0
DA:60,0
DA:67,0
DA:72,0
DA:73,0
DA:76,0
DA:77,0
DA:79,0
DA:81,0
DA:82,0
DA:86,0
DA:89,0
DA:90,0
DA:94,0
DA:97,0
DA:98,0
DA:102,0
DA:106,0
DA:109,0
DA:113,0
DA:114,0
DA:132,0
DA:133,0
DA:134,0
DA:143,0
DA:144,0
DA:150,0
DA:151,0
DA:159,0
DA:163,0
DA:164,0
DA:166,0
DA:169,0
DA:171,0
DA:176,0
LF:53
LH:0
BRDA:11,0,0,0
BRDA:11,0,1,0
BRDA:28,1,0,0
BRDA:50,2,0,0
BRDA:76,3,0,0
BRDA:76,4,0,0
BRDA:76,4,1,0
BRDA:77,5,0,0
BRDA:77,5,1,0
BRDA:79,6,0,0
BRDA:79,6,1,0
BRDA:79,6,2,0
BRDA:83,7,0,0
BRDA:83,7,1,0
BRDA:84,8,0,0
BRDA:84,8,1,0
BRDA:91,9,0,0
BRDA:91,9,1,0
BRDA:92,10,0,0
BRDA:92,10,1,0
BRDA:100,11,0,0
BRDA:100,11,1,0
BRDA:133,12,0,0
BRDA:178,13,0,0
BRDA:178,13,1,0
BRF:25
BRH:0
end_of_record
TN:
SF:src/lib/prisma-optimizations.ts
FN:11,(anonymous_1)
FN:63,(anonymous_2)
FN:115,(anonymous_3)
FN:151,(anonymous_4)
FN:180,(anonymous_5)
FN:225,(anonymous_6)
FN:264,(anonymous_7)
FN:290,(anonymous_8)
FNF:8
FNH:0
FNDA:0,(anonymous_1)
FNDA:0,(anonymous_2)
FNDA:0,(anonymous_3)
FNDA:0,(anonymous_4)
FNDA:0,(anonymous_5)
FNDA:0,(anonymous_6)
FNDA:0,(anonymous_7)
FNDA:0,(anonymous_8)
DA:1,0
DA:2,0
DA:9,0
DA:11,0
DA:68,0
DA:113,0
DA:115,0
DA:149,0
DA:151,0
DA:178,0
DA:184,0
DA:224,0
DA:229,0
DA:231,0
DA:232,0
DA:233,0
DA:235,0
DA:240,0
DA:241,0
DA:248,0
DA:250,0
DA:251,0
DA:256,0
DA:264,0
DA:265,0
DA:268,0
DA:269,0
DA:270,0
DA:272,0
DA:273,0
DA:281,0
DA:284,0
DA:290,0
DA:291,0
DA:300,0
LF:35
LH:0
BRDA:195,0,0,0
BRDA:195,0,1,0
BRDA:196,1,0,0
BRDA:196,1,1,0
BRDA:197,2,0,0
BRDA:197,2,1,0
BRDA:240,3,0,0
BRDA:268,4,0,0
BRDA:272,5,0,0
BRF:9
BRH:0
end_of_record
TN:
SF:src/lib/prisma.ts
FN:26,(anonymous_0)
FN:59,(anonymous_1)
FN:108,(anonymous_2)
FN:114,checkDatabaseConnection
FN:125,disconnectDatabase
FN:132,(anonymous_5)
FNF:6
FNH:0
FNDA:0,(anonymous_0)
FNDA:0,(anonymous_1)
FNDA:0,(anonymous_2)
FNDA:0,checkDatabaseConnection
FNDA:0,disconnectDatabase
FNDA:0,(anonymous_5)
DA:1,0
DA:2,0
DA:3,0
DA:4,0
DA:5,0
DA:6,0
DA:26,0
DA:27,0
DA:49,0
DA:51,0
DA:52,0
DA:56,0
DA:59,0
DA:60,0
DA:61,0
DA:62,0
DA:64,0
DA:65,0
DA:66,0
DA:67,0
DA:70,0
DA:76,0
DA:77,0
DA:78,0
DA:81,0
DA:89,0
DA:97,0
DA:99,0
DA:103,0
DA:108,0
DA:110,0
DA:114,0
DA:115,0
DA:116,0
DA:117,0
DA:119,0
DA:120,0
DA:125,0
DA:126,0
DA:127,0
DA:131,0
DA:132,0
DA:133,0
LF:43
LH:0
BRDA:28,0,0,0
BRDA:28,0,1,0
BRDA:38,1,0,0
BRDA:38,1,1,0
BRDA:49,2,0,0
BRDA:49,2,1,0
BRDA:51,3,0,0
BRDA:61,4,0,0
BRDA:61,4,1,0
BRDA:76,5,0,0
BRDA:77,6,0,0
BRDA:85,7,0,0
BRDA:85,7,1,0
BRDA:131,8,0,0
BRF:14
BRH:0
end_of_record
TN:
SF:src/lib/redis.ts
FN:14,(anonymous_1)
FN:20,(anonymous_2)
FN:25,(anonymous_3)
FN:33,(anonymous_4)
FN:45,(anonymous_5)
FN:49,(anonymous_6)
FN:55,(anonymous_7)
FN:60,(anonymous_8)
FN:65,(anonymous_9)
FN:79,(anonymous_10)
FN:86,(anonymous_11)
FN:100,(anonymous_12)
FN:119,(anonymous_13)
FN:134,(anonymous_14)
FN:150,(anonymous_15)
FN:164,(anonymous_16)
FN:179,(anonymous_17)
FN:193,(anonymous_18)
FN:207,(anonymous_19)
FN:222,(anonymous_20)
FN:239,(anonymous_21)
FN:254,(anonymous_22)
FN:267,(anonymous_23)
FN:273,(anonymous_24)
FN:301,(anonymous_25)
FN:320,(anonymous_26)
FN:326,(anonymous_27)
FN:331,(anonymous_28)
FN:337,(anonymous_29)
FN:360,(anonymous_30)
FN:367,(anonymous_31)
FN:375,(anonymous_32)
FN:381,(anonymous_33)
FN:386,(anonymous_34)
FN:394,(anonymous_35)
FN:401,(anonymous_36)
FN:405,(anonymous_37)
FN:411,(anonymous_38)
FN:416,(anonymous_39)
FN:432,(anonymous_40)
FN:433,(anonymous_41)
FN:436,(anonymous_42)
FN:437,(anonymous_43)
FN:438,(anonymous_44)
FN:441,(anonymous_45)
FN:442,(anonymous_46)
FN:445,(anonymous_47)
FN:446,(anonymous_48)
FN:449,(anonymous_49)
FN:450,(anonymous_50)
FN:453,(anonymous_51)
FN:454,(anonymous_52)
FN:457,(anonymous_53)
FN:460,(anonymous_54)
FNF:54
FNH:0
FNDA:0,(anonymous_1)
FNDA:0,(anonymous_2)
FNDA:0,(anonymous_3)
FNDA:0,(anonymous_4)
FNDA:0,(anonymous_5)
FNDA:0,(anonymous_6)
FNDA:0,(anonymous_7)
FNDA:0,(anonymous_8)
FNDA:0,(anonymous_9)
FNDA:0,(anonymous_10)
FNDA:0,(anonymous_11)
FNDA:0,(anonymous_12)
FNDA:0,(anonymous_13)
FNDA:0,(anonymous_14)
FNDA:0,(anonymous_15)
FNDA:0,(anonymous_16)
FNDA:0,(anonymous_17)
FNDA:0,(anonymous_18)
FNDA:0,(anonymous_19)
FNDA:0,(anonymous_20)
FNDA:0,(anonymous_21)
FNDA:0,(anonymous_22)
FNDA:0,(anonymous_23)
FNDA:0,(anonymous_24)
FNDA:0,(anonymous_25)
FNDA:0,(anonymous_26)
FNDA:0,(anonymous_27)
FNDA:0,(anonymous_28)
FNDA:0,(anonymous_29)
FNDA:0,(anonymous_30)
FNDA:0,(anonymous_31)
FNDA:0,(anonymous_32)
FNDA:0,(anonymous_33)
FNDA:0,(anonymous_34)
FNDA:0,(anonymous_35)
FNDA:0,(anonymous_36)
FNDA:0,(anonymous_37)
FNDA:0,(anonymous_38)
FNDA:0,(anonymous_39)
FNDA:0,(anonymous_40)
FNDA:0,(anonymous_41)
FNDA:0,(anonymous_42)
FNDA:0,(anonymous_43)
FNDA:0,(anonymous_44)
FNDA:0,(anonymous_45)
FNDA:0,(anonymous_46)
FNDA:0,(anonymous_47)
FNDA:0,(anonymous_48)
FNDA:0,(anonymous_49)
FNDA:0,(anonymous_50)
FNDA:0,(anonymous_51)
FNDA:0,(anonymous_52)
FNDA:0,(anonymous_53)
FNDA:0,(anonymous_54)
DA:1,0
DA:2,0
DA:8,0
DA:9,0
DA:10,0
DA:11,0
DA:12,0
DA:15,0
DA:16,0
DA:21,0
DA:22,0
DA:26,0
DA:27,0
DA:29,0
DA:31,0
DA:34,0
DA:35,0
DA:36,0
DA:39,0
DA:40,0
DA:45,0
DA:46,0
DA:49,0
DA:50,0
DA:51,0
DA:52,0
DA:55,0
DA:56,0
DA:57,0
DA:60,0
DA:61,0
DA:62,0
DA:65,0
DA:66,0
DA:67,0
DA:71,0
DA:72,0
DA:80,0
DA:87,0
DA:89,0
DA:90,0
DA:92,0
DA:93,0
DA:101,0
DA:103,0
DA:104,0
DA:105,0
DA:107,0
DA:109,0
DA:111,0
DA:112,0
DA:120,0
DA:122,0
DA:123,0
DA:124,0
DA:126,0
DA:127,0
DA:135,0
DA:137,0
DA:138,0
DA:139,0
DA:140,0
DA:142,0
DA:143,0
DA:151,0
DA:153,0
DA:154,0
DA:156,0
DA:157,0
DA:165,0
DA:167,0
DA:168,0
DA:169,0
DA:171,0
DA:172,0
DA:180,0
DA:182,0
DA:183,0
DA:185,0
DA:186,0
DA:194,0
DA:196,0
DA:197,0
DA:199,0
DA:200,0
DA:208,0
DA:210,0
DA:211,0
DA:212,0
DA:214,0
DA:215,0
DA:223,0
DA:225,0
DA:226,0
DA:227,0
DA:229,0
DA:231,0
DA:232,0
DA:240,0
DA:242,0
DA:243,0
DA:244,0
DA:246,0
DA:247,0
DA:255,0
DA:256,0
DA:257,0
DA:258,0
DA:264,0
DA:268,0
DA:275,0
DA:276,0
DA:277,0
DA:278,0
DA:280,0
DA:285,0
DA:286,0
DA:287,0
DA:291,0
DA:292,0
DA:295,0
DA:302,0
DA:305,0
DA:308,0
DA:314,0
DA:322,0
DA:325,0
DA:326,0
DA:327,0
DA:328,0
DA:331,0
DA:343,0
DA:344,0
DA:345,0
DA:349,0
DA:352,0
DA:354,0
DA:361,0
DA:364,0
DA:367,0
DA:369,0
DA:377,0
DA:380,0
DA:381,0
DA:382,0
DA:383,0
DA:386,0
DA:388,0
DA:395,0
DA:402,0
DA:403,0
DA:405,0
DA:406,0
DA:407,0
DA:411,0
DA:414,0
DA:415,0
DA:416,0
DA:419,0
DA:420,0
DA:421,0
DA:427,0
DA:430,0
DA:432,0
DA:433,0
DA:436,0
DA:437,0
DA:438,0
DA:441,0
DA:442,0
DA:445,0
DA:446,0
DA:449,0
DA:450,0
DA:453,0
DA:454,0
DA:457,0
DA:460,0
DA:464,0
LF:179
LH:0
BRDA:15,0,0,0
BRDA:15,1,0,0
BRDA:15,1,1,0
BRDA:27,2,0,0
BRDA:34,3,0,0
BRDA:80,4,0,0
BRDA:80,4,1,0
BRDA:87,5,0,0
BRDA:101,6,0,0
BRDA:104,7,0,0
BRDA:104,7,1,0
BRDA:120,8,0,0
BRDA:123,9,0,0
BRDA:123,9,1,0
BRDA:135,10,0,0
BRDA:139,11,0,0
BRDA:151,12,0,0
BRDA:165,13,0,0
BRDA:180,14,0,0
BRDA:194,15,0,0
BRDA:208,16,0,0
BRDA:222,17,0,0
BRDA:223,18,0,0
BRDA:226,19,0,0
BRDA:240,20,0,0
BRDA:255,21,0,0
BRDA:276,22,0,0
BRDA:286,23,0,0
BRDA:286,24,0,0
BRDA:286,24,1,0
BRDA:291,25,0,0
BRDA:301,26,0,0
BRDA:327,27,0,0
BRDA:340,28,0,0
BRDA:344,29,0,0
BRDA:361,30,0,0
BRDA:361,30,1,0
BRDA:382,31,0,0
BRDA:406,32,0,0
BRDA:414,33,0,0
BRF:40
BRH:0
end_of_record
TN:
SF:src/lib/sentry.ts
FN:9,initSentry
FN:35,(anonymous_10)
FN:73,(anonymous_11)
FN:95,(anonymous_12)
FN:97,(anonymous_13)
FN:105,(anonymous_14)
FN:107,(anonymous_15)
FN:115,(anonymous_16)
FN:117,(anonymous_17)
FN:125,captureError
FN:138,captureMessage
FN:147,addBreadcrumb
FN:161,setUser
FN:178,startTransaction
FN:185,(anonymous_23)
FN:186,(anonymous_24)
FN:194,(anonymous_25)
FNF:17
FNH:0
FNDA:0,initSentry
FNDA:0,(anonymous_10)
FNDA:0,(anonymous_11)
FNDA:0,(anonymous_12)
FNDA:0,(anonymous_13)
FNDA:0,(anonymous_14)
FNDA:0,(anonymous_15)
FNDA:0,(anonymous_16)
FNDA:0,(anonymous_17)
FNDA:0,captureError
FNDA:0,captureMessage
FNDA:0,addBreadcrumb
FNDA:0,setUser
FNDA:0,startTransaction
FNDA:0,(anonymous_23)
FNDA:0,(anonymous_24)
FNDA:0,(anonymous_25)
DA:1,0
DA:3,0
DA:9,0
DA:11,0
DA:12,0
DA:13,0
DA:16,0
DA:17,0
DA:37,0
DA:40,0
DA:42,0
DA:43,0
DA:46,0
DA:47,0
DA:52,0
DA:54,0
DA:55,0
DA:56,0
DA:57,0
DA:61,0
DA:62,0
DA:63,0
DA:64,0
DA:65,0
DA:69,0
DA:75,0
DA:76,0
DA:79,0
DA:80,0
DA:82,0
DA:86,0
DA:88,0
DA:95,0
DA:96,0
DA:97,0
DA:99,0
DA:105,0
DA:106,0
DA:107,0
DA:109,0
DA:115,0
DA:116,0
DA:117,0
DA:119,0
DA:125,0
DA:126,0
DA:128,0
DA:138,0
DA:139,0
DA:141,0
DA:147,0
DA:153,0
DA:155,0
DA:161,0
DA:162,0
DA:164,0
DA:165,0
DA:171,0
DA:178,0
DA:183,0
DA:184,0
DA:190,0
DA:194,0
LF:63
LH:0
BRDA:11,0,0,0
BRDA:11,1,0,0
BRDA:11,1,1,0
BRDA:31,2,0,0
BRDA:31,2,1,0
BRDA:32,3,0,0
BRDA:32,3,1,0
BRDA:40,4,0,0
BRDA:40,5,0,0
BRDA:40,5,1,0
BRDA:42,6,0,0
BRDA:46,7,0,0
BRDA:46,8,0,0
BRDA:46,8,1,0
BRDA:52,9,0,0
BRDA:54,10,0,0
BRDA:61,11,0,0
BRDA:75,12,0,0
BRDA:79,13,0,0
BRDA:79,14,0,0
BRDA:79,14,1,0
BRDA:96,15,0,0
BRDA:96,16,0,0
BRDA:96,16,1,0
BRDA:106,17,0,0
BRDA:106,18,0,0
BRDA:106,18,1,0
BRDA:116,19,0,0
BRDA:116,20,0,0
BRDA:116,20,1,0
BRDA:126,21,0,0
BRDA:126,22,0,0
BRDA:126,22,1,0
BRDA:130,23,0,0
BRDA:130,23,1,0
BRDA:138,24,0,0
BRDA:139,25,0,0
BRDA:139,26,0,0
BRDA:139,26,1,0
BRDA:153,27,0,0
BRDA:153,28,0,0
BRDA:153,28,1,0
BRDA:162,29,0,0
BRDA:162,30,0,0
BRDA:162,30,1,0
BRDA:164,31,0,0
BRDA:164,31,1,0
BRDA:183,32,0,0
BRDA:183,33,0,0
BRDA:183,33,1,0
BRF:50
BRH:0
end_of_record
TN:
SF:src/middleware/asyncHandler.ts
FN:3,(anonymous_0)
FN:3,(anonymous_1)
FNF:2
FNH:0
FNDA:0,(anonymous_0)
FNDA:0,(anonymous_1)
DA:3,0
DA:4,0
LF:2
LH:0
BRF:0
BRH:0
end_of_record
TN:
SF:src/middleware/auth.ts
FN:16,(anonymous_1)
FN:66,(anonymous_2)
FN:67,(anonymous_3)
FNF:3
FNH:0
FNDA:0,(anonymous_1)
FNDA:0,(anonymous_2)
FNDA:0,(anonymous_3)
DA:2,0
DA:3,0
DA:4,0
DA:6,0
DA:16,0
DA:21,0
DA:22,0
DA:23,0
DA:25,0
DA:26,0
DA:32,0
DA:33,0
DA:35,0
DA:36,0
DA:37,0
DA:40,0
DA:43,0
DA:48,0
DA:49,0
DA:55,0
DA:57,0
DA:58,0
DA:60,0
DA:66,0
DA:67,0
DA:68,0
DA:69,0
DA:74,0
DA:75,0
DA:80,0
DA:84,0
DA:85,0
DA:86,0
LF:33
LH:0
BRDA:23,0,0,0
BRDA:23,0,1,0
BRDA:25,1,0,0
BRDA:35,2,0,0
BRDA:48,3,0,0
BRDA:68,4,0,0
BRDA:74,5,0,0
BRF:7
BRH:0
end_of_record
TN:
SF:src/middleware/errorHandler.ts
FN:9,(anonymous_0)
FN:23,(anonymous_1)
FN:55,(anonymous_2)
FNF:3
FNH:0
FNDA:0,(anonymous_0)
FNDA:0,(anonymous_1)
FNDA:0,(anonymous_2)
DA:2,0
DA:9,0
DA:15,0
DA:16,0
DA:17,0
DA:20,0
DA:21,0
DA:22,0
DA:23,0
DA:29,0
DA:30,0
DA:31,0
DA:34,0
DA:35,0
DA:36,0
DA:38,0
DA:39,0
DA:40,0
DA:44,0
DA:45,0
DA:48,0
DA:55,0
DA:56,0
DA:57,0
DA:58,0
DA:59,0
LF:26
LH:0
BRDA:20,0,0,0
BRDA:20,0,1,0
BRDA:29,1,0,0
BRDA:29,1,1,0
BRDA:34,2,0,0
BRDA:34,2,1,0
BRDA:38,3,0,0
BRDA:44,4,0,0
BRDA:50,5,0,0
BRDA:50,5,1,0
BRDA:51,6,0,0
BRDA:51,6,1,0
BRDA:55,7,0,0
BRF:13
BRH:0
end_of_record
TN:
SF:src/middleware/notFound.ts
FN:3,(anonymous_0)
FNF:1
FNH:0
FNDA:0,(anonymous_0)
DA:3,0
DA:4,0
LF:2
LH:0
BRF:0
BRH:0
end_of_record
TN:
SF:src/middleware/performance.ts
FN:16,(anonymous_1)
FN:52,(anonymous_2)
FN:55,(anonymous_3)
FN:59,(anonymous_4)
FN:67,(anonymous_5)
FN:88,(anonymous_6)
FN:100,(anonymous_7)
FN:137,(anonymous_8)
FN:141,(anonymous_9)
FN:147,(anonymous_10)
FN:187,logSlowQuery
FN:204,(anonymous_12)
FNF:12
FNH:0
FNDA:0,(anonymous_1)
FNDA:0,(anonymous_2)
FNDA:0,(anonymous_3)
FNDA:0,(anonymous_4)
FNDA:0,(anonymous_5)
FNDA:0,(anonymous_6)
FNDA:0,(anonymous_7)
FNDA:0,(anonymous_8)
FNDA:0,(anonymous_9)
FNDA:0,(anonymous_10)
FNDA:0,logSlowQuery
FNDA:0,(anonymous_12)
DA:2,0
DA:3,0
DA:11,0
DA:12,0
DA:16,0
DA:17,0
DA:18,0
DA:19,0
DA:22,0
DA:23,0
DA:24,0
DA:27,0
DA:28,0
DA:39,0
DA:52,0
DA:53,0
DA:55,0
DA:56,0
DA:59,0
DA:60,0
DA:63,0
DA:67,0
DA:68,0
DA:80,0
DA:81,0
DA:88,0
DA:89,0
DA:90,0
DA:93,0
DA:97,0
DA:98,0
DA:100,0
DA:101,0
DA:102,0
DA:105,0
DA:106,0
DA:108,0
DA:109,0
DA:116,0
DA:124,0
DA:126,0
DA:128,0
DA:131,0
DA:132,0
DA:136,0
DA:138,0
DA:142,0
DA:147,0
DA:148,0
DA:156,0
DA:158,0
DA:159,0
DA:160,0
DA:169,0
DA:179,0
DA:183,0
DA:187,0
DA:188,0
DA:189,0
DA:198,0
DA:204,0
DA:205,0
DA:207,0
DA:208,0
LF:64
LH:0
BRDA:17,0,0,0
BRDA:17,0,1,0
BRDA:17,0,2,0
BRDA:27,1,0,0
BRDA:70,2,0,0
BRDA:70,2,1,0
BRDA:80,3,0,0
BRDA:105,4,0,0
BRDA:105,4,1,0
BRDA:108,5,0,0
BRDA:126,6,0,0
BRDA:156,7,0,0
BRDA:156,7,1,0
BRDA:159,8,0,0
BRDA:188,9,0,0
BRDA:207,10,0,0
BRF:16
BRH:0
end_of_record
TN:
SF:src/middleware/rateLimiter.ts
FN:4,(anonymous_1)
FN:15,(anonymous_2)
FNF:2
FNH:0
FNDA:0,(anonymous_1)
FNDA:0,(anonymous_2)
DA:1,0
DA:4,0
DA:5,0
DA:16,0
DA:17,0
DA:23,0
DA:24,0
DA:25,0
LF:8
LH:0
BRDA:16,0,0,0
BRDA:16,0,1,0
BRF:2
BRH:0
end_of_record
TN:
SF:src/middleware/rateLimiterNote.ts
FNF:0
FNH:0
DA:14,0
LF:1
LH:0
BRF:0
BRH:0
end_of_record
TN:
SF:src/middleware/requireRole.ts
FN:4,(anonymous_0)
FN:7,(anonymous_1)
FNF:2
FNH:0
FNDA:0,(anonymous_0)
FNDA:0,(anonymous_1)
DA:4,0
DA:5,0
DA:7,0
DA:8,0
DA:9,0
DA:12,0
DA:13,0
DA:16,0
LF:8
LH:0
BRDA:5,0,0,0
BRDA:5,0,1,0
BRDA:8,1,0,0
BRDA:12,2,0,0
BRF:4
BRH:0
end_of_record
TN:
SF:src/middleware/upload.ts
FN:14,(anonymous_1)
FN:17,(anonymous_2)
FN:24,(anonymous_3)
FNF:3
FNH:0
FNDA:0,(anonymous_1)
FNDA:0,(anonymous_2)
FNDA:0,(anonymous_3)
DA:1,0
DA:2,0
DA:3,0
DA:4,0
DA:7,0
DA:8,0
DA:9,0
DA:13,0
DA:15,0
DA:18,0
DA:19,0
DA:24,0
DA:26,0
DA:35,0
DA:36,0
DA:38,0
DA:43,0
DA:52,0
DA:55,0
DA:58,0
LF:20
LH:0
BRDA:7,0,0,0
BRDA:7,0,1,0
BRDA:8,1,0,0
BRDA:35,2,0,0
BRDA:35,2,1,0
BRDA:47,3,0,0
BRDA:47,3,1,0
BRF:7
BRH:0
end_of_record
TN:
SF:src/middlewares/error-handler.middleware.ts
FN:46,(anonymous_1)
FN:98,(anonymous_2)
FN:130,(anonymous_3)
FN:159,(anonymous_4)
FN:219,(anonymous_5)
FN:236,(anonymous_6)
FN:239,(anonymous_7)
FN:245,(anonymous_8)
FN:247,(anonymous_9)
FN:264,(anonymous_10)
FN:278,(anonymous_11)
FN:284,(anonymous_12)
FN:291,(anonymous_13)
FN:292,(anonymous_14)
FN:293,(anonymous_15)
FN:308,(anonymous_16)
FN:309,(anonymous_17)
FN:319,(anonymous_18)
FN:325,(anonymous_19)
FN:332,(anonymous_20)
FN:336,(anonymous_21)
FN:346,(anonymous_22)
FN:371,(anonymous_23)
FN:372,(anonymous_24)
FN:375,(anonymous_25)
FN:386,(anonymous_26)
FN:392,(anonymous_27)
FN:393,(anonymous_28)
FNF:28
FNH:3
FNDA:1,(anonymous_1)
FNDA:1,(anonymous_2)
FNDA:1,(anonymous_3)
FNDA:0,(anonymous_4)
FNDA:0,(anonymous_5)
FNDA:0,(anonymous_6)
FNDA:0,(anonymous_7)
FNDA:0,(anonymous_8)
FNDA:0,(anonymous_9)
FNDA:0,(anonymous_10)
FNDA:0,(anonymous_11)
FNDA:0,(anonymous_12)
FNDA:0,(anonymous_13)
FNDA:0,(anonymous_14)
FNDA:0,(anonymous_15)
FNDA:0,(anonymous_16)
FNDA:0,(anonymous_17)
FNDA:0,(anonymous_18)
FNDA:0,(anonymous_19)
FNDA:0,(anonymous_20)
FNDA:0,(anonymous_21)
FNDA:0,(anonymous_22)
FNDA:0,(anonymous_23)
FNDA:0,(anonymous_24)
FNDA:0,(anonymous_25)
FNDA:0,(anonymous_26)
FNDA:0,(anonymous_27)
FNDA:0,(anonymous_28)
DA:2,1
DA:3,1
DA:4,1
DA:12,1
DA:15,1
DA:24,1
DA:25,1
DA:46,1
DA:51,1
DA:82,1
DA:83,0
DA:85,1
DA:86,0
DA:90,1
DA:91,0
DA:93,1
DA:98,1
DA:104,1
DA:106,1
DA:123,1
DA:126,1
DA:130,1
DA:137,1
DA:138,0
DA:142,1
DA:145,1
DA:146,0
DA:147,0
DA:151,1
DA:154,1
DA:157,1
DA:159,0
DA:163,0
DA:164,0
DA:167,1
DA:169,0
DA:176,0
DA:179,1
DA:181,0
DA:182,0
DA:189,0
DA:192,1
DA:194,0
DA:200,0
DA:203,1
DA:205,0
DA:211,0
DA:215,1
DA:219,1
DA:224,0
DA:232,0
DA:236,1
DA:239,0
DA:240,0
DA:245,1
DA:247,0
DA:248,0
DA:258,0
DA:259,0
DA:264,0
DA:265,0
DA:272,0
DA:273,0
DA:278,0
DA:279,0
DA:280,0
DA:284,0
DA:285,0
DA:286,0
DA:291,1
DA:292,0
DA:293,0
DA:294,0
DA:301,0
DA:303,0
DA:308,1
DA:309,0
DA:315,0
DA:319,1
DA:325,0
DA:326,0
DA:327,0
DA:329,0
DA:332,0
DA:333,0
DA:336,0
DA:337,0
DA:346,0
DA:347,0
DA:355,0
DA:371,1
DA:372,0
DA:373,0
DA:375,0
DA:376,0
DA:382,0
DA:386,0
DA:387,0
DA:388,0
DA:392,0
DA:393,0
LF:101
LH:37
BRDA:24,0,0,1
BRDA:72,1,0,1
BRDA:72,1,1,1
BRDA:82,2,0,0
BRDA:85,3,0,0
BRDA:90,4,0,0
BRDA:90,4,1,1
BRDA:104,5,0,1
BRDA:104,5,1,0
BRDA:113,6,0,1
BRDA:113,6,1,0
BRDA:137,7,0,0
BRDA:142,8,0,1
BRDA:142,8,1,1
BRDA:145,9,0,0
BRDA:145,10,0,1
BRDA:145,10,1,0
BRDA:157,11,0,0
BRDA:167,12,0,0
BRDA:179,13,0,0
BRDA:179,14,0,1
BRDA:179,14,1,0
BRDA:192,15,0,0
BRDA:203,16,0,0
BRDA:258,17,0,0
BRDA:272,18,0,0
BRDA:291,19,0,0
BRDA:326,20,0,0
BRDA:326,21,0,0
BRDA:326,21,1,0
BRDA:338,22,0,0
BRDA:338,22,1,0
BRDA:348,23,0,0
BRDA:348,23,1,0
BRF:34
BRH:10
end_of_record
TN:
SF:src/middlewares/security.middleware.ts
FN:9,(anonymous_1)
FN:16,(anonymous_2)
FN:22,(anonymous_3)
FN:26,(anonymous_4)
FN:114,(anonymous_5)
FN:128,(anonymous_6)
FN:139,(anonymous_7)
FN:178,(anonymous_8)
FN:181,(anonymous_9)
FN:201,(anonymous_10)
FNF:10
FNH:1
FNDA:5,(anonymous_1)
FNDA:0,(anonymous_2)
FNDA:0,(anonymous_3)
FNDA:0,(anonymous_4)
FNDA:0,(anonymous_5)
FNDA:0,(anonymous_6)
FNDA:0,(anonymous_7)
FNDA:0,(anonymous_8)
FNDA:0,(anonymous_9)
FNDA:0,(anonymous_10)
DA:1,1
DA:2,1
DA:3,1
DA:4,1
DA:5,1
DA:9,1
DA:10,5
DA:18,0
DA:19,0
DA:20,0
DA:24,0
DA:27,0
DA:40,1
DA:78,1
DA:112,1
DA:115,0
DA:120,1
DA:125,1
DA:130,0
DA:131,0
DA:132,0
DA:134,0
DA:139,1
DA:141,0
DA:148,0
DA:154,0
DA:155,0
DA:156,0
DA:157,0
DA:168,0
DA:169,0
DA:170,0
DA:171,0
DA:173,0
DA:177,1
DA:179,0
DA:181,0
DA:184,0
DA:186,0
DA:187,0
DA:189,0
DA:201,1
DA:202,0
DA:204,0
DA:205,0
DA:212,0
DA:217,0
DA:219,0
DA:220,0
DA:227,0
DA:230,0
DA:234,1
DA:241,1
LF:53
LH:17
BRDA:13,0,0,5
BRDA:13,0,1,0
BRDA:18,1,0,0
BRDA:18,1,1,0
BRDA:19,2,0,0
BRDA:19,2,1,0
BRDA:19,2,2,0
BRDA:24,3,0,0
BRDA:24,3,1,0
BRDA:24,3,2,0
BRDA:31,4,0,0
BRDA:31,4,1,0
BRDA:131,5,0,0
BRDA:131,6,0,0
BRDA:131,6,1,0
BRDA:155,7,0,0
BRDA:179,8,0,0
BRDA:179,8,1,0
BRDA:184,9,0,0
BRDA:186,10,0,0
BRDA:186,10,1,0
BRDA:186,11,0,0
BRDA:186,11,1,0
BRDA:204,12,0,0
BRDA:217,13,0,0
BRDA:217,13,1,0
BRDA:219,14,0,0
BRF:27
BRH:1
end_of_record
TN:
SF:src/modules/notifications/services/notificationService.ts
FN:26,(anonymous_0)
FN:33,(anonymous_1)
FN:73,(anonymous_2)
FN:134,(anonymous_3)
FN:164,(anonymous_4)
FN:208,(anonymous_5)
FN:234,(anonymous_6)
FN:261,(anonymous_7)
FN:299,(anonymous_8)
FN:400,(anonymous_9)
FN:407,(anonymous_10)
FN:413,(anonymous_11)
FN:420,(anonymous_12)
FN:426,(anonymous_13)
FN:440,(anonymous_14)
FN:445,(anonymous_15)
FN:451,(anonymous_16)
FNF:17
FNH:0
FNDA:0,(anonymous_0)
FNDA:0,(anonymous_1)
FNDA:0,(anonymous_2)
FNDA:0,(anonymous_3)
FNDA:0,(anonymous_4)
FNDA:0,(anonymous_5)
FNDA:0,(anonymous_6)
FNDA:0,(anonymous_7)
FNDA:0,(anonymous_8)
FNDA:0,(anonymous_9)
FNDA:0,(anonymous_10)
FNDA:0,(anonymous_11)
FNDA:0,(anonymous_12)
FNDA:0,(anonymous_13)
FNDA:0,(anonymous_14)
FNDA:0,(anonymous_15)
FNDA:0,(anonymous_16)
DA:7,0
DA:8,0
DA:9,0
DA:10,0
DA:11,0
DA:12,0
DA:23,0
DA:27,0
DA:34,0
DA:36,0
DA:50,0
DA:53,0
DA:56,0
DA:63,0
DA:65,0
DA:66,0
DA:79,0
DA:91,0
DA:93,0
DA:95,0
DA:96,0
DA:97,0
DA:98,0
DA:100,0
DA:101,0
DA:102,0
DA:103,0
DA:106,0
DA:119,0
DA:126,0
DA:127,0
DA:135,0
DA:136,0
DA:147,0
DA:154,0
DA:156,0
DA:157,0
DA:165,0
DA:166,0
DA:168,0
DA:170,0
DA:172,0
DA:173,0
DA:174,0
DA:176,0
DA:177,0
DA:178,0
DA:180,0
DA:181,0
DA:183,0
DA:189,0
DA:192,0
DA:200,0
DA:201,0
DA:209,0
DA:210,0
DA:218,0
DA:226,0
DA:227,0
DA:235,0
DA:236,0
DA:240,0
DA:242,0
DA:245,0
DA:253,0
DA:254,0
DA:265,0
DA:266,0
DA:283,0
DA:291,0
DA:292,0
DA:303,0
DA:305,0
DA:307,0
DA:311,0
DA:312,0
DA:316,0
DA:319,0
DA:320,0
DA:321,0
DA:325,0
DA:332,0
DA:342,0
DA:343,0
DA:344,0
DA:353,0
DA:359,0
DA:369,0
DA:370,0
DA:371,0
DA:375,0
DA:381,0
DA:390,0
DA:392,0
DA:393,0
DA:401,0
DA:407,0
DA:408,0
DA:409,0
DA:414,0
DA:420,0
DA:421,0
DA:422,0
DA:427,0
DA:428,0
DA:430,0
DA:438,0
DA:440,0
DA:441,0
DA:442,0
DA:445,0
DA:452,0
DA:454,0
DA:466,0
LF:114
LH:0
BRDA:42,0,0,0
BRDA:42,0,1,0
BRDA:45,1,0,0
BRDA:45,1,1,0
BRDA:87,2,0,0
BRDA:88,3,0,0
BRDA:89,4,0,0
BRDA:90,5,0,0
BRDA:95,6,0,0
BRDA:96,7,0,0
BRDA:97,8,0,0
BRDA:98,9,0,0
BRDA:100,10,0,0
BRDA:100,11,0,0
BRDA:100,11,1,0
BRDA:102,12,0,0
BRDA:103,13,0,0
BRDA:170,14,0,0
BRDA:170,14,1,0
BRDA:170,14,2,0
BRDA:170,14,3,0
BRDA:240,15,0,0
BRDA:272,16,0,0
BRDA:272,16,1,0
BRDA:276,17,0,0
BRDA:276,17,1,0
BRDA:277,18,0,0
BRDA:277,18,1,0
BRDA:278,19,0,0
BRDA:278,19,1,0
BRDA:279,20,0,0
BRDA:279,20,1,0
BRDA:311,21,0,0
BRDA:319,22,0,0
BRDA:319,23,0,0
BRDA:319,23,1,0
BRDA:335,24,0,0
BRDA:335,24,1,0
BRDA:342,25,0,0
BRDA:342,26,0,0
BRDA:342,26,1,0
BRDA:362,27,0,0
BRDA:362,27,1,0
BRDA:369,28,0,0
BRDA:369,29,0,0
BRDA:369,29,1,0
BRDA:369,29,2,0
BRDA:384,30,0,0
BRDA:384,30,1,0
BRDA:442,31,0,0
BRDA:442,31,1,0
BRF:51
BRH:0
end_of_record
TN:
SF:src/presentation/controllers/ProductController.ts
FN:12,(anonymous_9)
FN:16,(anonymous_10)
FN:39,(anonymous_11)
FN:47,(anonymous_12)
FN:74,(anonymous_13)
FN:79,(anonymous_14)
FN:95,(anonymous_15)
FN:101,(anonymous_16)
FN:113,(anonymous_17)
FNF:9
FNH:0
FNDA:0,(anonymous_9)
FNDA:0,(anonymous_10)
FNDA:0,(anonymous_11)
FNDA:0,(anonymous_12)
FNDA:0,(anonymous_13)
FNDA:0,(anonymous_14)
FNDA:0,(anonymous_15)
FNDA:0,(anonymous_16)
FNDA:0,(anonymous_17)
DA:3,0
DA:4,0
DA:5,0
DA:6,0
DA:9,0
DA:13,0
DA:17,0
DA:18,0
DA:19,0
DA:21,0
DA:22,0
DA:25,0
DA:30,0
DA:35,0
DA:40,0
DA:41,0
DA:42,0
DA:43,0
DA:47,0
DA:49,0
DA:64,0
DA:70,0
DA:75,0
DA:76,0
DA:79,0
DA:80,0
DA:82,0
DA:83,0
DA:86,0
DA:91,0
DA:96,0
DA:97,0
DA:98,0
DA:101,0
DA:102,0
DA:104,0
DA:109,0
DA:114,0
DA:115,0
DA:116,0
DA:119,0
DA:120,0
DA:122,0
DA:123,0
DA:124,0
DA:127,0
DA:128,0
DA:131,0
DA:133,0
DA:138,0
LF:50
LH:0
BRDA:19,0,0,0
BRDA:19,0,1,0
BRDA:21,1,0,0
BRDA:41,2,0,0
BRDA:41,3,0,0
BRDA:54,4,0,0
BRDA:54,4,1,0
BRDA:82,5,0,0
BRDA:123,6,0,0
BRDA:127,7,0,0
BRF:10
BRH:0
end_of_record
TN:
SF:src/routes/analytics.ts
FNF:0
FNH:0
DA:1,0
DA:2,0
DA:3,0
DA:5,0
DA:8,0
DA:11,0
DA:14,0
DA:16,0
LF:8
LH:0
BRF:0
BRH:0
end_of_record
TN:
SF:src/routes/auth.ts
FN:60,(anonymous_1)
FN:152,(anonymous_2)
FN:205,(anonymous_3)
FN:230,(anonymous_4)
FN:261,(anonymous_5)
FN:269,(anonymous_6)
FNF:6
FNH:0
FNDA:0,(anonymous_1)
FNDA:0,(anonymous_2)
FNDA:0,(anonymous_3)
FNDA:0,(anonymous_4)
FNDA:0,(anonymous_5)
FNDA:0,(anonymous_6)
DA:1,0
DA:2,0
DA:3,0
DA:4,0
DA:5,0
DA:6,0
DA:7,0
DA:8,0
DA:10,0
DA:11,0
DA:14,0
DA:21,0
DA:60,0
DA:61,0
DA:62,0
DA:65,0
DA:69,0
DA:70,0
DA:74,0
DA:80,0
DA:97,0
DA:104,0
DA:114,0
DA:120,0
DA:152,0
DA:153,0
DA:154,0
DA:157,0
DA:161,0
DA:162,0
DA:166,0
DA:167,0
DA:168,0
DA:172,0
DA:179,0
DA:189,0
DA:200,0
DA:205,0
DA:206,0
DA:207,0
DA:219,0
DA:220,0
DA:223,0
DA:225,0
DA:230,0
DA:231,0
DA:232,0
DA:237,0
DA:239,0
DA:251,0
DA:256,0
DA:261,0
DA:262,0
DA:269,0
DA:270,0
DA:271,0
DA:272,0
DA:274,0
DA:276,0
DA:279,0
DA:283,0
DA:287,0
LF:62
LH:0
BRDA:69,0,0,0
BRDA:76,1,0,0
BRDA:76,1,1,0
BRDA:161,2,0,0
BRDA:167,3,0,0
BRDA:219,4,0,0
BRDA:272,5,0,0
BRDA:272,5,1,0
BRDA:274,6,0,0
BRF:9
BRH:0
end_of_record
TN:
SF:src/routes/certifications.ts
FNF:0
FNH:0
DA:1,0
DA:2,0
DA:3,0
DA:20,0
DA:23,0
DA:26,0
DA:29,0
DA:30,0
DA:31,0
DA:32,0
DA:35,0
DA:36,0
DA:37,0
DA:38,0
DA:39,0
DA:42,0
DA:45,0
DA:48,0
DA:49,0
DA:52,0
DA:54,0
LF:21
LH:0
BRF:0
BRH:0
end_of_record
TN:
SF:src/routes/laboratories.ts
FN:21,(anonymous_1)
FN:80,(anonymous_2)
FN:113,(anonymous_3)
FN:150,(anonymous_4)
FN:199,(anonymous_5)
FN:234,(anonymous_6)
FN:292,(anonymous_7)
FNF:7
FNH:0
FNDA:0,(anonymous_1)
FNDA:0,(anonymous_2)
FNDA:0,(anonymous_3)
FNDA:0,(anonymous_4)
FNDA:0,(anonymous_5)
FNDA:0,(anonymous_6)
FNDA:0,(anonymous_7)
DA:1,0
DA:2,0
DA:3,0
DA:4,0
DA:5,0
DA:7,0
DA:8,0
DA:11,0
DA:21,0
DA:22,0
DA:23,0
DA:25,0
DA:26,0
DA:28,0
DA:31,0
DA:32,0
DA:38,0
DA:39,0
DA:42,0
DA:65,0
DA:75,0
DA:80,0
DA:81,0
DA:82,0
DA:84,0
DA:102,0
DA:103,0
DA:106,0
DA:108,0
DA:113,0
DA:114,0
DA:115,0
DA:118,0
DA:122,0
DA:123,0
DA:126,0
DA:140,0
DA:145,0
DA:150,0
DA:151,0
DA:152,0
DA:153,0
DA:155,0
DA:159,0
DA:160,0
DA:164,0
DA:165,0
DA:169,0
DA:170,0
DA:174,0
DA:189,0
DA:194,0
DA:199,0
DA:200,0
DA:201,0
DA:202,0
DA:206,0
DA:210,0
DA:211,0
DA:214,0
DA:224,0
DA:229,0
DA:234,0
DA:235,0
DA:236,0
DA:238,0
DA:243,0
DA:244,0
DA:247,0
DA:270,0
DA:271,0
DA:273,0
DA:284,0
DA:292,0
DA:299,0
DA:303,0
LF:76
LH:0
BRDA:23,0,0,0
BRDA:23,1,0,0
BRDA:31,2,0,0
BRDA:38,3,0,0
BRDA:102,4,0,0
BRDA:122,5,0,0
BRDA:159,6,0,0
BRDA:164,7,0,0
BRDA:164,8,0,0
BRDA:164,8,1,0
BRDA:169,9,0,0
BRDA:210,10,0,0
BRDA:225,11,0,0
BRDA:225,11,1,0
BRDA:243,12,0,0
BRF:15
BRH:0
end_of_record
TN:
SF:src/routes/monitoring.ts
FN:13,(anonymous_10)
FN:29,(anonymous_11)
FN:45,(anonymous_12)
FN:61,(anonymous_13)
FN:78,(anonymous_14)
FN:105,(anonymous_15)
FN:130,(anonymous_16)
FN:132,(anonymous_17)
FN:170,(anonymous_18)
FN:189,(anonymous_19)
FN:195,(anonymous_20)
FNF:11
FNH:0
FNDA:0,(anonymous_10)
FNDA:0,(anonymous_11)
FNDA:0,(anonymous_12)
FNDA:0,(anonymous_13)
FNDA:0,(anonymous_14)
FNDA:0,(anonymous_15)
FNDA:0,(anonymous_16)
FNDA:0,(anonymous_17)
FNDA:0,(anonymous_18)
FNDA:0,(anonymous_19)
FNDA:0,(anonymous_20)
DA:1,0
DA:2,0
DA:3,0
DA:4,0
DA:5,0
DA:6,0
DA:8,0
DA:13,0
DA:14,0
DA:15,0
DA:17,0
DA:22,0
DA:29,0
DA:30,0
DA:31,0
DA:33,0
DA:38,0
DA:45,0
DA:46,0
DA:47,0
DA:49,0
DA:54,0
DA:61,0
DA:62,0
DA:63,0
DA:65,0
DA:71,0
DA:78,0
DA:79,0
DA:80,0
DA:84,0
DA:93,0
DA:98,0
DA:105,0
DA:106,0
DA:109,0
DA:118,0
DA:123,0
DA:130,0
DA:131,0
DA:132,0
DA:135,0
DA:137,0
DA:138,0
DA:148,0
DA:153,0
DA:158,0
DA:165,0
DA:170,0
DA:171,0
DA:172,0
DA:180,0
DA:181,0
DA:182,0
DA:184,0
DA:188,0
DA:189,0
DA:190,0
DA:192,0
DA:195,0
DA:197,0
DA:204,0
DA:208,0
LF:63
LH:0
BRDA:80,0,0,0
BRDA:80,1,0,0
BRDA:137,2,0,0
BRDA:197,3,0,0
BRDA:197,3,1,0
BRF:5
BRH:0
end_of_record
TN:
SF:src/routes/notifications.ts
FN:41,(anonymous_0)
FN:44,(anonymous_1)
FN:49,(anonymous_2)
FN:58,(anonymous_3)
FN:60,(anonymous_4)
FN:61,(anonymous_5)
FN:71,(anonymous_6)
FN:74,(anonymous_7)
FN:94,(anonymous_8)
FN:97,(anonymous_9)
FN:111,(anonymous_10)
FN:114,(anonymous_11)
FN:131,(anonymous_12)
FNF:13
FNH:0
FNDA:0,(anonymous_0)
FNDA:0,(anonymous_1)
FNDA:0,(anonymous_2)
FNDA:0,(anonymous_3)
FNDA:0,(anonymous_4)
FNDA:0,(anonymous_5)
FNDA:0,(anonymous_6)
FNDA:0,(anonymous_7)
FNDA:0,(anonymous_8)
FNDA:0,(anonymous_9)
FNDA:0,(anonymous_10)
FNDA:0,(anonymous_11)
FNDA:0,(anonymous_12)
DA:1,0
DA:2,0
DA:4,0
DA:7,0
DA:41,0
DA:42,0
DA:44,0
DA:46,0
DA:49,0
DA:52,0
DA:53,0
DA:58,0
DA:59,0
DA:60,0
DA:61,0
DA:63,0
DA:65,0
DA:66,0
DA:71,0
DA:72,0
DA:73,0
DA:74,0
DA:76,0
DA:77,0
DA:81,0
DA:83,0
DA:88,0
DA:89,0
DA:94,0
DA:95,0
DA:97,0
DA:98,0
DA:99,0
DA:103,0
DA:105,0
DA:106,0
DA:111,0
DA:112,0
DA:113,0
DA:114,0
DA:116,0
DA:117,0
DA:121,0
DA:123,0
DA:125,0
DA:126,0
DA:131,0
DA:132,0
DA:133,0
DA:135,0
DA:136,0
DA:139,0
DA:150,0
DA:152,0
DA:157,0
DA:158,0
DA:162,0
LF:57
LH:0
BRDA:76,0,0,0
BRDA:98,1,0,0
BRDA:116,2,0,0
BRDA:135,3,0,0
BRDA:135,4,0,0
BRDA:135,4,1,0
BRDA:143,5,0,0
BRDA:143,5,1,0
BRDA:146,6,0,0
BRDA:146,6,1,0
BRDA:147,7,0,0
BRDA:147,7,1,0
BRF:12
BRH:0
end_of_record
TN:
SF:src/routes/products.ts
FN:26,(anonymous_1)
FN:111,(anonymous_2)
FN:120,(anonymous_3)
FN:177,(anonymous_4)
FN:245,(anonymous_5)
FN:300,(anonymous_6)
FN:335,(anonymous_7)
FN:375,(anonymous_8)
FNF:8
FNH:0
FNDA:0,(anonymous_1)
FNDA:0,(anonymous_2)
FNDA:0,(anonymous_3)
FNDA:0,(anonymous_4)
FNDA:0,(anonymous_5)
FNDA:0,(anonymous_6)
FNDA:0,(anonymous_7)
FNDA:0,(anonymous_8)
DA:1,0
DA:2,0
DA:3,0
DA:4,0
DA:5,0
DA:6,0
DA:7,0
DA:8,0
DA:10,0
DA:11,0
DA:14,0
DA:26,0
DA:27,0
DA:28,0
DA:29,0
DA:30,0
DA:33,0
DA:38,0
DA:39,0
DA:40,0
DA:43,0
DA:44,0
DA:46,0
DA:49,0
DA:50,0
DA:54,0
DA:55,0
DA:62,0
DA:63,0
DA:66,0
DA:67,0
DA:70,0
DA:91,0
DA:102,0
DA:104,0
DA:106,0
DA:111,0
DA:112,0
DA:113,0
DA:114,0
DA:115,0
DA:118,0
DA:121,0
DA:124,0
DA:125,0
DA:128,0
DA:161,0
DA:162,0
DA:165,0
DA:170,0
DA:172,0
DA:177,0
DA:178,0
DA:179,0
DA:180,0
DA:181,0
DA:184,0
DA:185,0
DA:188,0
DA:192,0
DA:193,0
DA:197,0
DA:198,0
DA:199,0
DA:203,0
DA:226,0
DA:227,0
DA:228,0
DA:232,0
DA:233,0
DA:235,0
DA:240,0
DA:245,0
DA:246,0
DA:247,0
DA:248,0
DA:250,0
DA:253,0
DA:254,0
DA:258,0
DA:259,0
DA:260,0
DA:264,0
DA:265,0
DA:266,0
DA:269,0
DA:280,0
DA:281,0
DA:282,0
DA:283,0
DA:285,0
DA:286,0
DA:287,0
DA:290,0
DA:295,0
DA:300,0
DA:301,0
DA:302,0
DA:304,0
DA:306,0
DA:307,0
DA:310,0
DA:311,0
DA:312,0
DA:316,0
DA:319,0
DA:324,0
DA:330,0
DA:335,0
DA:336,0
DA:337,0
DA:339,0
DA:341,0
DA:342,0
DA:345,0
DA:346,0
DA:347,0
DA:350,0
DA:351,0
DA:355,0
DA:365,0
DA:370,0
DA:375,0
DA:376,0
DA:377,0
DA:379,0
DA:381,0
DA:382,0
DA:385,0
DA:386,0
DA:387,0
DA:390,0
DA:393,0
DA:394,0
DA:395,0
DA:396,0
DA:398,0
DA:399,0
DA:402,0
DA:406,0
DA:410,0
LF:141
LH:0
BRDA:28,0,0,0
BRDA:28,1,0,0
BRDA:33,2,0,0
BRDA:33,2,1,0
BRDA:34,3,0,0
BRDA:34,3,1,0
BRDA:34,4,0,0
BRDA:34,4,1,0
BRDA:34,5,0,0
BRDA:34,5,1,0
BRDA:39,6,0,0
BRDA:49,7,0,0
BRDA:54,8,0,0
BRDA:62,9,0,0
BRDA:66,10,0,0
BRDA:124,11,0,0
BRDA:161,12,0,0
BRDA:184,13,0,0
BRDA:184,13,1,0
BRDA:192,14,0,0
BRDA:198,15,0,0
BRDA:208,16,0,0
BRDA:208,16,1,0
BRDA:210,17,0,0
BRDA:210,17,1,0
BRDA:211,18,0,0
BRDA:211,18,1,0
BRDA:211,19,0,0
BRDA:211,19,1,0
BRDA:227,20,0,0
BRDA:253,21,0,0
BRDA:259,22,0,0
BRDA:265,23,0,0
BRDA:282,24,0,0
BRDA:285,25,0,0
[...]
DA:277,0
DA:278,0
DA:279,0
DA:281,0
DA:285,0
DA:287,0
DA:291,0
LF:96
LH:0
BRDA:53,0,0,0
BRDA:59,1,0,0
BRDA:65,2,0,0
BRDA:71,3,0,0
BRDA:76,4,0,0
BRDA:114,5,0,0
BRDA:128,6,0,0
BRDA:156,7,0,0
BRDA:159,8,0,0
BRDA:187,9,0,0
BRDA:206,10,0,0
BRDA:207,11,0,0
BRDA:207,11,1,0
BRDA:207,12,0,0
BRDA:207,12,1,0
BRDA:233,13,0,0
BRDA:233,14,0,0
BRDA:233,14,1,0
BRDA:238,15,0,0
BRDA:238,15,1,0
BRDA:243,16,0,0
BRDA:266,17,0,0
BRDA:275,18,0,0
BRDA:275,18,1,0
BRDA:277,19,0,0
BRDA:277,19,1,0
BRF:26
BRH:0
end_of_record
TN:
SF:src/services/validation.service.ts
FN:29,(anonymous_0)
FN:72,(anonymous_1)
FN:145,(anonymous_2)
FN:156,(anonymous_3)
FN:169,(anonymous_4)
FN:170,(anonymous_5)
FN:225,(anonymous_6)
FN:235,(anonymous_7)
FN:260,(anonymous_8)
FN:266,(anonymous_9)
FN:275,(anonymous_10)
FN:277,(anonymous_11)
FN:291,(anonymous_12)
FN:297,(anonymous_13)
FN:357,(anonymous_14)
FN:360,(anonymous_15)
FN:370,(anonymous_16)
FN:399,(anonymous_17)
FN:411,(anonymous_18)
FN:414,(anonymous_19)
FN:441,(anonymous_20)
FN:463,(anonymous_21)
FN:477,(anonymous_22)
FN:524,(anonymous_23)
FN:528,(anonymous_24)
FN:533,(anonymous_25)
FNF:26
FNH:0
FNDA:0,(anonymous_0)
FNDA:0,(anonymous_1)
FNDA:0,(anonymous_2)
FNDA:0,(anonymous_3)
FNDA:0,(anonymous_4)
FNDA:0,(anonymous_5)
FNDA:0,(anonymous_6)
FNDA:0,(anonymous_7)
FNDA:0,(anonymous_8)
FNDA:0,(anonymous_9)
FNDA:0,(anonymous_10)
FNDA:0,(anonymous_11)
FNDA:0,(anonymous_12)
FNDA:0,(anonymous_13)
FNDA:0,(anonymous_14)
FNDA:0,(anonymous_15)
FNDA:0,(anonymous_16)
FNDA:0,(anonymous_17)
FNDA:0,(anonymous_18)
FNDA:0,(anonymous_19)
FNDA:0,(anonymous_20)
FNDA:0,(anonymous_21)
FNDA:0,(anonymous_22)
FNDA:0,(anonymous_23)
FNDA:0,(anonymous_24)
FNDA:0,(anonymous_25)
DA:1,0
DA:2,0
DA:3,0
DA:4,0
DA:5,0
DA:7,0
DA:8,0
DA:25,0
DA:35,0
DA:36,0
DA:39,0
DA:41,0
DA:42,0
DA:45,0
DA:46,0
DA:49,0
DA:50,0
DA:54,0
DA:55,0
DA:58,0
DA:59,0
DA:61,0
DA:62,0
DA:65,0
DA:66,0
DA:70,0
DA:73,0
DA:121,0
DA:126,0
DA:130,0
DA:146,0
DA:148,0
DA:149,0
DA:150,0
DA:151,0
DA:154,0
DA:156,0
DA:159,0
DA:160,0
DA:163,0
DA:170,0
DA:172,0
DA:180,0
DA:181,0
DA:185,0
DA:211,0
DA:217,0
DA:224,0
DA:225,0
DA:235,0
DA:236,0
DA:244,0
DA:245,0
DA:247,0
DA:253,0
DA:264,0
DA:266,0
DA:273,0
DA:275,0
DA:276,0
DA:277,0
DA:280,0
DA:285,0
DA:297,0
DA:298,0
DA:315,0
DA:316,0
DA:320,0
DA:333,0
DA:334,0
DA:341,0
DA:356,0
DA:357,0
DA:359,0
DA:360,0
DA:370,0
DA:371,0
DA:381,0
DA:382,0
DA:383,0
DA:385,0
DA:392,0
DA:411,0
DA:413,0
DA:414,0
DA:421,0
DA:425,0
DA:426,0
DA:433,0
DA:441,0
DA:447,0
DA:448,0
DA:450,0
DA:456,0
DA:468,0
DA:470,0
DA:471,0
DA:472,0
DA:475,0
DA:478,0
DA:480,0
DA:481,0
DA:484,0
DA:485,0
DA:488,0
DA:489,0
DA:495,0
DA:523,0
DA:525,0
DA:526,0
DA:529,0
DA:530,0
DA:533,0
DA:539,0
DA:541,0
DA:545,0
LF:116
LH:0
BRDA:41,0,0,0
BRDA:41,1,0,0
BRDA:41,1,1,0
BRDA:45,2,0,0
BRDA:49,3,0,0
BRDA:54,4,0,0
BRDA:54,4,1,0
BRDA:54,5,0,0
BRDA:54,5,1,0
BRDA:58,6,0,0
BRDA:61,7,0,0
BRDA:61,8,0,0
BRDA:61,8,1,0
BRDA:65,9,0,0
BRDA:73,10,0,0
BRDA:73,10,1,0
BRDA:149,11,0,0
BRDA:159,12,0,0
BRDA:180,13,0,0
BRDA:190,14,0,0
BRDA:190,14,1,0
BRDA:268,15,0,0
BRDA:268,15,1,0
BRDA:315,16,0,0
BRDA:324,17,0,0
BRDA:324,17,1,0
BRDA:333,18,0,0
BRDA:356,19,0,0
BRDA:356,20,0,0
BRDA:356,20,1,0
BRDA:363,21,0,0
BRDA:363,21,1,0
BRDA:364,22,0,0
BRDA:364,22,1,0
BRDA:425,23,0,0
BRDA:468,24,0,0
BRDA:468,24,1,0
BRDA:471,25,0,0
BRDA:480,26,0,0
BRDA:484,27,0,0
BRDA:488,28,0,0
BRDA:518,29,0,0
BRDA:518,29,1,0
BRDA:519,30,0,0
BRDA:519,30,1,0
BRDA:532,31,0,0
BRDA:532,31,1,0
BRF:47
BRH:0
end_of_record
TN:
SF:src/services/validationQueueService.ts
FN:60,(anonymous_0)
FN:67,(anonymous_1)
FN:122,(anonymous_2)
FN:163,(anonymous_3)
FN:182,(anonymous_4)
FN:237,(anonymous_5)
FN:300,(anonymous_6)
FN:335,(anonymous_7)
FN:388,(anonymous_8)
FN:415,(anonymous_9)
FN:446,(anonymous_10)
FN:460,(anonymous_11)
FN:470,(anonymous_12)
FN:486,(anonymous_13)
FN:495,(anonymous_14)
FN:498,(anonymous_15)
FN:510,(anonymous_16)
FNF:17
FNH:0
FNDA:0,(anonymous_0)
FNDA:0,(anonymous_1)
FNDA:0,(anonymous_2)
FNDA:0,(anonymous_3)
FNDA:0,(anonymous_4)
FNDA:0,(anonymous_5)
FNDA:0,(anonymous_6)
FNDA:0,(anonymous_7)
FNDA:0,(anonymous_8)
FNDA:0,(anonymous_9)
FNDA:0,(anonymous_10)
FNDA:0,(anonymous_11)
FNDA:0,(anonymous_12)
FNDA:0,(anonymous_13)
FNDA:0,(anonymous_14)
FNDA:0,(anonymous_15)
FNDA:0,(anonymous_16)
DA:16,0
DA:17,0
DA:54,0
DA:61,0
DA:68,0
DA:77,0
DA:80,0
DA:82,0
DA:105,0
DA:108,0
DA:111,0
DA:113,0
DA:115,0
DA:123,0
DA:133,0
DA:135,0
DA:136,0
DA:137,0
DA:138,0
DA:139,0
DA:141,0
DA:162,0
DA:163,0
DA:175,0
DA:183,0
DA:184,0
DA:189,0
DA:190,0
DA:193,0
DA:194,0
DA:197,0
DA:216,0
DA:226,0
DA:228,0
DA:230,0
DA:238,0
DA:239,0
DA:243,0
DA:244,0
DA:247,0
DA:252,0
DA:253,0
DA:254,0
DA:255,0
DA:258,0
DA:259,0
DA:260,0
DA:264,0
DA:279,0
DA:289,0
DA:291,0
DA:293,0
DA:301,0
DA:309,0
DA:318,0
DA:328,0
DA:336,0
DA:337,0
DA:344,0
DA:345,0
DA:349,0
DA:355,0
DA:356,0
DA:361,0
DA:363,0
DA:364,0
DA:366,0
DA:367,0
DA:370,0
DA:371,0
DA:374,0
DA:375,0
DA:378,0
DA:380,0
DA:381,0
DA:389,0
DA:392,0
DA:394,0
DA:395,0
DA:397,0
DA:398,0
DA:400,0
DA:401,0
DA:403,0
DA:404,0
DA:406,0
DA:409,0
DA:423,0
DA:424,0
DA:439,0
DA:447,0
DA:448,0
DA:458,0
DA:460,0
DA:461,0
DA:463,0
DA:471,0
DA:472,0
DA:479,0
DA:489,0
DA:496,0
DA:497,0
DA:499,0
DA:505,0
DA:510,0
DA:511,0
DA:513,0
DA:518,0
LF:108
LH:0
BRDA:73,0,0,0
BRDA:74,1,0,0
BRDA:76,2,0,0
BRDA:115,3,0,0
BRDA:115,3,1,0
BRDA:122,4,0,0
BRDA:129,5,0,0
BRDA:130,6,0,0
BRDA:131,7,0,0
BRDA:132,8,0,0
BRDA:136,9,0,0
BRDA:137,10,0,0
BRDA:138,11,0,0
BRDA:139,12,0,0
BRDA:165,13,0,0
BRDA:165,13,1,0
BRDA:175,14,0,0
BRDA:175,14,1,0
BRDA:189,15,0,0
BRDA:193,16,0,0
BRDA:222,17,0,0
BRDA:222,17,1,0
BRDA:230,18,0,0
BRDA:230,18,1,0
BRDA:237,19,0,0
BRDA:243,20,0,0
BRDA:252,21,0,0
BRDA:252,21,1,0
BRDA:252,22,0,0
BRDA:252,22,1,0
BRDA:254,23,0,0
BRDA:254,24,0,0
BRDA:254,24,1,0
BRDA:258,25,0,0
BRDA:293,26,0,0
BRDA:293,26,1,0
BRDA:328,27,0,0
BRDA:328,27,1,0
BRDA:335,28,0,0
BRDA:344,29,0,0
BRDA:344,30,0,0
BRDA:344,30,1,0
BRDA:355,31,0,0
BRDA:361,32,0,0
BRDA:361,32,1,0
BRDA:361,32,2,0
BRDA:361,32,3,0
BRDA:374,33,0,0
BRDA:392,34,0,0
BRDA:392,34,1,0
BRDA:392,34,2,0
BRDA:392,34,3,0
BRDA:392,34,4,0
BRDA:421,35,0,0
BRDA:458,36,0,0
BRDA:460,37,0,0
BRDA:460,37,1,0
BRF:57
BRH:0
end_of_record
TN:
SF:src/services/websocketService.ts
FN:38,(anonymous_1)
FN:51,(anonymous_2)
FN:72,(anonymous_3)
FN:75,(anonymous_4)
FN:97,(anonymous_5)
FN:100,(anonymous_6)
FN:103,(anonymous_7)
FN:104,(anonymous_8)
FN:105,(anonymous_9)
FN:106,(anonymous_10)
FN:107,(anonymous_11)
FN:108,(anonymous_12)
FN:115,(anonymous_13)
FN:117,(anonymous_14)
FN:121,(anonymous_15)
FN:132,(anonymous_16)
FN:149,(anonymous_17)
FN:179,(anonymous_18)
FN:200,(anonymous_19)
FN:216,(anonymous_20)
FN:229,(anonymous_21)
FN:238,(anonymous_22)
FN:245,(anonymous_23)
FN:261,(anonymous_24)
FN:289,(anonymous_25)
FN:310,(anonymous_26)
FN:324,(anonymous_27)
FN:338,(anonymous_28)
FN:366,(anonymous_29)
FN:377,(anonymous_30)
FN:396,(anonymous_31)
FNF:31
FNH:0
FNDA:0,(anonymous_1)
FNDA:0,(anonymous_2)
FNDA:0,(anonymous_3)
FNDA:0,(anonymous_4)
FNDA:0,(anonymous_5)
FNDA:0,(anonymous_6)
FNDA:0,(anonymous_7)
FNDA:0,(anonymous_8)
FNDA:0,(anonymous_9)
FNDA:0,(anonymous_10)
FNDA:0,(anonymous_11)
FNDA:0,(anonymous_12)
FNDA:0,(anonymous_13)
FNDA:0,(anonymous_14)
FNDA:0,(anonymous_15)
FNDA:0,(anonymous_16)
FNDA:0,(anonymous_17)
FNDA:0,(anonymous_18)
FNDA:0,(anonymous_19)
FNDA:0,(anonymous_20)
FNDA:0,(anonymous_21)
FNDA:0,(anonymous_22)
FNDA:0,(anonymous_23)
FNDA:0,(anonymous_24)
FNDA:0,(anonymous_25)
FNDA:0,(anonymous_26)
FNDA:0,(anonymous_27)
FNDA:0,(anonymous_28)
FNDA:0,(anonymous_29)
FNDA:0,(anonymous_30)
FNDA:0,(anonymous_31)
DA:15,0
DA:17,0
DA:18,0
DA:19,0
DA:39,0
DA:40,0
DA:41,0
DA:42,0
DA:52,0
DA:62,0
DA:63,0
DA:64,0
DA:66,0
DA:73,0
DA:75,0
DA:76,0
DA:77,0
DA:79,0
DA:80,0
DA:83,0
DA:84,0
DA:85,0
DA:87,0
DA:89,0
DA:98,0
DA:100,0
DA:101,0
DA:103,0
DA:104,0
DA:105,0
DA:106,0
DA:107,0
DA:108,0
DA:117,0
DA:118,0
DA:121,0
DA:122,0
DA:123,0
DA:124,0
DA:132,0
DA:133,0
DA:136,0
DA:137,0
DA:150,0
DA:152,0
DA:154,0
DA:155,0
DA:156,0
DA:157,0
DA:160,0
DA:163,0
DA:166,0
DA:173,0
DA:180,0
DA:182,0
DA:183,0
DA:184,0
DA:187,0
DA:188,0
DA:189,0
DA:190,0
DA:193,0
DA:194,0
DA:201,0
DA:203,0
DA:204,0
DA:205,0
DA:206,0
DA:209,0
DA:210,0
DA:217,0
DA:218,0
DA:219,0
DA:220,0
DA:222,0
DA:230,0
DA:231,0
DA:232,0
DA:239,0
DA:246,0
DA:248,0
DA:250,0
DA:251,0
DA:252,0
DA:255,0
DA:262,0
DA:264,0
DA:271,0
DA:274,0
DA:275,0
DA:279,0
DA:280,0
DA:283,0
DA:290,0
DA:292,0
DA:293,0
DA:294,0
DA:295,0
DA:301,0
DA:302,0
DA:311,0
DA:313,0
DA:318,0
DA:325,0
DA:327,0
DA:332,0
DA:339,0
DA:340,0
DA:341,0
DA:343,0
DA:344,0
DA:347,0
DA:348,0
DA:351,0
DA:352,0
DA:356,0
DA:357,0
DA:360,0
DA:367,0
DA:378,0
DA:380,0
DA:386,0
DA:387,0
DA:389,0
DA:397,0
DA:398,0
DA:399,0
DA:404,0
LF:128
LH:0
BRDA:73,0,0,0
BRDA:77,1,0,0
BRDA:77,1,1,0
BRDA:79,2,0,0
BRDA:85,3,0,0
BRDA:85,3,1,0
BRDA:98,4,0,0
BRDA:123,5,0,0
BRDA:136,6,0,0
BRDA:136,7,0,0
BRDA:136,7,1,0
BRDA:150,8,0,0
BRDA:180,9,0,0
BRDA:180,10,0,0
BRDA:180,10,1,0
BRDA:182,11,0,0
BRDA:189,12,0,0
BRDA:201,13,0,0
BRDA:205,14,0,0
BRDA:217,15,0,0
BRDA:217,15,1,0
BRDA:246,16,0,0
BRDA:262,17,0,0
BRDA:274,18,0,0
BRDA:279,19,0,0
BRDA:290,20,0,0
BRDA:292,21,0,0
BRDA:294,22,0,0
BRDA:311,23,0,0
BRDA:325,24,0,0
BRDA:343,25,0,0
BRDA:347,26,0,0
BRDA:347,27,0,0
BRDA:347,27,1,0
BRDA:351,28,0,0
BRDA:351,29,0,0
BRDA:351,29,1,0
BRDA:356,30,0,0
BRDA:356,31,0,0
BRDA:356,31,1,0
BRDA:370,32,0,0
BRDA:370,32,1,0
BRDA:377,33,0,0
BRDA:378,34,0,0
BRDA:386,35,0,0
BRDA:386,35,1,0
BRDA:397,36,0,0
BRF:47
BRH:0
end_of_record
TN:
SF:src/utils/logger.ts
FN:37,(anonymous_1)
FN:114,(anonymous_2)
FN:142,(anonymous_3)
FN:147,(anonymous_4)
FN:152,(anonymous_5)
FN:157,(anonymous_6)
FN:164,(anonymous_7)
FN:168,(anonymous_8)
FN:172,(anonymous_9)
FN:176,(anonymous_10)
FN:180,(anonymous_11)
FN:184,(anonymous_12)
FN:189,(anonymous_13)
FN:211,(anonymous_14)
FN:225,(anonymous_15)
FN:230,(anonymous_16)
FN:243,(anonymous_17)
FN:262,(anonymous_18)
FN:266,(anonymous_19)
FN:276,(anonymous_20)
FN:283,(anonymous_21)
FN:293,(anonymous_22)
FN:301,(anonymous_23)
FN:308,(anonymous_24)
FN:321,(anonymous_25)
FN:338,(anonymous_26)
FN:353,(anonymous_27)
FN:359,(anonymous_28)
FN:364,(anonymous_29)
FN:376,(anonymous_30)
FN:379,(anonymous_31)
FN:400,(anonymous_32)
FN:411,(anonymous_33)
FN:420,(anonymous_34)
FNF:34
FNH:0
FNDA:0,(anonymous_1)
FNDA:0,(anonymous_2)
FNDA:0,(anonymous_3)
FNDA:0,(anonymous_4)
FNDA:0,(anonymous_5)
FNDA:0,(anonymous_6)
FNDA:0,(anonymous_7)
FNDA:0,(anonymous_8)
FNDA:0,(anonymous_9)
FNDA:0,(anonymous_10)
FNDA:0,(anonymous_11)
FNDA:0,(anonymous_12)
FNDA:0,(anonymous_13)
FNDA:0,(anonymous_14)
FNDA:0,(anonymous_15)
FNDA:0,(anonymous_16)
FNDA:0,(anonymous_17)
FNDA:0,(anonymous_18)
FNDA:0,(anonymous_19)
FNDA:0,(anonymous_20)
FNDA:0,(anonymous_21)
FNDA:0,(anonymous_22)
FNDA:0,(anonymous_23)
FNDA:0,(anonymous_24)
FNDA:0,(anonymous_25)
FNDA:0,(anonymous_26)
FNDA:0,(anonymous_27)
FNDA:0,(anonymous_28)
FNDA:0,(anonymous_29)
FNDA:0,(anonymous_30)
FNDA:0,(anonymous_31)
FNDA:0,(anonymous_32)
FNDA:0,(anonymous_33)
FNDA:0,(anonymous_34)
DA:1,0
DA:2,0
DA:3,0
DA:4,0
DA:5,0
DA:8,0
DA:30,0
DA:33,0
DA:38,0
DA:40,0
DA:41,0
DA:44,0
DA:49,0
DA:56,0
DA:66,0
DA:77,0
DA:105,0
DA:106,0
DA:114,0
DA:115,0
DA:116,0
DA:117,0
DA:118,0
DA:119,0
DA:120,0
DA:140,0
DA:143,0
DA:148,0
DA:153,0
DA:158,0
DA:159,0
DA:160,0
DA:165,0
DA:169,0
DA:173,0
DA:177,0
DA:181,0
DA:185,0
DA:190,0
DA:197,0
DA:200,0
DA:201,0
DA:202,0
DA:203,0
DA:204,0
DA:207,0
DA:212,0
DA:225,0
DA:226,0
DA:227,0
DA:228,0
DA:230,0
DA:231,0
DA:232,0
DA:233,0
DA:239,0
DA:244,0
DA:255,0
DA:259,0
DA:263,0
DA:267,0
DA:268,0
DA:277,0
DA:284,0
DA:294,0
DA:302,0
DA:309,0
DA:318,0
DA:321,0
DA:322,0
DA:325,0
DA:328,0
DA:337,0
DA:338,0
DA:339,0
DA:340,0
DA:343,0
DA:345,0
DA:348,0
DA:352,0
DA:354,0
DA:359,0
DA:360,0
DA:364,0
DA:365,0
DA:366,0
DA:367,0
DA:370,0
DA:372,0
DA:376,0
DA:377,0
DA:379,0
DA:380,0
DA:381,0
DA:383,0
DA:384,0
DA:392,0
DA:395,0
DA:399,0
DA:401,0
DA:412,0
DA:421,0
DA:433,0
LF:103
LH:0
BRDA:40,0,0,0
BRDA:79,1,0,0
BRDA:79,1,1,0
BRDA:105,2,0,0
BRDA:114,3,0,0
BRDA:114,3,1,0
BRDA:200,4,0,0
BRDA:225,5,0,0
BRDA:227,6,0,0
BRDA:228,7,0,0
BRDA:228,7,1,0
BRDA:230,8,0,0
BRDA:230,8,1,0
BRDA:232,9,0,0
BRDA:232,10,0,0
BRDA:232,10,1,0
BRDA:255,11,0,0
BRDA:255,11,1,0
BRDA:256,12,0,0
BRDA:256,12,1,0
BRDA:267,13,0,0
BRDA:267,14,0,0
BRDA:267,14,1,0
BRDA:270,15,0,0
BRDA:270,15,1,0
BRDA:277,16,0,0
BRDA:277,16,1,0
BRDA:308,17,0,0
BRDA:325,18,0,0
BRDA:325,18,1,0
BRDA:325,18,2,0
BRDA:365,19,0,0
BRDA:365,19,1,0
BRDA:383,20,0,0
BRDA:392,21,0,0
BRDA:392,21,1,0
BRDA:425,22,0,0
BRDA:425,22,1,0
BRF:38
BRH:0
end_of_record
TN:
SF:src/utils/qrCode.ts
FN:7,(anonymous_1)
FN:12,(anonymous_2)
FN:42,(anonymous_3)
FN:62,(anonymous_4)
FNF:4
FNH:0
FNDA:0,(anonymous_1)
FNDA:0,(anonymous_2)
FNDA:0,(anonymous_3)
FNDA:0,(anonymous_4)
DA:1,0
DA:2,0
DA:3,0
DA:4,0
DA:7,0
DA:8,0
DA:12,0
DA:13,0
DA:14,0
DA:16,0
DA:18,0
DA:19,0
DA:20,0
DA:24,0
DA:25,0
DA:34,0
DA:36,0
DA:37,0
DA:42,0
DA:43,0
DA:44,0
DA:54,0
DA:56,0
DA:57,0
DA:62,0
DA:63,0
DA:64,0
DA:73,0
DA:75,0
DA:76,0
LF:30
LH:0
BRDA:18,0,0,0
BRDA:18,0,1,0
BRDA:19,1,0,0
BRF:3
BRH:0
end_of_record
TN:
SF:src/utils/validation.utils.ts
FN:7,(anonymous_1)
FN:11,(anonymous_2)
FN:33,(anonymous_3)
FN:55,(anonymous_4)
FN:66,(anonymous_5)
FN:85,(anonymous_6)
FN:103,(anonymous_7)
FN:119,(anonymous_8)
FN:176,(anonymous_9)
FN:178,(anonymous_10)
FN:228,(anonymous_11)
FN:294,(anonymous_12)
FN:308,(anonymous_13)
FN:325,(anonymous_14)
FN:334,(anonymous_15)
FN:346,(anonymous_16)
FN:352,(anonymous_17)
FN:363,(anonymous_18)
FN:396,(anonymous_19)
FN:406,(anonymous_20)
FN:412,(anonymous_21)
FN:413,(anonymous_22)
FN:452,(anonymous_23)
FN:453,(anonymous_24)
FN:455,(anonymous_25)
FNF:25
FNH:0
FNDA:0,(anonymous_1)
FNDA:0,(anonymous_2)
FNDA:0,(anonymous_3)
FNDA:0,(anonymous_4)
FNDA:0,(anonymous_5)
FNDA:0,(anonymous_6)
FNDA:0,(anonymous_7)
FNDA:0,(anonymous_8)
FNDA:0,(anonymous_9)
FNDA:0,(anonymous_10)
FNDA:0,(anonymous_11)
FNDA:0,(anonymous_12)
FNDA:0,(anonymous_13)
FNDA:0,(anonymous_14)
FNDA:0,(anonymous_15)
FNDA:0,(anonymous_16)
FNDA:0,(anonymous_17)
FNDA:0,(anonymous_18)
FNDA:0,(anonymous_19)
FNDA:0,(anonymous_20)
FNDA:0,(anonymous_21)
FNDA:0,(anonymous_22)
FNDA:0,(anonymous_23)
FNDA:0,(anonymous_24)
FNDA:0,(anonymous_25)
DA:1,0
DA:3,0
DA:4,0
DA:7,0
DA:8,0
DA:10,0
DA:11,0
DA:17,0
DA:27,0
DA:31,0
DA:34,0
DA:37,0
DA:43,0
DA:46,0
DA:49,0
DA:51,0
DA:56,0
DA:58,0
DA:67,0
DA:70,0
DA:73,0
DA:76,0
DA:77,0
DA:78,0
DA:81,0
DA:86,0
DA:88,0
DA:89,0
DA:92,0
DA:93,0
DA:96,0
DA:98,0
DA:104,0
DA:107,0
DA:112,0
DA:123,0
DA:177,0
DA:178,0
DA:179,0
DA:229,0
DA:231,0
DA:232,0
DA:236,0
DA:237,0
DA:241,0
DA:249,0
DA:250,0
DA:253,0
DA:294,0
DA:309,0
DA:310,0
DA:312,0
DA:327,0
DA:328,0
DA:336,0
DA:337,0
DA:344,0
DA:347,0
DA:348,0
DA:353,0
DA:364,0
DA:365,0
DA:368,0
DA:369,0
DA:373,0
DA:374,0
DA:383,0
DA:384,0
DA:385,0
DA:389,0
DA:391,0
DA:397,0
DA:398,0
DA:399,0
DA:401,0
DA:407,0
DA:412,0
DA:413,0
DA:414,0
DA:415,0
DA:418,0
DA:419,0
DA:422,0
DA:423,0
DA:424,0
DA:425,0
DA:426,0
DA:429,0
DA:432,0
DA:436,0
DA:437,0
DA:440,0
DA:441,0
DA:444,0
DA:445,0
DA:448,0
DA:452,0
DA:453,0
DA:455,0
DA:458,0
LF:100
LH:0
BRDA:10,0,0,0
BRDA:12,1,0,0
BRDA:12,1,1,0
BRDA:14,2,0,0
BRDA:14,2,1,0
BRDA:34,3,0,0
BRDA:56,4,0,0
BRDA:67,5,0,0
BRDA:76,6,0,0
BRDA:86,7,0,0
BRDA:92,8,0,0
BRDA:104,9,0,0
BRDA:177,10,0,0
BRDA:179,11,0,0
BRDA:179,11,1,0
BRDA:229,12,0,0
BRDA:229,12,1,0
BRDA:231,13,0,0
BRDA:236,14,0,0
BRDA:249,15,0,0
BRDA:309,16,0,0
BRDA:309,17,0,0
BRDA:309,17,1,0
BRDA:368,18,0,0
BRDA:384,19,0,0
BRDA:384,20,0,0
BRDA:384,20,1,0
BRDA:414,21,0,0
BRDA:418,22,0,0
BRDA:422,23,0,0
BRDA:422,24,0,0
BRDA:422,24,1,0
BRDA:425,25,0,0
BRDA:436,26,0,0
BRDA:440,27,0,0
BRDA:444,28,0,0
BRF:36
BRH:0
end_of_record
TN:
SF:src/utils/database/prisma-optimizations.ts
FN:13,(anonymous_0)
FN:94,(anonymous_1)
FN:143,(anonymous_2)
FN:158,(anonymous_3)
FN:211,(anonymous_4)
FN:258,(anonymous_5)
FN:300,(anonymous_6)
FN:318,(anonymous_7)
FN:371,(anonymous_8)
FN:389,(anonymous_9)
FN:414,(anonymous_10)
FN:463,(anonymous_11)
FN:481,(anonymous_12)
FN:497,(anonymous_13)
FN:544,(anonymous_14)
FN:556,(anonymous_15)
FN:569,(anonymous_16)
FN:574,(anonymous_17)
FN:579,(anonymous_18)
FN:594,(anonymous_19)
FN:615,(anonymous_20)
FN:651,(anonymous_21)
FN:677,(anonymous_22)
FNF:23
FNH:0
FNDA:0,(anonymous_0)
FNDA:0,(anonymous_1)
FNDA:0,(anonymous_2)
FNDA:0,(anonymous_3)
FNDA:0,(anonymous_4)
FNDA:0,(anonymous_5)
FNDA:0,(anonymous_6)
FNDA:0,(anonymous_7)
FNDA:0,(anonymous_8)
FNDA:0,(anonymous_9)
FNDA:0,(anonymous_10)
FNDA:0,(anonymous_11)
FNDA:0,(anonymous_12)
FNDA:0,(anonymous_13)
FNDA:0,(anonymous_14)
FNDA:0,(anonymous_15)
FNDA:0,(anonymous_16)
FNDA:0,(anonymous_17)
FNDA:0,(anonymous_18)
FNDA:0,(anonymous_19)
FNDA:0,(anonymous_20)
FNDA:0,(anonymous_21)
FNDA:0,(anonymous_22)
DA:1,0
DA:2,0
DA:4,0
DA:11,0
DA:13,0
DA:99,0
DA:143,0
DA:156,0
DA:158,0
DA:215,0
DA:256,0
DA:258,0
DA:300,0
DA:316,0
DA:318,0
DA:371,0
DA:387,0
DA:389,0
DA:415,0
DA:416,0
DA:418,0
DA:461,0
DA:463,0
DA:481,0
DA:495,0
DA:501,0
DA:542,0
DA:554,0
DA:556,0
DA:568,0
DA:569,0
DA:573,0
DA:574,0
DA:578,0
DA:580,0
DA:599,0
DA:614,0
DA:619,0
DA:621,0
DA:622,0
DA:623,0
DA:625,0
DA:627,0
DA:628,0
DA:635,0
DA:637,0
DA:638,0
DA:643,0
DA:651,0
DA:652,0
DA:655,0
DA:656,0
DA:657,0
DA:659,0
DA:660,0
DA:668,0
DA:671,0
DA:677,0
DA:678,0
DA:692,0
LF:60
LH:0
BRDA:144,0,0,0
BRDA:144,0,1,0
BRDA:218,1,0,0
BRDA:218,1,1,0
BRDA:274,2,0,0
BRDA:274,2,1,0
BRDA:463,3,0,0
BRDA:512,4,0,0
BRDA:512,4,1,0
BRDA:513,5,0,0
BRDA:513,5,1,0
BRDA:514,6,0,0
BRDA:514,6,1,0
BRDA:585,7,0,0
BRDA:585,7,1,0
BRDA:627,8,0,0
BRDA:655,9,0,0
BRDA:659,10,0,0
BRF:18
BRH:0
end_of_record
TN:
SF:src/utils/database/query-examples.ts
FN:15,badGetProductsWithValidations
FN:30,goodGetProductsWithValidations
FN:46,badGetDashboardData
FN:65,goodGetDashboardData
FN:90,(anonymous_4)
FN:92,(anonymous_5)
FN:100,badGetProductDetails
FN:117,goodGetProductDetails
FN:120,(anonymous_8)
FN:125,badSearchProducts
FN:137,(anonymous_10)
FN:141,goodSearchProducts
FN:168,badCreateValidationWithNotification
FN:190,goodCreateValidationWithNotification
FN:191,(anonymous_14)
FN:215,badGetPaginatedProducts
FN:233,goodGetPaginatedProducts
FN:261,badGetUserPermissions
FN:281,goodGetUserPermissions
FN:312,badExportAllProducts
FN:327,goodExportAllProducts
FN:359,badCalculateMonthlyStats
FN:384,(anonymous_22)
FN:385,(anonymous_23)
FN:386,(anonymous_24)
FN:387,(anonymous_25)
FN:395,goodCalculateMonthlyStats
FNF:27
FNH:0
FNDA:0,badGetProductsWithValidations
FNDA:0,goodGetProductsWithValidations
FNDA:0,badGetDashboardData
FNDA:0,goodGetDashboardData
FNDA:0,(anonymous_4)
FNDA:0,(anonymous_5)
FNDA:0,badGetProductDetails
FNDA:0,goodGetProductDetails
FNDA:0,(anonymous_8)
FNDA:0,badSearchProducts
FNDA:0,(anonymous_10)
FNDA:0,goodSearchProducts
FNDA:0,badCreateValidationWithNotification
FNDA:0,goodCreateValidationWithNotification
FNDA:0,(anonymous_14)
FNDA:0,badGetPaginatedProducts
FNDA:0,goodGetPaginatedProducts
FNDA:0,badGetUserPermissions
FNDA:0,goodGetUserPermissions
FNDA:0,badExportAllProducts
FNDA:0,goodExportAllProducts
FNDA:0,badCalculateMonthlyStats
FNDA:0,(anonymous_22)
FNDA:0,(anonymous_23)
FNDA:0,(anonymous_24)
FNDA:0,(anonymous_25)
FNDA:0,goodCalculateMonthlyStats
DA:1,0
DA:2,0
DA:8,0
DA:17,0
DA:19,0
DA:20,0
DA:23,0
DA:26,0
DA:31,0
DA:47,0
DA:48,0
DA:51,0
DA:57,0
DA:61,0
DA:66,0
DA:89,0
DA:90,0
DA:92,0
DA:101,0
DA:118,0
DA:120,0
DA:127,0
DA:137,0
DA:142,0
DA:169,0
DA:170,0
DA:173,0
DA:182,0
DA:185,0
DA:191,0
DA:192,0
DA:194,0
DA:205,0
DA:210,0
DA:216,0
DA:220,0
DA:221,0
DA:222,0
DA:224,0
DA:234,0
DA:251,0
DA:263,0
DA:274,0
DA:278,0
DA:279,0
DA:282,0
DA:283,0
DA:285,0
DA:286,0
DA:289,0
DA:305,0
DA:306,0
DA:308,0
DA:314,0
DA:323,0
DA:328,0
DA:331,0
DA:332,0
DA:348,0
DA:350,0
DA:352,0
DA:354,0
DA:360,0
DA:361,0
DA:363,0
DA:382,0
DA:384,0
DA:385,0
DA:387,0
DA:391,0
DA:396,0
DA:397,0
DA:399,0
DA:437,0
DA:445,0
LF:75
LH:0
BRDA:94,0,0,0
BRDA:94,0,1,0
BRDA:274,1,0,0
BRDA:274,1,1,0
BRDA:285,2,0,0
BRDA:285,3,0,0
BRDA:285,3,1,0
BRDA:305,4,0,0
BRDA:305,4,1,0
BRDA:335,5,0,0
BRDA:335,5,1,0
BRDA:336,6,0,0
BRDA:336,6,1,0
BRDA:348,7,0,0
BRDA:354,8,0,0
BRDA:440,9,0,0
BRDA:440,9,1,0
BRF:17
BRH:0
end_of_record
